=~=~=~=~=~=~=~=~=~=~=~= PuTTY log 2024.04.12 10:40:53 =~=~=~=~=~=~=~=~=~=~=~=
-0.41 9768 190633
-0.01 190735
-0.01 190836
-0.01 190937
-0.01 191038

-0.01 190230
-0.01 190330
-0.01 190432
-0.01 190533
-0.00 190633
-0.01 190735
-0.01 190836
-0.01 190937
-0.01 191038
SEEING EYE FORCE DATA COLLECION
Scale setup in 5 seconds
Setting up scale...
READINGS, KGs:
0.00 6300
0.00 6402
0.00 6502
0.00 6603
-0.00 6704
-0.00 6805
-0.00 6905
-0.00 7007
-0.00 7108
-0.00 7208
-0.00 7310
0.00 7410
0.01 7512
0.01 7612
0.01 7713
0.00 7815
0.01 7915
0.02 8016
0.01 8117
0.03 8218
0.04 8318
0.00 8420
0.01 8520
0.02 8622
0.01 8723
-0.01 8823
-0.04 8925
-0.07 9025
-0.09 9126
-0.07 9227
-0.06 9328
-0.06 9430
-0.06 9530
-0.08 9631
-0.09 9732
-0.10 9833
-0.11 9933
-0.11 10035
-0.10 10136
-0.09 10236
-0.08 10338
-0.06 10438
-0.05 10540
0.03 10641
0.09 10741
0.27 10843
0.34 10943
0.30 11044
0.23 11146
0.13 11246
0.05 11347
0.02 11448
0.09 11549
0.15 11651
0.20 11751
0.20 11852
0.10 11953
0.02 12054
0.02 12155
0.03 12256
0.01 12357
0.01 12457
0.03 12559
0.05 12660
0.09 12761
0.11 12862
0.12 12963
0.14 13064
0.15 13165
0.29 13265
0.38 13367
0.44 13468
0.46 13569
0.45 13670
0.42 13770
0.38 13872
0.33 13973
0.33 14073
0.35 14175
0.34 14275
0.31 14376
0.29 14478
0.26 14578
0.24 14680
0.24 14781
0.27 14881
0.30 14983
0.30 15083
0.28 15184
0.24 15286
0.23 15386
0.24 15488
0.21 15588
0.20 15689
0.17 15791
0.18 15891
0.19 15992
0.20 16093
0.19 16194
0.17 16295
0.17 16396
0.17 16497
0.17 16599
0.15 16699
0.15 16800
0.16 16901
0.17 17002
0.16 17103
0.14 17204
0.13 17305
0.12 17405
0.12 17507
0.11 17608
0.10 17709
0.11 17810
0.12 17910
0.13 18012
0.15 18113
0.16 18213
0.16 18315
0.16 18416
0.17 18516
0.18 18618
0.20 18718
0.23 18820
0.25 18921
0.27 19021
0.29 19123
0.30 19223
0.30 19324
0.27 19426
0.23 19526
0.20 19628
0.17 19728
0.16 19829
0.15 19931
0.16 20031
0.15 20132
0.18 20234
0.19 20334
0.19 20435
0.19 20536
0.19 20637
0.18 20739
0.15 20839
0.09 20940
0.01 21041
0.01 21142
-0.01 21243
-0.02 21344
-0.03 21445
-0.03 21545
-0.03 21647
-0.03 21748
-0.03 21849
-0.04 21950
-0.04 22050
-0.05 22152
-0.05 22253
-0.04 22353
-0.04 22455
-0.04 22556
-0.04 22657
-0.04 22758
-0.04 22858
-0.04 22960
-0.04 23061
-0.04 23161
-0.05 23263
-0.04 23363
-0.04 23464
-0.02 23566
-0.00 23666
0.03 23768
0.08 23868
0.15 23969
0.24 24071
0.35 24171
0.43 24272
0.43 24373
0.33 24474
0.33 24576
0.36 24676
0.32 24777
0.33 24879
0.35 24979
0.32 25080
0.30 25181
0.29 25282
0.29 25383
0.33 25484
0.30 25585
0.32 25686
0.31 25787
0.29 25888
0.30 25989
0.33 26090
0.41 26190
0.44 26292
0.46 26393
0.47 26493
0.48 26595
0.49 26696
0.49 26797
0.51 26898
0.51 26998
0.51 27100
0.49 27201
0.47 27301
0.46 27403
0.45 27503
0.46 27604
0.48 27706
0.49 27806
0.47 27908
0.45 28008
0.44 28109
0.42 28211
0.41 28311
0.40 28412
0.39 28514
0.37 28614
0.36 28716
0.35 28816
0.35 28917
0.35 29019
0.35 29119
0.35 29220
0.35 29321
0.35 29422
0.35 29523
0.36 29624
0.35 29725
0.36 29826
0.36 29927
0.37 30028
0.38 30129
0.39 30230
0.39 30331
0.39 30432
0.39 30533
0.38 30633
0.36 30735
0.35 30836
0.34 30937
0.34 31038
0.33 31138
0.32 31240
0.33 31341
0.34 31441
0.36 31543
0.37 31643
0.38 31745
0.38 31846
0.38 31946
0.39 32048
0.39 32149
0.39 32249
0.38 32351
0.39 32451
0.38 32552
0.37 32654
0.37 32754
0.37 32856
0.38 32956
0.37 33057
0.37 33159
0.37 33259
0.38 33360
0.39 33461
0.40 33562
0.40 33664
0.40 33764
0.40 33865
0.41 33967
0.42 34067
0.42 34168
0.42 34269
0.42 34370
0.41 34471
0.39 34572
0.38 34673
0.38 34774
0.36 34875
0.35 34976
0.35 35077
0.35 35178
0.35 35278
0.37 35380
0.45 35481
0.67 35581
2.21 35683
2.88 35784
2.57 35885
1.74 35986
1.15 36086
0.98 36188
0.99 36289
1.04 36389
0.83 36491
0.43 36591
0.64 36692
2.10 36794
6.45 36894
9.79 36996
7.53 37097
2.94 37197
0.77 37299
0.15 37399
0.12 37500
0.10 37602
0.11 37702
0.19 37804
0.29 37904
0.36 38005
0.38 38107
0.48 38207
0.84 38308
1.41 38409
3.07 38510
7.01 38611
9.40 38712
6.66 38813
2.71 38915
0.81 39015
0.21 39116
0.10 39217
0.01 39318
0.00 39419
0.00 39520
-0.01 39621
0.01 39721
0.04 39823
0.11 39924
0.34 40025
0.73 40126
2.35 40226
6.25 40328
9.63 40429
8.08 40529
3.76 40631
1.09 40732
0.28 40833
0.17 40934
0.15 41034
0.20 41136
0.30 41237
0.33 41337
0.28 41439
0.18 41539
0.14 41640
0.23 41742
0.26 41842
0.26 41944
0.30 42044
0.25 42145
0.29 42247
0.75 42347
3.07 42448
10.34 42550
7.66 42650
4.21 42752
2.14 42852
0.91 42953
0.26 43055
0.13 43155
0.12 43256
0.23 43357
0.17 43458
0.20 43559
0.26 43660
0.34 43761
0.33 43863
0.46 43963
0.90 44064
2.65 44165
6.14 44266
6.30 44367
4.49 44468
2.18 44569
0.82 44669
0.31 44771
0.11 44872
0.05 44973
0.03 45074
0.08 45174
0.09 45276
0.06 45377
0.06 45477
0.04 45579
0.04 45680
0.10 45780
0.26 45882
0.41 45982
3.31 46084
8.54 46185
10.64 46285
6.61 46387
2.37 46487
0.73 46588
0.27 46690
0.07 46790
-0.02 46892
-0.04 46993
-0.03 47093
-0.02 47195
0.02 47295
0.11 47396
0.18 47498
0.18 47598
0.16 47699
0.64 47800
3.01 47901
7.32 48003
9.05 48103
7.45 48204
4.56 48305
2.09 48406
0.84 48507
0.09 48608
0.09 48709
0.12 48811
0.10 48911
0.13 49012
0.21 49113
0.25 49214
0.36 49315
0.55 49416
1.48 49517
3.93 49617
7.58 49719
8.79 49820
7.18 49921
3.66 50022
1.17 50123
0.48 50224
0.09 50325
0.07 50425
0.04 50527
0.02 50628
0.06 50728
0.13 50830
0.12 50930
0.06 51032
0.04 51133
0.51 51233
2.40 51335
6.09 51435
9.83 51536
9.08 51638
4.35 51738
1.34 51840
0.52 51941
0.13 52041
0.14 52143
0.15 52243
0.13 52344
0.19 52446
0.33 52546
0.45 52647
0.43 52748
0.28 52849
0.22 52951
0.14 53051
0.09 53152
0.09 53253
0.11 53354
0.20 53455
0.32 53556
0.41 53657
0.51 53757
0.30 53859
0.23 53960
0.21 54061
0.26 54162
0.35 54263
0.33 54364
0.29 54465
0.25 54565
0.10 54667
0.11 54768
0.15 54868
0.16 54970
0.14 55070
0.18 55172
0.18 55273
0.11 55373
0.14 55475
0.45 55575
0.47 55676
0.46 55778
0.82 55878
2.17 55980
4.01 56081
4.74 56181
4.14 56283
1.18 56383
0.63 56484
0.42 56586
0.20 56686
0.04 56787
0.01 56888
0.01 56989
-0.01 57091
-0.03 57191
0.03 57292
0.08 57394
0.10 57494
0.13 57595
0.39 57696
0.98 57797
2.10 57899
2.63 57999
1.88 58100
1.57 58201
1.35 58302
1.12 58403
0.96 58504
0.89 58605
0.81 58706
0.74 58807
0.70 58908
0.68 59009
0.76 59110
0.70 59211
0.63 59312
0.65 59413
0.65 59513
0.57 59615
0.47 59716
0.40 59816
0.32 59918
0.28 60018
0.27 60120
0.27 60221
0.28 60321
0.26 60423
0.25 60524
0.27 60624
0.25 60726
0.18 60826
0.19 60928
0.24 61029
0.18 61129
0.09 61231
0.10 61331
0.13 61432
0.24 61534
0.58 61634
1.40 61735
2.09 61836
1.97 61937
1.65 62039
1.49 62139
1.21 62240
0.85 62342
0.76 62442
1.08 62543
1.77 62644
2.21 62745
1.97 62846
1.29 62947
0.86 63048
0.74 63149
0.63 63250
0.64 63351
0.60 63452
0.52 63553
0.51 63654
0.47 63755
0.38 63856
0.33 63956
0.27 64058
0.13 64159
0.13 64260
0.11 64361
0.06 64461
0.02 64563
0.03 64664
0.04 64764
0.03 64866
0.02 64966
0.04 65068
0.03 65169
0.01 65269
0.00 65371
0.02 65471
0.03 65572
0.01 65674
-0.01 65774
0.01 65875
0.01 65977
0.00 66077
-0.00 66179
0.01 66279
0.03 66380
0.03 66482
0.02 66582
0.02 66683
-0.01 66784
-0.01 66885
0.02 66987
0.04 67087
0.09 67188
0.12 67289
0.14 67390
0.16 67491
0.21 67592
0.22 67693
0.21 67793
0.21 67895
0.21 67996
0.22 68097
0.23 68198
0.25 68298
0.27 68400
0.26 68501
0.27 68601
0.30 68703
0.35 68804
0.32 68904
0.28 69006
0.28 69106
0.27 69208
0.30 69309
0.28 69409
0.28 69511
0.29 69611
0.34 69712
0.42 69814
0.45 69914
0.51 70016
0.62 70117
0.67 70217
0.64 70319
0.68 70419
0.71 70520
0.70 70622
0.68 70722
0.67 70823
0.67 70924
0.71 71025
0.75 71127
0.69 71227
0.68 71328
0.71 71429
0.73 71530
0.73 71631
0.78 71732
0.85 71833
0.99 71934
0.94 72035
0.79 72136
0.73 72237
0.75 72338
0.77 72439
0.79 72540
0.81 72641
0.80 72741
0.74 72843
0.70 72944
0.62 73044
0.54 73146
0.49 73247
0.45 73348
0.42 73449
0.40 73549
0.38 73651
0.44 73752
0.51 73852
0.51 73954
0.54 74054
0.57 74156
0.60 74257
0.61 74357
0.63 74459
0.65 74560
0.64 74660
0.63 74762
0.62 74862
0.66 74963
0.73 75065
0.84 75165
0.98 75267
1.56 75367
1.43 75468
1.09 75570
1.04 75670
1.06 75771
0.81 75872
0.50 75973
0.33 76075
0.29 76175
0.22 76276
0.15 76378
0.13 76478
0.10 76579
0.08 76680
0.07 76781
0.09 76882
0.11 76983
0.12 77084
0.13 77185
0.13 77286
0.12 77387
0.06 77488
0.03 77589
0.05 77689
0.06 77791
0.05 77892
0.08 77992
0.12 78094
0.12 78194
0.13 78296
0.14 78397
0.13 78497
0.12 78599
0.11 78700
0.07 78800
0.02 78902
0.01 79002
0.01 79104
0.02 79205
0.04 79305
0.05 79407
0.05 79507
0.06 79608
0.13 79710
0.15 79810
0.16 79911
0.17 80012
0.18 80113
0.19 80215
0.20 80315
0.19 80416
0.18 80517
0.16 80618
0.17 80719
0.17 80820
0.16 80921
0.16 81022
0.16 81123
0.16 81224
0.16 81325
0.15 81426
0.15 81527
0.13 81628
0.11 81729
0.10 81829
0.10 81931
0.11 82032
0.10 82132
0.09 82234
0.09 82334
0.09 82436
0.09 82537
0.11 82637
0.12 82739
0.12 82840
0.12 82940
0.13 83042
0.14 83142
0.14 83244
0.14 83345
0.13 83445
0.13 83547
0.13 83647
0.12 83748
0.13 83850
0.13 83950
0.12 84051
0.10 84152
0.06 84253
0.07 84355
0.06 84455
0.03 84556
0.01 84657
-0.03 84758
-0.03 84859
-0.03 84960
-0.03 85061
-0.04 85163
-0.04 85263
-0.04 85364
-0.05 85465
-0.05 85566
-0.04 85667
-0.04 85768
-0.04 85869
-0.05 85969
-0.05 86071
-0.04 86172
-0.04 86273
-0.04 86374
-0.04 86474
-0.03 86576
-0.03 86677
-0.03 86777
-0.04 86879
-0.03 86979
-0.03 87080
-0.04 87182
-0.04 87282
-0.04 87384
-0.04 87485
-0.04 87585
-0.04 87687
-0.04 87787
-0.04 87888
-0.04 87990
-