=~=~=~=~=~=~=~=~=~=~=~= PuTTY log 2024.04.12 10:33:59 =~=~=~=~=~=~=~=~=~=~=~=
SEEING EYE FORCE DATA COLLECION
Scale setup in 5 seconds
Setting up scale...
READINGS, KGs:
0.00 6300
0.00 6402
0.00 6502
0.00 6603
0.00 6704
0.00 6805
0.00 6906
0.00 7007
0.00 7108
0.00 7208
0.00 7310
-0.00 7410
-0.00 7512
-0.00 7613
-0.00 7713
-0.00 7815
0.00 7915
0.00 8016
0.01 8117
0.01 8218
0.01 8318
0.00 8420
-0.01 8521
-0.02 8622
-0.01 8723
0.00 8823
0.01 8925
-0.01 9025
-0.02 9126
-0.04 9228
-0.08 9328
-0.11 9430
-0.15 9530
-0.12 9631
-0.10 9732
-0.10 9833
-0.17 9934
-0.23 10035
-0.24 10136
-0.21 10236
-0.15 10338
-0.04 10439
-0.01 10540
0.09 10641
0.11 10741
0.11 10843
0.08 10944
0.05 11044
0.03 11146
0.01 11246
0.02 11347
-0.00 11449
-0.01 11549
0.01 11651
0.02 11751
0.02 11852
0.02 11954
0.02 12054
0.02 12155
0.02 12256
0.02 12357
0.02 12459
0.02 12559
0.01 12660
0.01 12761
0.02 12862
0.02 12963
0.01 13064
0.01 13165
0.00 13265
0.01 13367
0.01 13468
0.01 13569
0.01 13670
0.02 13770
0.02 13872
0.02 13973
0.02 14073
0.01 14175
0.01 14276
-0.00 14376
-0.00 14478
-0.01 14578
-0.01 14680
-0.01 14781
-0.01 14881
-0.02 14983
-0.02 15083
-0.01 15184
-0.01 15286
-0.00 15386
0.00 15488
0.00 15588
0.01 15689
0.01 15791
0.01 15891
0.02 15992
0.03 16093
0.02 16194
0.01 16295
0.02 16396
0.01 16497
0.01 16598
0.02 16699
0.03 16800
0.04 16901
0.04 17002
0.04 17102
0.04 17204
0.04 17305
0.03 17405
0.04 17507
0.04 17607
0.05 17709
0.04 17810
0.04 17910
0.04 18012
0.04 18112
0.03 18213
0.03 18315
0.03 18415
0.03 18516
0.03 18618
0.03 18718
0.03 18820
0.03 18920
0.03 19021
0.03 19123
0.02 19223
0.02 19324
0.02 19425
0.03 19526
0.03 19628
0.03 19728
0.04 19829
0.04 19930
0.03 20031
0.04 20132
0.03 20233
0.03 20334
0.01 20434
-0.02 20536
-0.10 20637
-0.17 20738
-0.13 20839
-0.13 20939
-0.04 21041
0.00 21142
-0.00 21242
0.01 21344
0.02 21444
0.04 21545
0.05 21647
0.06 21747
0.06 21849
0.04 21949
0.04 22050
0.07 22152
0.08 22252
0.06 22353
0.04 22454
0.03 22555
0.04 22657
0.06 22757
0.04 22858
0.01 22960
0.02 23060
0.02 23161
0.03 23262
0.05 23363
0.04 23464
0.01 23565
0.02 23666
0.04 23767
0.06 23868
0.03 23969
0.03 24070
0.04 24171
0.05 24271
0.07 24373
0.05 24474
0.03 24574
0.02 24676
0.03 24776
0.04 24878
0.05 24979
0.04 25079
0.04 25181
0.04 25281
0.06 25382
0.06 25484
0.04 25584
0.04 25686
0.03 25786
0.03 25887
0.04 25989
0.05 26089
0.05 26190
0.05 26291
0.05 26392
0.05 26493
0.05 26594
0.05 26695
0.04 26796
0.05 26897
0.05 26998
0.03 27099
0.03 27200
0.02 27300
0.01 27402
-0.00 27503
-0.02 27603
-0.03 27705
-0.04 27806
-0.04 27907
-0.05 28008
-0.06 28108
-0.07 28210
-0.10 28311
-0.10 28411
-0.10 28513
-0.09 28613
-0.06 28715
-0.04 28816
-0.02 28916
-0.00 29018
0.00 29118
0.01 29219
0.01 29321
0.01 29421
0.01 29522
-0.00 29623
0.00 29724
0.01 29826
-0.01 29926
-0.02 30027
-0.05 30129
-0.08 30229
-0.11 30330
-0.13 30431
-0.14 30532
-0.12 30633
-0.13 30734
-0.15 30835
-0.18 30936
-0.19 31037
-0.18 31138
-0.18 31239
-0.19 31340
-0.17 31441
-0.18 31542
-0.18 31643
-0.19 31744
-0.21 31845
-0.22 31946
-0.25 32047
-0.27 32148
-0.29 32248
-0.31 32350
-0.32 32451
-0.33 32551
-0.33 32653
-0.33 32754
-0.33 32855
-0.32 32956
-0.32 33056
-0.34 33158
-0.35 33259
-0.38 33359
-0.38 33461
-0.34 33562
-0.30 33662
-0.29 33764
-0.30 33864
-0.29 33966
-0.29 34067
-0.29 34167
-0.28 34269
-0.27 34369
-0.27 34470
-0.26 34572
-0.25 34672
-0.24 34774
-0.23 34875
-0.23 34975
-0.22 35077
-0.22 35177
-0.21 35278
-0.22 35380
-0.22 35480
-0.22 35581
-0.23 35682
-0.23 35783
-0.22 35885
-0.23 35985
-0.23 36086
-0.23 36188
-0.25 36288
-0.25 36389
-0.26 36490
-0.26 36591
-0.25 36692
-0.25 36793
-0.25 36894
-0.24 36995
-0.25 37096
-0.24 37197
-0.23 37298
-0.22 37399
-0.21 37500
-0.21 37601
-0.20 37702
-0.19 37803
-0.19 37904
-0.18 38005
-0.17 38106
-0.17 38207
-0.18 38308
-0.17 38409
-0.16 38510
-0.16 38610
-0.16 38712
-0.15 38813
-0.15 38914
-0.15 39015
-0.14 39115
-0.14 39217
-0.14 39318
-0.13 39418
-0.13 39520
-0.13 39621
-0.13 39721
-0.13 39823
-0.16 39923
-0.52 40025
-0.91 40126
-1.24 40226
-1.29 40328
-1.06 40429
-1.10 40529
-1.40 40631
-1.82 40731
-1.57 40833
-0.62 40934
-0.62 41034
-0.61 41136
-0.47 41237
-0.39 41337
-0.48 41439
-0.88 41539
-1.60 41640
-6.14 41742
-6.98 41842
-5.36 41944
-2.58 42045
-0.85 42145
-0.39 42247
-0.19 42347
-0.05 42448
-0.09 42550
-0.12 42650
-0.29 42752
-0.50 42852
-0.63 42953
-0.59 43055
-0.42 43155
-0.32 43256
-0.41 43358
-0.42 43458
-0.38 43559
-0.29 43660
-0.33 43761
-0.32 43863
-0.54 43963
-1.65 44064
-3.89 44165
-6.56 44266
-5.03 44367
-3.00 44468
-2.23 44569
-1.62 44670
-0.88 44771
-0.58 44872
-0.60 44973
-0.71 45074
-1.08 45175
-1.28 45276
-1.18 45377
-0.94 45478
-0.83 45579
-0.82 45680
-0.76 45780
-0.65 45882
-0.64 45983
-1.76 46084
-3.27 46185
-6.36 46286
-7.94 46387
-5.35 46488
-2.42 46588
-1.00 46690
-0.46 46791
-0.40 46892
-0.79 46993
-1.26 47094
-1.10 47195
-0.67 47296
-0.33 47396
-0.17 47498
-0.11 47599
-0.09 47699
-0.21 47801
-0.59 47902
-1.50 48003
-3.36 48104
-6.02 48204
-6.99 48306
-5.49 48407
-2.63 48507
-0.70 48609
-0.17 48710
-0.17 48811
-0.26 48912
-0.32 49012
-0.36 49114
-0.37 49215
-0.44 49315
-0.53 49417
-0.49 49518
-0.63 49618
-0.46 49720
-0.34 49820
-0.43 49922
-0.87 50023
-1.56 50123
-2.52 50225
-4.13 50325
-4.28 50426
-2.89 50528
-1.50 50628
-0.82 50729
-0.61 50831
-0.46 50931
-0.34 51033
-0.23 51133
-0.26 51234
-0.29 51336
-0.26 51436
-0.42 51537
-0.89 51639
-1.88 51739
-4.04 51841
-6.76 51941
-7.40 52042
-2.61 52144
-1.20 52244
-0.55 52345
-0.21 52447
-0.13 52547
-0.18 52648
-0.25 52749
-0.26 52850
-0.09 52952
-0.07 53052
-0.08 53153
-0.39 53254
-1.81 53355
-4.42 53456
-7.39 53557
-8.43 53658
-4.77 53760
-0.99 53860
-0.94 53961
-0.80 54062
-0.61 54163
-0.45 54264
-0.46 54365
-0.54 54466
-0.65 54567
-0.57 54668
-0.44 54769
-0.44 54870
-0.89 54971
-2.55 55072
-5.28 55173
-7.14 55274
-6.49 55375
-3.96 55476
-1.34 55577
-0.99 55677
-0.71 55779
-0.53 55880
-0.55 55981
-0.69 56082
-0.63 56183
-0.55 56284
-0.46 56385
-0.53 56485
-0.36 56587
-0.18 56688
-0.14 56788
-0.42 56890
-1.47 56990
-3.65 57092
-7.03 57193
-6.44 57293
-2.31 57395
-0.69 57496
-0.29 57596
-0.15 57698
-0.12 57798
-0.12 57900
-0.16 58001
-0.25 58101
-0.33 58203
-0.31 58304
-0.18 58404
-0.19 58506
-0.17 58606
-0.12 58707
-0.23 58809
-0.30 58909
-0.22 59011
-0.26 59112
-0.44 59212
-1.10 59314
-1.74 59414
-1.98 59515
-2.02 59617
-2.09 59717
-2.02 59819
-2.35 59920
-2.48 60020
-2.53 60122
-2.49 60222
-2.39 60323
-2.09 60425
-2.10 60525
-2.56 60626
-2.64 60728
-3.11 60828
-4.50 60930
-5.69 61030
-6.12 61131
-6.47 61233
-6.56 61333
-6.49 61434
-6.31 61536
-5.98 61636
-5.34 61737
-4.71 61838
-4.32 61939
-3.83 62041
-3.22 62141
-2.82 62242
-2.70 62344
-2.79 62444
-2.79 62545
-2.68 62646
-2.61 62747
-2.74 62849
-3.00 62949
-2.97 63050
-2.99 63152
-3.25 63252
-3.36 63353
-3.15 63454
-2.79 63555
-