=~=~=~=~=~=~=~=~=~=~=~= PuTTY log 2024.05.02 09:47:06 =~=~=~=~=~=~=~=~=~=~=~=
-0.35 58755
158705
0.01 158807
0.01 158907
0.01 159008
0.01 159110
0.01 159210
0.01 159311
01 158402
0.01 158503
0.01 158604
0.01 158705
0.01 158807
0.01 158907
0.01 159008
0.01 159110
0.01 159210
0.01 159311
SEEING EYE FORCE DATA COLLECION
Scale setup in 5 seconds
Setting up scale...
READINGS, KGs:
-0.00 5814
-0.00 5914
-0.00 6016
-0.00 6116
-0.00 6217
-0.00 6319
-0.00 6419
-0.00 6520
-0.00 6621
-0.00 6722
0.00 6822
0.00 6924
0.00 7024
-0.00 7126
-0.00 7227
-0.00 7327
0.00 7429
-0.00 7529
0.00 7630
0.00 7731
-0.00 7832
-0.00 7933
-0.00 8034
0.02 8135
0.01 8236
-0.09 8337
-0.10 8437
-0.09 8539
-0.06 8639
-0.03 8740
-0.04 8842
-0.04 8942
-0.01 9043
0.09 9144
0.15 9245
0.22 9346
0.22 9447
0.23 9548
0.13 9649
-0.03 9750
-0.08 9850
-0.08 9952
-0.02 10052
-0.01 10153
-0.02 10255
-0.00 10355
0.01 10457
0.06 10557
0.07 10658
0.06 10760
0.08 10860
0.14 10961
0.18 11062
0.17 11163
0.18 11265
0.17 11365
0.15 11466
0.17 11567
0.13 11668
0.12 11769
0.13 11870
0.15 11971
0.15 12072
0.13 12173
0.13 12274
0.12 12375
0.12 12476
0.15 12577
0.16 12678
0.15 12779
0.15 12879
0.14 12981
0.14 13082
0.14 13182
0.16 13284
0.22 13384
0.25 13486
0.26 13587
0.29 13687
0.34 13789
0.39 13890
0.43 13990
0.43 14092
0.49 14192
0.53 14294
0.57 14395
0.56 14495
0.57 14597
0.54 14697
0.51 14798
0.49 14900
0.41 15000
0.38 15101
0.36 15202
0.33 15303
0.31 15405
0.29 15505
0.27 15606
0.25 15708
0.26 15808
0.26 15909
0.25 16010
0.24 16111
0.24 16212
0.24 16313
0.24 16414
0.24 16515
0.25 16616
0.25 16717
0.25 16818
0.26 16919
0.26 17019
0.25 17121
0.24 17222
0.23 17323
0.21 17424
0.15 17525
0.13 17626
0.10 17727
0.08 17827
0.06 17929
0.05 18030
0.04 18130
0.02 18232
0.01 18332
0.01 18434
0.02 18535
0.02 18635
0.01 18737
0.01 18837
0.00 18938
0.01 19040
0.07 19140
0.09 19241
0.10 19342
0.11 19443
0.14 19545
0.15 19645
0.14 19746
0.12 19847
0.11 19948
0.12 20049
0.13 20150
0.14 20251
0.14 20353
0.16 20453
0.19 20554
0.22 20655
0.20 20756
0.20 20857
0.18 20958
0.16 21059
0.17 21159
0.20 21261
0.20 21362
0.20 21463
0.18 21564
0.18 21664
0.19 21766
0.22 21867
0.23 21967
0.24 22069
0.24 22169
0.24 22270
0.29 22372
0.30 22472
0.30 22574
0.30 22675
0.32 22775
0.33 22877
0.33 22977
0.33 23078
0.32 23180
0.29 23280
0.29 23382
0.28 23482
0.28 23583
0.29 23685
0.31 23785
0.33 23886
0.34 23987
0.37 24088
0.38 24189
0.38 24290
0.38 24391
0.38 24493
0.38 24593
0.37 24694
0.37 24795
0.34 24896
0.32 24997
0.32 25098
0.31 25199
0.30 25299
0.29 25401
0.29 25502
0.29 25603
0.28 25704
0.27 25804
0.27 25906
0.26 26007
0.24 26107
0.24 26209
0.23 26310
0.21 26411
0.21 26512
0.19 26612
0.18 26714
0.17 26815
0.17 26915
0.16 27017
0.15 27117
0.15 27218
0.16 27320
0.17 27420
0.18 27522
0.18 27622
0.18 27723
0.18 27825
0.18 27925
0.18 28026
0.18 28127
0.18 28228
0.17 28329
0.16 28430
0.15 28531
0.15 28633
0.15 28733
0.15 28834
0.15 28935
0.14 29036
0.14 29137
0.14 29238
0.13 29339
0.13 29440
0.14 29541
0.13 29642
0.13 29743
0.13 29844
0.13 29944
0.13 30046
0.13 30147
0.13 30247
0.13 30349
0.13 30450
0.13 30551
0.13 30652
0.12 30752
0.13 30854
0.13 30955
0.13 31055
0.13 31157
0.13 31257
0.13 31358
0.13 31460
0.13 31560
0.13 31662
0.13 31763
0.12 31863
0.12 31965
0.13 32065
0.19 32166
0.38 32268
0.95 32368
1.03 32470
0.72 32570
0.35 32671
0.23 32773
0.19 32873
0.17 32974
0.14 33075
0.05 33176
0.02 33277
0.01 33378
0.01 33479
-0.00 33580
0.00 33681
-0.01 33782
-0.02 33883
-0.00 33984
0.06 34085
0.17 34186
0.79 34287
1.88 34387
2.76 34489
3.37 34590
3.34 34691
2.79 34792
1.71 34892
1.17 34994
0.86 35095
0.63 35195
0.47 35297
0.32 35398
0.19 35499
0.20 35600
0.34 35700
0.39 35802
0.39 35903
0.40 36003
0.39 36105
0.52 36205
0.89 36306
1.65 36408
2.78 36508
3.05 36610
2.92 36710
2.74 36811
2.54 36913
2.27 37013
2.01 37114
1.61 37216
1.07 37316
0.35 37417
0.14 37518
0.11 37619
0.14 37721
0.19 37821
0.20 37922
0.16 38023
0.21 38124
0.41 38225
1.05 38326
2.80 38427
5.27 38529
6.97 38629
6.76 38730
5.62 38831
4.66 38932
3.42 39033
3.00 39134
2.16 39235
1.47 39335
1.14 39437
0.84 39538
0.49 39639
0.25 39740
0.12 39841
0.07 39942
0.01 40043
-0.02 40143
-0.03 40245
-0.02 40346
-0.02 40446
0.01 40548
0.05 40648
0.06 40750
0.07 40851
0.12 40951
0.32 41053
0.78 41153
1.78 41254
2.99 41356
3.62 41456
4.22 41558
4.50 41659
4.34 41759
3.57 41861
2.45 41961
1.57 42062
0.98 42164
0.61 42264
0.33 42365
0.35 42466
0.45 42567
0.42 42669
0.38 42769
0.39 42870
0.47 42971
0.66 43072
1.67 43173
2.67 43274
3.03 43375
3.16 43476
3.22 43577
3.07 43678
3.17 43779
3.08 43880
1.68 43981
1.11 44082
0.69 44183
0.40 44283
0.23 44385
0.14 44486
0.18 44587
0.22 44688
0.23 44789
0.53 44890
1.18 44991
3.06 45091
5.42 45193
6.23 45294
6.14 45394
5.90 45496
5.36 45596
2.08 45698
1.00 45799
0.51 45899
0.28 46001
0.25 46101
0.27 46202
0.28 46304
0.21 46404
0.06 46505
0.06 46607
0.05 46707
0.03 46809
0.01 46909
-0.01 47010
-0.03 47112
-0.04 47212
-0.01 47313
0.02 47414
0.07 47515
0.10 47617
0.14 47717
0.12 47818
0.09 47919
0.08 48020
0.15 48121
0.16 48222
0.15 48323
0.15 48423
0.10 48525
0.07 48626
0.06 48727
0.07 48828
0.10 48929
0.08 49030
0.09 49131
0.08 49231
0.04 49333
0.02 49434
0.03 49534
0.05 49636
0.09 49736
0.11 49838
0.13 49939
0.12 50039
0.09 50141
0.08 50241
0.07 50342
0.07 50444
0.07 50544
0.12 50646
0.17 50746
0.11 50847
0.09 50949
0.07 51049
0.05 51150
0.06 51251
0.05 51352
0.09 51453
0.09 51554
0.07 51655
0.08 51756
0.09 51857
0.10 51958
0.11 52059
0.08 52160
0.08 52261
0.15 52362
0.21 52463
0.27 52563
0.26 52665
0.26 52766
0.24 52867
0.16 52968
0.09 53068
0.03 53170
0.01 53271
-0.03 53371
-0.05 53473
-0.05 53573
-0.06 53675
-0.10 53776
-0.11 53876
-0.11 53978
-0.12 54079
-0.11 54179
-0.11 54281
-0.12 54381
-0.15 54482
-0.17 54584
-0.19 54684
-0.21 54786
-0.38 54886
-0.52 54987
-0.46 55089
-0.37 55189
-0.38 55290
-0.40 55392
-0.40 55492
-