=~=~=~=~=~=~=~=~=~=~=~= PuTTY log 2024.05.02 09:54:47 =~=~=~=~=~=~=~=~=~=~=~=
0.04 59968
55420
-0.00 155522
-0.00 155622
-0.00 155723
-0.00 155825
-0.00 155925
-0.00 156026
-0.00 156128
8
0.00 155319
-0.00 155420
-0.00 155522
-0.00 155622
-0.00 155723
-0.00 155825
-0.00 155925
-0.00 156026
-0.00 156128
SEEING EYE FORCE DATA COLLECION
Scale setup in 5 seconds
Setting up scale...
READINGS, KGs:
-0.00 5866
-0.00 5966
-0.00 6068
-0.00 6168
-0.00 6269
-0.00 6371
-0.00 6471
-0.00 6573
-0.00 6673
-0.00 6774
-0.00 6875
-0.00 6976
-0.00 7076
-0.00 7178
-0.00 7279
-0.00 7379
-0.00 7481
-0.00 7581
-0.00 7683
-0.00 7783
-0.00 7884
0.00 7986
-0.00 8086
-0.00 8187
-0.00 8288
-0.00 8389
-0.00 8489
-0.00 8591
-0.00 8691
0.00 8793
-0.00 8894
-0.05 8994
-0.08 9096
0.07 9196
0.10 9297
0.10 9398
0.13 9499
0.15 9601
0.18 9701
0.23 9802
0.23 9903
0.17 10004
-0.04 10104
-0.06 10206
-0.07 10307
-0.08 10407
-0.07 10509
-0.07 10609
-0.06 10711
-0.04 10812
-0.05 10912
-0.06 11014
-0.06 11114
-0.06 11215
-0.05 11317
-0.05 11417
-0.06 11518
-0.06 11620
-0.05 11720
-0.06 11822
-0.07 11922
-0.06 12023
-0.06 12125
-0.06 12225
-0.06 12326
-0.06 12427
-0.05 12528
-0.05 12630
-0.06 12730
-0.06 12831
-0.06 12932
-0.06 13033
-0.06 13134
-0.06 13235
-0.05 13336
-0.05 13436
-0.05 13538
-0.06 13639
-0.06 13740
-0.06 13841
-0.05 13942
-0.05 14043
-0.05 14144
-0.06 14244
-0.06 14346
-0.06 14447
-0.06 14547
-0.06 14649
-0.06 14749
-0.06 14851
-0.06 14952
-0.06 15052
-0.06 15154
-0.05 15254
-0.05 15355
-0.05 15457
-0.05 15557
-0.05 15659
-0.05 15759
-0.05 15860
-0.05 15962
-0.05 16062
-0.05 16163
-0.04 16265
-0.04 16365
-0.05 16466
-0.04 16567
-0.04 16668
-0.05 16770
-0.05 16870
-0.04 16971
-0.04 17072
-0.04 17173
-0.04 17274
-0.04 17375
-0.04 17476
-0.04 17576
-0.04 17678
-0.04 17779
-0.04 17880
-0.04 17981
-0.04 18081
-0.04 18183
-0.05 18284
-0.05 18384
-0.05 18486
-0.05 18586
-0.05 18688
-0.05 18789
-0.05 18889
-0.06 18991
-0.06 19092
-0.06 19192
-0.06 19294
-0.05 19394
-0.05 19495
-0.05 19597
-0.05 19697
-0.05 19799
-0.05 19899
-0.05 20000
-0.05 20102
-0.05 20202
-0.05 20303
-0.05 20404
-0.05 20505
-0.05 20606
-0.05 20707
-0.06 20808
-0.05 20909
-0.05 21010
-0.06 21111
-0.06 21212
-0.06 21313
-0.06 21414
-0.06 21515
-0.07 21616
-0.07 21716
-0.07 21818
-0.07 21919
-0.07 22020
-0.07 22121
-0.07 22221
-0.07 22323
-0.07 22424
-0.07 22524
-0.07 22626
-0.07 22726
-0.07 22828
-0.07 22929
-0.07 23029
-0.07 23131
-0.06 23231
-0.07 23332
-0.07 23434
-0.07 23534
-0.07 23635
-0.07 23737
-0.07 23837
-0.07 23939
-0.07 24039
-0.07 24140
-0.07 24242
-0.07 24342
-0.07 24443
-0.07 24544
-0.07 24645
-0.07 24747
-0.07 24847
-0.07 24948
-0.07 25049
-0.07 25150
-0.07 25251
-0.07 25352
-0.07 25453
-0.07 25554
-0.07 25655
-0.07 25756
-0.07 25857
-0.07 25958
-0.07 26059
-0.07 26160
-0.07 26261
-0.07 26361
-0.07 26463
-0.07 26564
-0.07 26664
-0.07 26766
-0.07 26866
-0.07 26968
-0.07 27069
-0.07 27169
-0.07 27271
-0.07 27371
-0.07 27472
-0.07 27574
-0.07 27674
-0.07 27776
-0.07 27877
-0.07 27977
-0.07 28079
-0.07 28179
-0.07 28280
-0.07 28382
-0.07 28482
-0.07 28583
-0.07 28684
-0.07 28785
-0.07 28887
-0.07 28987
-0.07 29088
-0.07 29189
-0.07 29290
-0.07 29391
-0.07 29492
-0.07 29593
-0.07 29693
-0.07 29795
-0.07 29896
-0.07 29997
-0.07 30098
-0.07 30199
-0.07 30300
-0.07 30401
-0.07 30501
-0.07 30603
-0.07 30704
-0.07 30804
-0.07 30906
-0.07 31006
-0.07 31108
-0.07 31209
-0.07 31309
-0.07 31411
-0.07 31511
-0.07 31612
-0.07 31714
-0.07 31814
-0.07 31916
-0.07 32017
-0.07 32117
-0.06 32219
-0.06 32319
-0.06 32420
-0.07 32522
-0.07 32622
-0.06 32723
-0.06 32824
-0.06 32925
-0.05 33027
-0.02 33127
0.19 33228
0.23 33329
0.13 33430
0.11 33531
0.17 33632
0.18 33733
0.15 33833
0.08 33935
0.04 34036
0.02 34137
0.02 34238
0.01 34338
-0.00 34440
0.02 34541
0.00 34641
-0.00 34743
0.04 34844
-0.00 34945
-0.02 35046
-0.03 35146
-0.05 35248
-0.04 35349
-0.05 35449
-0.05 35551
-0.05 35651
-0.00 35752
-0.01 35854
-0.02 35954
0.01 36056
0.07 36156
0.40 36257
0.79 36359
0.89 36459
1.51 36560
1.79 36661
1.94 36762
2.02 36864
2.09 36964
2.05 37065
1.88 37167
1.69 37267
1.45 37368
1.32 37469
1.21 37570
1.12 37671
1.10 37772
1.08 37873
1.03 37974
0.92 38075
0.75 38176
0.70 38277
0.54 38378
0.42 38479
0.32 38580
0.31 38681
0.51 38781
1.01 38883
1.92 38984
2.16 39085
2.15 39186
1.91 39286
1.72 39388
1.53 39489
1.44 39589
1.44 39691
1.28 39792
1.26 39892
1.19 39994
1.10 40094
1.07 40196
0.92 40297
0.82 40397
0.75 40499
0.59 40600
0.94 40700
1.68 40802
2.68 40902
3.72 41004
4.14 41105
3.77 41205
3.23 41307
2.89 41407
2.07 41508
1.56 41610
1.17 41710
1.04 41811
1.07 41913
0.88 42013
0.59 42115
0.62 42215
1.18 42316
1.35 42418
1.63 42518
2.17 42619
2.01 42720
1.09 42821
0.65 42923
0.61 43023
0.44 43124
0.45 43225
0.79 43326
1.36 43427
1.48 43528
1.51 43629
1.47 43730
1.43 43831
1.35 43932
1.52 44033
1.58 44134
1.45 44235
1.22 44336
1.06 44437
0.93 44538
0.74 44639
0.56 44740
0.28 44840
0.25 44942
0.26 45043
0.35 45144
0.35 45245
0.29 45345
0.33 45447
0.36 45548
1.28 45648
1.46 45750
1.59 45850
1.74 45952
1.92 46053
1.85 46153
1.73 46255
1.62 46356
1.36 46456
1.13 46558
0.87 46658
0.67 46759
0.55 46861
0.55 46961
0.50 47063
0.35 47164
0.33 47264
0.30 47366
0.27 47466
0.30 47567
0.42 47669
0.50 47769
0.70 47870
1.05 47971
1.28 48072
1.93 48174
2.56 48274
3.05 48375
3.11 48476
3.26 48577
3.42 48678
3.25 48779
2.95 48880
2.14 48982
2.08 49082
1.64 49183
1.12 49284
0.81 49385
0.59 49486
0.35 49587
0.16 49688
0.05 49788
0.05 49890
0.02 49991
0.01 50092
0.01 50193
-0.00 50294
-0.01 50395
-0.01 50496
-0.03 50596
-0.03 50698
-0.04 50799
-0.03 50899
-0.02 51001
-0.02 51101
-0.00 51203
0.01 51304
-0.02 51404
-0.02 51506
-0.01 51606
0.02 51707
0.02 51809
0.02 51909
0.02 52011
0.00 52111
0.01 52212
0.03 52314
0.06 52414
0.06 52515
0.04 52616
0.07 52717
0.05 52818
0.06 52919
0.09 53020
0.12 53121
0.11 53222
0.16 53323
0.20 53424
0.31 53525
0.41 53626
0.35 53727
0.15 53828
-0.03 53928
-0.06 54030
-0.07 54131
-0.07 54232
-0.06 54333
-0.06 54433
-0.06 54535
-0.06 54636
-0.07 54736
-0.08 54838
-0.08 54938
-0.08 55040
-0.08 55141
-0.08 55241
-0.08 55343
-0.08 55444
-0.07 55544
-0.07 55646
-0.07 55746
-0.07 55847
-0.07 55949
-0.06 56049
-0.06 56151
-