=~=~=~=~=~=~=~=~=~=~=~= PuTTY log 2024.05.02 11:15:39 =~=~=~=~=~=~=~=~=~=~=~=
SEEING EYE FORCE DATA COLLECION
Scale setup in 5 seconds
Setting up scale...
READINGS, KGs:
-0.00 5823
0.00 5924
0.00 6026
-0.00 6126
-0.00 6227
-0.00 6328
0.00 6429
-0.00 6530
0.00 6631
-0.00 6732
-0.00 6833
-0.00 6934
-0.00 7034
-0.00 7136
-0.00 7236
-0.00 7337
-0.00 7438
-0.00 7539
-0.00 7641
-0.00 7741
-0.00 7842
-0.00 7943
-0.00 8044
-0.00 8144
-0.00 8246
-0.01 8347
0.01 8448
0.00 8549
0.00 8649
0.10 8751
0.17 8851
0.10 8952
0.04 9053
0.03 9154
0.07 9255
0.07 9356
0.04 9457
0.01 9558
0.01 9659
0.01 9759
0.01 9861
0.05 9962
0.04 10062
0.02 10164
-0.01 10264
-0.02 10365
-0.01 10467
-0.01 10567
-0.05 10669
-0.04 10769
-0.05 10870
-0.05 10972
-0.04 11072
-0.04 11173
-0.04 11274
-0.05 11375
-0.04 11476
-0.06 11577
-0.09 11678
-0.07 11779
-0.06 11880
-0.05 11981
-0.04 12082
-0.04 12183
-0.03 12283
-0.01 12385
0.12 12486
0.25 12587
0.42 12688
0.52 12789
0.63 12890
0.74 12991
0.81 13091
0.70 13193
0.58 13294
0.76 13394
0.97 13496
1.08 13596
1.09 13698
1.12 13799
1.23 13899
1.21 14001
0.78 14101
0.72 14202
0.86 14304
1.04 14404
1.15 14505
1.18 14607
1.22 14707
1.26 14809
1.14 14909
1.20 15010
1.26 15112
1.20 15212
1.12 15313
1.10 15414
1.11 15515
1.08 15617
0.99 15717
1.02 15818
1.04 15920
0.98 16020
0.88 16121
0.85 16222
0.83 16323
0.83 16424
0.83 16525
0.80 16626
0.59 16727
0.49 16828
0.53 16929
0.67 17030
0.73 17131
0.55 17232
0.33 17333
0.38 17434
0.38 17534
0.36 17636
0.36 17737
0.47 17838
0.61 17939
0.60 18039
0.46 18141
0.47 18242
0.45 18342
0.41 18444
0.38 18544
0.37 18646
0.37 18747
0.35 18847
0.31 18949
0.29 19050
0.30 19150
0.31 19252
0.29 19352
0.25 19453
0.24 19555
0.26 19655
0.28 19757
0.28 19857
0.27 19958
0.24 20060
0.23 20160
0.24 20261
0.23 20362
0.22 20463
0.21 20564
0.21 20665
0.21 20766
0.21 20867
0.20 20968
0.19 21069
0.18 21170
0.19 21271
0.19 21372
0.19 21473
0.18 21574
0.19 21675
0.20 21776
0.20 21877
0.19 21978
0.18 22079
0.19 22179
0.21 22281
0.22 22382
0.23 22482
0.23 22584
0.24 22684
0.25 22786
0.24 22887
0.21 22987
0.21 23089
0.22 23189
0.22 23290
0.22 23392
0.20 23492
0.17 23593
0.22 23695
0.22 23795
0.22 23897
0.29 23997
0.25 24098
0.22 24200
0.23 24300
0.25 24401
0.25 24502
0.26 24603
0.27 24705
0.28 24805
0.30 24906
0.32 25007
0.35 25108
0.37 25209
0.41 25310
0.44 25411
0.44 25512
0.42 25613
0.39 25714
0.38 25815
0.37 25916
0.36 26017
0.35 26118
0.34 26219
0.31 26319
0.29 26421
0.33 26522
0.31 26622
0.28 26724
0.27 26824
0.27 26926
0.28 27027
0.26 27127
0.24 27229
0.25 27330
0.23 27430
0.18 27532
0.19 27632
0.19 27734
0.21 27835
0.23 27935
0.23 28037
0.21 28137
0.20 28238
0.21 28340
0.25 28440
0.26 28541
0.28 28642
0.27 28743
0.26 28845
0.27 28945
0.27 29046
0.24 29148
0.20 29248
0.15 29349
0.13 29450
0.12 29551
0.10 29652
0.09 29753
0.08 29854
0.08 29955
0.07 30056
0.06 30157
0.07 30258
0.09 30359
0.13 30459
0.17 30561
0.19 30662
0.18 30763
0.15 30864
0.17 30964
0.16 31066
0.13 31167
0.06 31267
0.02 31369
0.01 31470
0.03 31570
0.03 31672
0.01 31772
0.02 31874
0.04 31975
0.11 32075
0.09 32177
0.09 32277
0.14 32378
0.19 32480
0.22 32580
0.21 32681
0.19 32782
0.16 32883
0.15 32985
0.14 33085
0.14 33186
0.13 33287
0.11 33388
0.10 33489
0.09 33590
0.13 33691
0.16 33793
0.19 33893
0.13 33994
0.15 34095
0.18 34196
0.19 34297
0.19 34398
0.19 34499
0.18 34599
0.18 34701
0.17 34802
0.17 34903
0.16 35004
0.16 35104
0.14 35206
0.14 35307
0.15 35407
0.14 35509
0.13 35610
0.13 35710
0.13 35812
0.14 35912
0.13 36014
0.12 36115
0.11 36215
0.11 36317
0.10 36417
0.10 36518
0.09 36620
0.10 36720
0.10 36822
0.09 36922
0.08 37023
0.08 37125
0.07 37225
0.06 37326
0.06 37427
0.06 37528
0.06 37629
0.05 37730
0.06 37831
0.07 37932
0.05 38033
0.06 38134
0.06 38235
0.06 38336
0.05 38437
0.06 38538
0.07 38639
0.07 38739
0.07 38841
0.07 38942
0.07 39043
0.07 39144
0.06 39244
0.06 39346
0.06 39447
0.06 39547
0.06 39649
0.06 39749
0.06 39851
0.06 39952
0.06 40052
0.06 40154
0.07 40254
0.07 40355
0.07 40457
0.07 40557
0.08 40658
0.09 40759
0.09 40860
0.09 40962
0.09 41062
0.09 41163
0.09 41264
0.08 41365
0.08 41466
0.09 41567
0.09 41668
0.09 41768
0.09 41870
0.10 41971
0.11 42072
0.11 42173
0.10 42273
0.09 42375
0.09 42476
0.09 42576
0.09 42678
0.07 42778
0.07 42880
0.06 42981
0.06 43081
0.06 43183
0.06 43283
0.06 43384
0.06 43486
0.06 43586
0.06 43687
0.06 43789
0.11 43889
0.22 43991
0.51 44091
1.10 44192
1.73 44294
1.31 44394
0.89 44495
0.90 44596
0.82 44697
0.78 44798
0.73 44899
0.80 45000
0.80 45101
0.65 45202
0.85 45303
1.01 45404
0.93 45505
0.81 45606
0.91 45707
0.82 45808
0.56 45908
0.68 46010
0.66 46111
0.61 46212
0.51 46313
0.32 46413
0.40 46515
0.69 46616
1.86 46716
4.06 46818
4.36 46919
4.84 47020
4.92 47121
4.38 47221
3.85 47323
3.26 47424
3.21 47524
3.15 47626
4.41 47726
6.08 47827
7.22 47929
6.89 48029
5.03 48131
2.94 48232
1.75 48332
1.11 48434
1.00 48534
1.10 48635
1.37 48737
1.10 48837
0.68 48939
0.70 49039
1.04 49140
1.19 49242
1.42 49342
2.49 49443
3.66 49545
4.59 49645
4.23 49746
4.35 49847
4.76 49948
4.69 50050
4.35 50150
3.97 50251
3.27 50353
2.05 50453
1.27 50554
0.96 50655
0.74 50756
0.55 50857
0.47 50958
0.57 51059
0.47 51160
0.39 51261
0.34 51362
0.26 51463
0.25 51564
0.27 51664
0.17 51766
0.15 51867
0.38 51968
1.39 52069
3.00 52170
4.71 52271
6.35 52372
6.99 52472
6.46 52574
5.25 52675
4.24 52775
3.92 52877
3.43 52977
2.47 53079
1.62 53180
1.04 53280
0.66 53382
0.96 53483
0.94 53583
0.58 53685
0.46 53785
0.62 53886
0.78 53988
0.57 54088
0.47 54190
0.53 54290
0.35 54391
0.20 54493
0.22 54593
0.12 54694
0.03 54796
0.06 54896
0.16 54998
0.23 55098
0.21 55199
0.18 55301
0.37 55401
0.26 55502
0.21 55603
0.33 55704
1.52 55805
2.83 55906
3.41 56007
4.12 56108
4.93 56209
5.29 56310
5.56 56411
5.56 56512
4.89 56613
2.40 56714
1.69 56815
1.29 56915
1.20 57017
1.31 57118
1.30 57219
1.07 57320
0.86 57421
0.58 57522
0.54 57623
0.44 57723
0.37 57825
0.36 57926
0.26 58027
0.33 58128
0.76 58228
3.70 58330
4.23 58431
5.31 58531
5.93 58633
5.92 58733
5.06 58834
3.83 58936
2.52 59036
1.34 59138
1.22 59239
1.14 59339
0.99 59441
0.87 59541
0.86 59642
0.72 59744
0.53 59844
0.42 59945
0.48 60046
0.88 60147
2.08 60249
3.56 60349
4.78 60450
5.97 60552
6.46 60652
5.73 60753
4.79 60854
3.53 60955
2.65 61057
2.11 61157
1.25 61258
0.67 61360
0.44 61460
0.53 61561
0.49 61662
0.34 61763
0.33 61864
0.36 61965
0.39 62066
0.34 62167
0.39 62268
0.30 62369
0.19 62470
0.24 62571
0.39 62671
0.55 62773
0.37 62874
0.19 62974
0.18 63076
0.13 63177
0.14 63278
0.11 63379
0.21 63479
0.18 63581
0.09 63682
0.13 63782
0.06 63884
-0.01 63984
0.06 64086
0.05 64187
0.08 64287
0.09 64389
0.08 64489
0.14 64590
0.14 64692
0.10 64792
0.29 64893
0.56 64994
0.87 65095
0.87 65197
0.68 65297
0.37 65398
0.10 65500
0.02 65600
-0.02 65701
-0.04 65802
-0.05 65903
-0.04 66004
-0.04 66105
-0.04 66206
-0.05 66307
-0.04 66408
0.01 66509
0.03 66610
0.03 66711
-0.02 66811
-0.04 66913
-0.05 67014
-0.06 67115
-0.06 67216
-0.05 67316
-0.06 67418
-0.07 67519
-0.09 67619
-0.10 67721
-0.08 67822
-0.07 67922
-0.07 68024
-0.09 68124
-0.08 68226
-0.09 68327
-0.06 68427
-0.06 68529
-0.06 68629
-0.07 68730
-0.06 68832
-0.06 68932
-0.04 69033
-