=~=~=~=~=~=~=~=~=~=~=~= PuTTY log 2024.05.02 11:23:17 =~=~=~=~=~=~=~=~=~=~=~=
-0.02 6420209
0.00 125611
-0.00 125712
0.00 125812
-0.00 125914
-0.01 126014
0.01 126115
SEEING EYE FORCE DATA COLLECION
Scale setup in 5 seconds
Setting up scale...
READINGS, KGs:
-0.00 5861
-0.00 5961
-0.00 6063
0.00 6163
-0.00 6264
-0.00 6365
0.00 6466
0.00 6566
0.00 6668
-0.00 6769
-0.00 6870
-0.00 6971
-0.00 7071
-0.00 7173
-0.00 7273
-0.00 7374
-0.01 7476
-0.01 7576
-0.04 7677
-0.05 7778
-0.05 7879
-0.05 7980
-0.05 8081
-0.06 8181
-0.05 8283
-0.00 8384
0.02 8484
0.02 8586
0.06 8686
0.10 8787
0.11 8888
-0.00 8989
-0.08 9091
-0.09 9191
-0.06 9292
-0.05 9393
-0.05 9494
-0.05 9594
-0.06 9696
-0.06 9796
-0.05 9897
-0.06 9999
-0.06 10099
-0.04 10201
-0.04 10301
-0.02 10402
-0.01 10504
-0.02 10604
-0.03 10705
-0.03 10806
-0.01 10907
0.00 11009
0.00 11109
-0.00 11210
-0.01 11311
-0.02 11412
-0.03 11513
-0.03 11614
-0.05 11715
-0.06 11816
-0.05 11917
-0.05 12018
-0.06 12119
-0.06 12220
-0.05 12321
-0.05 12422
-0.06 12523
-0.06 12623
-0.05 12725
-0.05 12826
-0.05 12926
-0.05 13028
-0.03 13128
-0.03 13230
-0.04 13331
-0.04 13431
-0.05 13533
-0.06 13633
-0.05 13734
-0.05 13836
-0.05 13936
-0.04 14038
-0.04 14139
-0.05 14239
-0.05 14341
-0.05 14441
-0.05 14542
-0.05 14644
-0.04 14744
-0.04 14845
-0.03 14946
-0.04 15047
-0.04 15149
-0.04 15249
-0.04 15350
-0.04 15451
-0.04 15552
-0.04 15653
-0.04 15754
-0.04 15855
-0.04 15956
-0.04 16057
-0.05 16158
-0.04 16259
-0.05 16360
-0.04 16461
-0.04 16562
-0.04 16663
-0.04 16763
-0.04 16865
-0.04 16966
-0.04 17067
-0.04 17168
-0.04 17268
-0.04 17370
-0.04 17471
-0.04 17571
-0.03 17673
-0.03 17773
-0.03 17874
-0.03 17976
-0.04 18076
-0.05 18178
-0.05 18279
-0.05 18379
-0.05 18481
-0.05 18581
-0.05 18682
-0.05 18784
-0.05 18884
-0.05 18985
-0.05 19086
-0.04 19187
-0.04 19289
-0.05 19389
-0.05 19490
-0.05 19591
-0.05 19692
-0.05 19793
-0.05 19894
-0.05 19995
-0.04 20096
-0.04 20197
-0.04 20298
-0.05 20399
-0.05 20500
-0.05 20601
-0.04 20702
-0.04 20803
-0.04 20903
-0.05 21005
-0.05 21106
-0.05 21207
-0.05 21308
-0.06 21408
-0.05 21510
-0.05 21611
-0.06 21711
-0.06 21813
-0.06 21913
-0.06 22014
-0.06 22116
-0.07 22216
-0.07 22318
-0.06 22418
-0.07 22519
-0.07 22621
-0.07 22721
-0.08 22822
-0.08 22924
-0.08 23024
-0.08 23126
-0.09 23226
-0.09 23327
-0.08 23429
-0.08 23529
-0.08 23630
-0.08 23731
-0.07 23832
-0.07 23933
-0.07 24034
-0.08 24135
-0.07 24236
-0.07 24337
-0.07 24438
-0.08 24539
-0.07 24640
-0.07 24740
-0.07 24842
-0.07 24943
-0.07 25043
-0.07 25145
-0.06 25246
-0.08 25347
-0.09 25448
-0.08 25548
-0.08 25650
-0.08 25751
-0.05 25851
-0.04 25953
-0.03 26053
-0.03 26155
-0.05 26256
-0.06 26356
-0.06 26458
-0.07 26558
-0.07 26659
-0.06 26761
-0.07 26861
-0.08 26962
-0.09 27063
-0.08 27164
-0.08 27266
-0.09 27366
-0.09 27467
-0.08 27569
-0.08 27669
-0.08 27770
-0.08 27871
-0.08 27972
-0.09 28073
-0.08 28174
-0.08 28275
-0.09 28376
-0.09 28477
-0.09 28578
-0.09 28679
-0.09 28780
-0.09 28880
-0.09 28982
-0.09 29083
-0.09 29184
-0.09 29285
-0.09 29385
-0.09 29487
-0.09 29588
-0.09 29688
-0.09 29790
-0.09 29891
-0.09 29991
-0.09 30093
-0.09 30193
-0.09 30295
-0.09 30396
-0.09 30496
-0.08 30598
-0.09 30698
-0.09 30799
-0.09 30901
-0.08 31001
-0.08 31102
-0.08 31203
-0.08 31304
-0.08 31406
-0.08 31506
-0.08 31607
-0.08 31708
-0.08 31809
-0.08 31910
-0.08 32011
-0.08 32112
-0.08 32214
-0.08 32314
-0.08 32415
-0.08 32516
-0.08 32617
-0.08 32718
-0.08 32819
-0.08 32920
-0.08 33020
-0.08 33122
-0.08 33223
-0.08 33324
-0.08 33425
-0.08 33525
-0.08 33627
-0.08 33728
-0.08 33828
-0.08 33930
-0.08 34030
-0.08 34131
-0.08 34233
-0.08 34333
-0.08 34435
-0.08 34536
-0.08 34636
-0.08 34738
-0.08 34838
-0.08 34939
-0.08 35041
-0.08 35141
-0.08 35243
-0.08 35343
-0.08 35444
-0.08 35546
-0.08 35646
-0.08 35747
-0.08 35848
-0.08 35949
-0.08 36050
-0.08 36151
-0.08 36252
-0.06 36353
-0.02 36454
0.05 36555
0.01 36656
-0.01 36757
0.03 36857
0.06 36959
0.02 37060
-0.01 37160
-0.01 37262
0.00 37363
-0.05 37464
-0.05 37565
-0.06 37665
-0.09 37767
-0.09 37868
-0.09 37968
-0.08 38070
-0.06 38170
-0.08 38272
-0.07 38373
-0.08 38473
-0.08 38575
-0.08 38675
-0.07 38776
-0.05 38878
-0.05 38978
0.02 39079
1.06 39180
3.16 39281
4.51 39383
4.74 39483
3.54 39584
1.38 39686
0.37 39786
0.24 39887
-0.03 39988
-0.06 40089
-0.05 40190
-0.04 40291
-0.03 40392
-0.04 40493
-0.01 40594
-0.01 40695
-0.03 40796
-0.06 40897
-0.06 40997
-0.05 41099
-0.05 41200
-0.05 41300
-0.03 41402
0.00 41503
-0.01 41604
0.07 41705
0.21 41805
0.34 41907
1.18 42008
2.50 42108
2.99 42210
2.96 42310
2.51 42412
0.43 42513
0.22 42613
0.06 42715
-0.05 42815
-0.07 42916
-0.06 43018
-0.05 43118
-0.03 43219
0.02 43321
0.00 43421
-0.02 43523
-0.03 43623
-0.04 43724
-0.03 43826
-0.05 43926
-0.03 44027
-0.05 44128
-0.03 44229
0.16 44331
1.19 44431
3.13 44532
5.13 44633
6.04 44734
5.09 44835
1.55 44936
0.91 45037
0.49 45138
0.37 45239
0.42 45340
0.45 45441
0.49 45542
0.53 45643
0.50 45744
0.21 45845
0.25 45945
0.30 46047
0.27 46148
0.17 46248
0.10 46350
0.11 46450
0.09 46552
0.07 46653
0.12 46753
0.08 46855
0.02 46956
0.26 47056
1.24 47158
2.89 47258
4.33 47360
3.77 47461
2.34 47561
1.19 47663
0.47 47763
0.12 47864
0.00 47966
-0.05 48066
-0.06 48167
-0.01 48268
0.03 48369
0.04 48471
0.02 48571
-0.02 48672
-0.04 48774
-0.04 48874
-0.03 48975
-0.01 49076
0.16 49177
0.26 49278
0.48 49379
1.59 49480
2.69 49581
3.36 49682
3.25 49783
2.18 49884
0.48 49985
0.30 50085
0.12 50187
0.00 50288
-0.05 50388
-0.05 50490
-0.02 50591
0.04 50692
0.03 50793
0.02 50893
0.02 50995
-0.01 51096
-0.04 51196
-0.05 51298
-0.04 51398
-0.02 51500
-0.00 51601
0.25 51701
1.69 51803
3.90 51903
5.49 52004
5.57 52106
3.80 52206
2.04 52307
0.80 52409
0.16 52509
0.13 52611
0.17 52711
0.28 52812
0.38 52914
0.32 53014
0.32 53115
0.40 53216
0.46 53317
0.27 53419
0.14 53519
0.15 53620
0.10 53721
0.03 53822
-0.01 53923
-0.02 54024
-0.05 54125
-0.06 54225
-0.03 54327
-0.01 54428
-0.00 54529
0.00 54630
0.02 54731
-0.02 54832
0.02 54933
0.01 55033
-0.01 55135
-0.03 55236
-0.03 55336
-0.02 55438
-0.02 55538
-0.04 55640
-0.04 55741
-0.05 55841
-0.05 55943
-0.03 56043
-0.02 56144
-0.03 56246
-0.01 56346
-0.02 56448
-0.05 56548
-0.01 56649
-0.02 56751
-0.04 56851
-0.03 56952
-0.00 57054
0.04 57154
0.12 57255
0.16 57356
-0.03 57457
-0.08 57559
-0.06 57659
-0.06 57760
-0.09 57861
-0.09 57962
-0.07 58063
-0.08 58164
-0.11 58265
-0.10 58365
-0.09 58467
-0.07 58568
-0.07 58669
-0.07 58770
-0.05 58871
-0.04 58972
-0.07 59073
-0.06 59173
-0.05 59275
-0.04 59376
-0.02 59476
-0.01 59578
-0.02 59678
-0.04 59780
0.00 59881
0.02 59981
-0.02 60083
-0.05 60183
-0.06 60284
-