=~=~=~=~=~=~=~=~=~=~=~= PuTTY log 2024.05.02 10:31:45 =~=~=~=~=~=~=~=~=~=~=~=
0.34 63190
363
-0.01 336464
-0.01 336566
-0.00 336666
-0.00 336768
-0.01 336869
0
0.00 336060
-0.00 336161
-0.00 336263
-0.01 336363
-0.01 336464
-0.01 336566
-0.00 336666
-0.00 336768
-0.01 336869
SEEING EYE FORCE DATA COLLECION
Scale setup in 5 seconds
Setting up scale...
READINGS, KGs:
0.00 5899
0.00 6000
0.01 6100
0.00 6202
0.00 6302
0.00 6404
0.00 6505
0.01 6605
0.00 6707
-0.00 6807
-0.00 6908
-0.00 7009
-0.00 7110
-0.00 7212
-0.00 7312
-0.00 7413
-0.00 7514
-0.00 7615
-0.00 7715
-0.00 7817
-0.00 7917
-0.00 8018
0.00 8120
-0.00 8220
-0.01 8322
0.01 8422
-0.03 8523
-0.06 8624
-0.06 8725
-0.06 8826
-0.07 8927
-0.08 9028
-0.09 9128
-0.09 9230
-0.07 9330
-0.06 9432
-0.04 9533
-0.05 9633
-0.04 9735
0.01 9835
0.05 9936
0.09 10037
0.24 10138
0.26 10240
0.29 10340
0.27 10441
0.34 10542
0.48 10643
0.64 10744
0.47 10845
0.00 10946
-0.05 11046
-0.06 11148
-0.06 11249
-0.05 11350
-0.03 11451
-0.03 11551
-0.05 11653
0.01 11754
0.06 11854
0.10 11956
0.10 12057
0.14 12157
0.19 12259
0.21 12359
0.19 12461
0.14 12562
0.16 12662
0.16 12764
0.14 12864
0.13 12965
0.13 13067
0.12 13167
0.13 13268
0.12 13369
0.13 13470
0.12 13572
0.11 13672
0.11 13773
0.10 13875
0.10 13975
0.10 14076
0.10 14177
0.10 14278
0.11 14380
0.10 14480
0.10 14581
0.10 14682
0.09 14783
0.09 14884
0.09 14985
0.08 15086
0.08 15186
0.08 15288
0.07 15389
0.06 15490
0.05 15591
0.05 15691
0.06 15793
0.07 15894
0.06 15994
0.05 16096
0.05 16196
0.05 16297
0.05 16399
0.06 16499
0.06 16601
0.06 16701
0.07 16802
0.07 16904
0.07 17004
0.08 17105
0.08 17206
0.08 17307
0.08 17409
0.08 17509
0.08 17610
0.08 17711
0.10 17812
0.08 17913
0.09 18014
0.10 18115
0.08 18215
0.09 18317
0.12 18418
0.13 18519
0.15 18620
0.16 18721
0.19 18822
0.22 18923
0.25 19023
0.29 19125
0.34 19226
0.33 19326
0.28 19428
0.20 19528
0.15 19630
0.12 19731
0.08 19831
0.05 19933
0.03 20033
0.01 20134
0.02 20236
0.01 20336
0.01 20438
0.02 20538
0.02 20639
0.02 20741
0.01 20841
-0.00 20942
-0.00 21043
-0.01 21144
-0.01 21245
-0.01 21346
-0.02 21447
-0.03 21548
-0.03 21649
-0.04 21750
-0.04 21851
-0.04 21952
-0.04 22053
-0.05 22154
-0.05 22255
-0.06 22355
-0.06 22457
-0.06 22558
-0.06 22659
-0.06 22760
-0.06 22860
-0.06 22962
-0.07 23063
-0.07 23163
-0.07 23265
-0.07 23365
-0.07 23467
-0.07 23568
-0.08 23668
-0.08 23770
-0.08 23870
-0.08 23971
-0.08 24073
-0.08 24173
-0.08 24274
-0.08 24376
-0.08 24476
-0.08 24578
-0.07 24678
-0.07 24779
-0.07 24881
-0.08 24981
-0.07 25082
-0.07 25183
-0.07 25284
-0.07 25385
-0.07 25486
-0.07 25587
-0.07 25688
-0.07 25789
-0.07 25890
-0.07 25991
-0.07 26092
-0.07 26193
-0.07 26294
-0.07 26395
-0.07 26496
-0.07 26597
-0.07 26698
-0.07 26799
-0.07 26900
-0.07 27000
-0.07 27102
-0.07 27203
-0.07 27303
-0.07 27405
-0.07 27505
-0.07 27607
-0.07 27708
-0.07 27808
-0.07 27910
-0.07 28010
-0.07 28111
-0.07 28213
-0.07 28313
-0.07 28414
-0.07 28516
-0.07 28616
-0.07 28718
-0.07 28818
-0.07 28919
-0.07 29021
-0.07 29121
-0.08 29222
-0.08 29323
-0.08 29424
-0.08 29526
-0.08 29626
-0.08 29727
-0.08 29828
-0.08 29929
-0.08 30030
-0.08 30131
-0.08 30232
-0.08 30332
-0.08 30434
-0.08 30535
-0.08 30636
-0.08 30737
-0.08 30838
-0.08 30939
-0.08 31040
-0.08 31140
-0.08 31242
-0.08 31343
-0.08 31443
-0.08 31545
-0.08 31645
-0.08 31747
-0.08 31848
-0.08 31948
-0.08 32050
-0.07 32150
-0.07 32251
-0.07 32353
-0.07 32453
-0.07 32555
-0.07 32655
-0.07 32756
-0.07 32858
-0.07 32958
-0.07 33059
-0.07 33161
-0.07 33261
-0.07 33362
-0.06 33463
-0.06 33564
-0.06 33666
-0.07 33766
-0.06 33867
-0.06 33968
-0.06 34069
-0.06 34170
-0.03 34271
0.06 34372
0.21 34472
0.40 34574
0.34 34675
0.09 34776
0.14 34877
0.17 34977
0.01 35079
0.02 35180
-0.01 35280
-0.02 35382
-0.02 35483
-0.03 35584
-0.04 35685
-0.05 35785
-0.03 35887
-0.00 35988
0.01 36088
0.07 36190
0.10 36290
0.12 36391
0.15 36493
0.18 36593
0.16 36695
0.04 36795
0.07 36896
0.11 36998
0.11 37098
0.14 37199
0.21 37300
0.16 37401
0.08 37502
0.22 37603
0.32 37704
0.24 37806
0.24 37906
0.29 38007
0.15 38108
0.07 38209
0.08 38310
0.07 38411
0.12 38512
0.15 38612
0.33 38714
0.64 38815
0.81 38916
0.96 39017
1.17 39117
1.68 39219
1.81 39320
1.95 39420
2.16 39522
2.30 39623
2.45 39724
2.47 39825
2.49 39925
2.54 40027
2.61 40128
2.72 40228
2.81 40330
2.88 40431
2.85 40531
2.74 40633
2.57 40733
2.28 40835
1.66 40936
0.95 41036
0.40 41138
0.15 41238
0.03 41339
0.07 41441
0.30 41541
0.91 41643
1.67 41743
2.06 41844
2.73 41946
2.78 42046
2.92 42147
3.13 42249
2.69 42349
2.33 42450
2.09 42551
2.11 42652
2.18 42754
2.17 42854
2.29 42955
2.36 43056
2.33 43157
2.32 43258
2.25 43359
2.04 43460
1.30 43561
0.66 43662
0.37 43763
0.46 43864
1.08 43965
2.40 44066
4.16 44167
6.66 44268
6.47 44369
6.14 44470
5.61 44571
5.06 44672
4.45 44773
4.17 44874
4.09 44975
3.67 45076
3.72 45176
3.35 45278
2.79 45379
2.25 45479
1.84 45581
1.83 45682
1.70 45783
2.20 45884
2.20 45984
2.08 46086
1.84 46187
1.55 46287
1.51 46389
1.55 46489
1.49 46590
1.88 46692
1.98 46792
1.62 46894
1.63 46995
2.12 47095
2.21 47197
2.21 47297
2.51 47398
2.48 47500
2.46 47600
2.44 47702
2.26 47802
2.14 47903
2.02 48005
1.84 48105
1.67 48206
1.65 48308
1.87 48408
2.10 48509
2.25 48610
2.46 48711
2.40 48813
1.82 48913
1.27 49014
0.86 49116
0.42 49216
0.27 49317
0.06 49418
-0.04 49519
-0.04 49620
0.10 49721
0.40 49822
1.09 49923
1.76 50024
2.23 50125
2.67 50226
2.55 50327
2.63 50427
2.75 50529
2.32 50630
1.85 50731
1.75 50832
1.61 50933
1.76 51034
1.87 51135
1.97 51235
2.02 51337
2.12 51438
2.22 51538
2.00 51640
0.99 51741
0.53 51842
0.43 51943
0.76 52043
1.74 52145
2.43 52246
2.88 52346
3.75 52448
4.01 52548
4.01 52649
4.09 52751
3.74 52851
3.63 52953
3.43 53054
3.63 53154
3.94 53256
3.55 53356
3.44 53457
3.25 53559
3.24 53659
2.66 53761
1.77 53861
0.95 53962
0.52 54064
0.22 54164
0.20 54265
0.25 54366
0.35 54467
0.36 54568
0.30 54669
0.34 54770
0.62 54872
0.97 54972
1.09 55073
0.99 55174
0.83 55275
0.68 55376
0.45 55477
0.15 55578
0.07 55678
0.03 55780
-0.03 55881
-0.05 55982
-0.05 56083
-0.06 56183
-0.07 56285
-0.08 56386
-0.07 56486
-0.06 56588
-0.07 56689
-0.06 56790
-0.05 56891
-0.05 56991
-0.05 57093
-0.06 57194
-0.05 57294
-0.05 57396
-0.04 57496
-0.05 57597
-0.04 57699
-0.01 57799
0.01 57901
0.02 58001
0.03 58102
0.02 58204
0.03 58304
0.03 58405
0.04 58506
0.03 58607
0.03 58708
0.02 58809
0.02 58910
0.02 59011
0.02 59112
0.01 59213
0.01 59314
0.01 59415
0