=~=~=~=~=~=~=~=~=~=~=~= PuTTY log 2024.05.02 09:44:25 =~=~=~=~=~=~=~=~=~=~=~=
-0.07 59815
90
-0.01 117991
-0.01 118091
-0.02 118193
-0.02 118294
-0.01 118394
-0.02 118496
-0.02 118597

-0.02 117788
-0.02 117890
-0.01 117991
-0.01 118091
-0.02 118193
-0.02 118294
-0.01 118394
-0.02 118496
-0.02 118597
SEEING EYE FORCE DATA COLLECION
Scale setup in 5 seconds
Setting up scale...
READINGS, KGs:
0.00 5844
0.00 5946
-0.00 6047
-0.00 6148
0.00 6249
0.00 6349
-0.00 6451
-0.00 6551
-0.00 6652
0.00 6753
-0.00 6854
-0.00 6956
-0.00 7056
-0.00 7157
-0.00 7258
-0.00 7359
0.00 7459
-0.00 7561
-0.00 7662
-0.00 7762
-0.00 7864
-0.00 7964
0.00 8066
0.01 8166
0.01 8267
-0.01 8368
0.00 8469
-0.00 8570
-0.07 8671
-0.10 8772
-0.10 8872
-0.09 8974
-0.08 9074
-0.07 9176
-0.06 9277
-0.05 9377
-0.05 9479
-0.03 9579
0.01 9680
0.03 9781
-0.01 9882
-0.04 9984
-0.03 10084
-0.01 10185
0.02 10286
0.06 10387
0.12 10488
0.18 10589
0.17 10690
0.11 10790
-0.06 10892
-0.06 10993
-0.06 11094
-0.05 11195
-0.03 11295
-0.03 11397
-0.04 11498
-0.05 11598
-0.05 11700
-0.05 11800
-0.05 11901
-0.04 12003
-0.03 12103
-0.01 12205
-0.00 12305
0.01 12406
0.01 12508
0.01 12608
0.01 12709
0.02 12810
0.04 12911
0.05 13012
0.06 13113
0.05 13214
0.04 13316
0.07 13416
0.11 13517
0.13 13618
0.12 13719
0.11 13820
0.12 13921
0.13 14022
0.13 14123
0.11 14224
0.11 14325
0.10 14426
0.09 14527
0.08 14627
0.08 14729
0.09 14830
0.10 14930
0.10 15032
0.12 15132
0.12 15234
0.09 15335
0.06 15435
0.06 15537
0.08 15637
0.09 15738
0.09 15840
0.09 15940
0.10 16041
0.11 16143
0.12 16243
0.11 16345
0.10 16445
0.11 16546
0.12 16648
0.13 16748
0.14 16849
0.13 16950
0.13 17051
0.13 17153
0.13 17253
0.13 17354
0.13 17455
0.12 17556
0.12 17657
0.12 17758
0.12 17859
0.11 17960
0.11 18061
0.11 18162
0.11 18263
0.10 18364
0.10 18465
0.08 18566
0.06 18667
0.05 18767
0.03 18869
0.02 18970
0.01 19070
-0.00 19172
-0.01 19272
-0.01 19374
-0.02 19475
-0.02 19575
-0.02 19677
-0.02 19777
-0.03 19878
-0.04 19980
-0.04 20080
-0.03 20182
-0.03 20283
-0.03 20383
-0.03 20485
-0.03 20585
-0.03 20686
-0.03 20788
-0.01 20888
-0.01 20989
-0.01 21090
-0.01 21191
0.00 21293
0.02 21393
0.03 21494
0.05 21595
0.03 21696
0.03 21797
0.01 21898
0.01 21999
0.01 22099
0.02 22201
0.02 22302
0.01 22403
0.00 22504
0.00 22604
-0.00 22706
-0.00 22807
-0.01 22907
-0.01 23009
-0.02 23109
-0.02 23211
-0.01 23312
-0.01 23412
-0.01 23514
-0.00 23615
-0.00 23715
-0.01 23817
-0.01 23917
-0.01 24018
-0.00 24120
-0.00 24220
-0.00 24322
-0.00 24422
-0.00 24523
-0.00 24625
0.00 24725
0.00 24826
0.00 24927
0.00 25028
0.00 25129
0.00 25230
0.00 25331
0.00 25432
0.00 25533
0.00 25634
0.00 25735
0.01 25836
0.01 25936
0.01 26038
0.01 26139
0.00 26240
0.00 26341
0.01 26441
0.01 26543
0.00 26644
0.00 26744
0.00 26846
-0.00 26946
-0.00 27047
-0.01 27149
-0.01 27249
-0.01 27351
-0.01 27451
-0.01 27552
-0.01 27654
-0.01 27754
-0.02 27855
-0.02 27957
-0.02 28057
-0.02 28158
-0.02 28259
-0.02 28360
-0.02 28462
-0.02 28562
-0.02 28663
-0.02 28764
-0.02 28865
-0.02 28966
-0.02 29067
-0.01 29168
-0.01 29268
-0.01 29370
-0.01 29471
-0.01 29572
-0.01 29673
-0.01 29773
-0.00 29875
-0.01 29976
-0.01 30076
-0.01 30178
-0.01 30279
-0.01 30380
-0.01 30481
-0.01 30581
-0.01 30683
-0.01 30784
-0.01 30884
-0.01 30986
-0.01 31086
-0.01 31187
-0.01 31289
-0.02 31389
-0.02 31491
-0.02 31591
-0.02 31692
-0.02 31794
-0.02 31894
-0.02 31995
-0.02 32097
-0.02 32197
-0.02 32299
-0.02 32399
-0.02 32500
-0.02 32602
-0.02 32702
-0.02 32803
-0.01 32904
-0.02 33005
-0.02 33106
-0.02 33207
0.01 33308
0.09 33409
0.26 33510
0.41 33611
0.46 33712
0.35 33813
0.19 33913
0.13 34015
0.12 34116
0.07 34216
0.00 34318
-0.00 34418
-0.00 34520
-0.01 34621
-0.03 34721
-0.05 34823
-0.02 34924
-0.02 35024
-0.03 35126
-0.02 35226
-0.01 35328
0.28 35429
1.23 35529
2.01 35631
2.36 35731
2.04 35832
1.30 35934
0.89 36034
0.58 36135
0.37 36236
0.28 36337
0.20 36439
0.22 36539
0.39 36640
0.38 36742
0.35 36842
0.32 36943
0.19 37044
0.11 37145
0.08 37246
0.12 37347
0.18 37448
0.33 37549
0.82 37650
1.65 37751
2.48 37852
2.87 37953
2.93 38054
2.68 38155
2.26 38256
1.82 38356
1.68 38458
1.42 38559
1.00 38660
0.64 38761
0.37 38861
0.22 38963
0.12 39064
0.08 39164
0.14 39266
0.21 39366
0.20 39468
0.20 39569
0.37 39669
0.85 39771
1.85 39872
5.33 39972
5.61 40074
4.66 40174
3.69 40275
2.92 40377
2.45 40477
2.16 40579
1.74 40679
0.95 40780
0.78 40882
0.59 40982
0.42 41083
0.42 41185
0.51 41285
0.47 41387
0.34 41487
0.37 41588
0.38 41690
0.38 41790
0.40 41891
0.38 41992
0.49 42093
0.86 42194
1.78 42295
3.83 42396
4.06 42497
3.70 42598
3.09 42699
2.41 42800
1.79 42901
1.43 43002
1.20 43103
0.87 43204
0.81 43304
0.83 43406
0.87 43507
0.99 43608
0.93 43709
0.82 43810
0.85 43911
1.06 44012
2.06 44112
2.61 44214
2.68 44315
2.78 44416
2.81 44517
2.47 44617
2.15 44719
2.07 44820
1.30 44920
0.92 45022
0.75 45123
0.60 45223
0.42 45325
0.25 45425
0.17 45527
0.14 45628
0.11 45728
0.07 45830
0.12 45930
0.36 46031
1.11 46133
2.98 46233
5.09 46334
6.48 46436
5.66 46536
4.25 46638
3.03 46738
2.17 46839
1.54 46941
1.16 47041
0.94 47142
0.80 47243
0.61 47344
0.39 47446
0.41 47546
0.39 47647
0.22 47748
0.09 47849
0.06 47950
0.05 48051
0.01 48152
0.01 48253
0.03 48354
0.01 48455
-0.00 48556
0.00 48657
-0.01 48758
-0.01 48859
-0.01 48960
-0.04 49060
-0.04 49162
-0.04 49263
-0.04 49363
-0.03 49465
-0.02 49565
-0.02 49667
-0.01 49768
-0.04 49868
-0.05 49970
-0.05 50070
-0.04 50171
-0.00 50273
0.03 50373
0.02 50475
0.00 50575
0.02 50676
0.03 50778
0.03 50878
0.04 50979
0.06 51080
0.08 51181
0.11 51282
0.16 51383
0.23 51484
0.17 51586
0.16 51686
0.13 51787
0.07 51888
0.04 51989
0.04 52090
0.05 52191
0.06 52292
0.03 52392
0.03 52494
0.01 52595
0.01 52696
0.03 52797
0.02 52897
0.02 52999
0.02 53100
-0.01 53200
-0.02 53302
-0.01 53402
0.00 53504
0.03 53605
0.06 53705
0.11 53807
0.15 53907
0.16 54008
0.09 54110
-0.00 54210
-0.04 54311
-0.04 54413
-0.01 54513
0.00 54615
0.01 54715
-0.04 54816
-0.05 54918
-0.07 55018
-0.08 55119
-0.07 55220
-0.06 55321
-0.05 55422
-0.04 55523
-0.05 55624
0.01 55725
0.02 55826
0.01 55927
-0.01 56028
-0.01 56129
-0.00 56229
0.00 56331
0.02 56432
-0.04 56532
-