=~=~=~=~=~=~=~=~=~=~=~= PuTTY log 2024.05.02 10:10:33 =~=~=~=~=~=~=~=~=~=~=~=
SEEING EYE FORCE DATA COLLECION
Scale setup in 5 seconds
Setting up scale...
READINGS, KGs:
0.00 5825
0.00 5926
0.00 6027
0.00 6128
0.00 6228
0.00 6330
0.00 6431
0.00 6532
-0.00 6633
0.00 6733
0.00 6835
0.00 6935
0.00 7036
0.00 7137
0.00 7238
-0.00 7340
-0.00 7440
-0.00 7541
-0.00 7642
0.00 7743
-0.00 7843
-0.00 7945
-0.00 8045
-0.00 8146
-0.00 8248
0.00 8348
-0.00 8450
-0.04 8550
-0.08 8651
-0.09 8752
-0.09 8853
-0.08 8954
-0.08 9055
-0.06 9156
-0.04 9256
-0.02 9358
0.04 9458
0.10 9560
0.17 9661
0.15 9761
0.09 9863
0.20 9963
0.21 10064
0.16 10165
0.13 10266
0.13 10368
0.14 10468
0.03 10569
-0.06 10670
-0.07 10771
-0.07 10872
-0.07 10973
-0.07 11074
-0.07 11174
-0.05 11276
-0.04 11377
-0.03 11478
0.00 11579
0.02 11680
0.02 11781
0.02 11882
0.02 11982
0.04 12084
0.03 12185
0.03 12285
0.07 12387
0.07 12487
0.08 12589
0.06 12690
0.04 12790
0.04 12892
0.02 12992
0.03 13093
0.02 13195
0.02 13295
0.02 13396
0.01 13497
-0.01 13598
-0.02 13700
-0.01 13800
-0.01 13901
0.01 14002
0.00 14103
-0.00 14204
-0.01 14305
-0.01 14406
0.00 14507
0.00 14608
-0.01 14709
-0.00 14810
-0.00 14911
0.00 15011
0.00 15113
0.00 15214
0.01 15314
0.01 15416
0.01 15516
0.01 15618
0.01 15719
0.00 15819
-0.00 15921
-0.00 16021
0.00 16122
0.01 16224
0.01 16324
0.00 16425
0.00 16526
0.00 16627
0.00 16729
0.00 16829
0.00 16930
0.00 17031
0.00 17132
0.00 17233
0.00 17334
0.00 17435
0.00 17537
0.00 17637
0.00 17738
-0.00 17839
-0.00 17940
0.00 18041
-0.00 18142
-0.00 18243
0.00 18343
0.01 18445
0.01 18546
0.01 18647
0.01 18748
0.01 18848
0.01 18950
0.02 19051
0.03 19151
0.03 19253
0.03 19353
0.03 19454
0.04 19556
0.04 19656
0.03 19758
0.03 19858
0.02 19959
0.03 20061
0.03 20161
0.03 20262
0.03 20363
0.02 20464
0.02 20566
0.02 20666
0.02 20767
0.02 20868
0.02 20969
0.02 21070
0.02 21171
0.03 21272
0.03 21372
0.03 21474
0.03 21575
0.03 21676
0.03 21777
0.03 21877
0.03 21979
0.03 22080
0.03 22180
0.04 22282
0.04 22382
0.04 22483
0.04 22585
0.04 22685
0.04 22787
0.04 22887
0.04 22988
0.04 23090
0.03 23190
0.02 23291
0.02 23392
0.02 23493
0.02 23595
0.02 23695
0.02 23796
0.02 23898
0.02 23998
0.01 24099
0.01 24200
0.02 24301
0.02 24402
0.02 24503
0.05 24604
0.06 24705
0.06 24806
0.07 24907
0.07 25008
0.06 25109
0.06 25209
0.08 25311
0.09 25412
0.10 25512
0.10 25614
0.10 25714
0.10 25816
0.11 25917
0.12 26017
0.13 26119
0.12 26219
0.13 26320
0.14 26422
0.16 26522
0.19 26624
0.26 26725
0.28 26825
0.27 26927
0.28 27027
0.21 27128
0.14 27230
0.13 27330
0.12 27431
0.12 27532
0.11 27633
0.13 27735
0.18 27835
0.21 27936
0.24 28037
0.27 28138
0.30 28239
0.31 28340
0.31 28441
0.31 28542
0.30 28643
0.31 28744
0.31 28845
0.33 28946
0.33 29047
0.33 29148
0.34 29249
0.33 29349
0.33 29451
0.33 29552
0.33 29652
0.35 29754
0.37 29854
0.38 29956
0.39 30057
0.40 30157
0.42 30259
0.39 30360
0.38 30460
0.37 30562
0.36 30662
0.35 30764
0.34 30865
0.34 30965
0.35 31067
0.34 31167
0.36 31268
0.39 31370
0.41 31470
0.40 31571
0.38 31672
0.36 31773
0.36 31875
0.36 31975
0.37 32076
0.38 32178
0.38 32278
0.37 32379
0.37 32480
0.38 32581
0.39 32683
0.41 32783
0.41 32884
0.42 32985
0.40 33086
0.39 33187
0.38 33288
0.38 33389
0.37 33489
0.36 33591
0.35 33692
0.35 33793
0.36 33894
0.36 33995
0.35 34096
0.35 34197
0.37 34297
0.36 34399
0.35 34500
0.33 34600
0.31 34702
0.31 34802
0.31 34904
0.33 35005
0.37 35105
0.38 35207
0.38 35307
0.34 35408
0.36 35510
0.39 35610
0.41 35712
0.40 35813
0.37 35913
0.34 36015
0.32 36115
0.33 36216
0.34 36318
0.36 36418
0.39 36519
0.42 36620
0.44 36721
0.46 36823
0.47 36923
0.47 37024
0.49 37125
0.51 37226
0.54 37327
0.55 37428
0.55 37529
0.54 37630
0.54 37731
0.53 37832
0.52 37933
0.52 38034
0.50 38135
0.48 38236
0.47 38337
0.48 38437
0.47 38539
0.47 38640
0.46 38740
0.45 38842
0.46 38943
0.45 39044
0.44 39145
0.44 39245
0.43 39347
0.43 39448
0.44 39548
0.45 39650
0.45 39750
0.44 39852
0.44 39953
0.44 40053
0.45 40155
0.46 40255
0.47 40356
0.47 40458
0.46 40558
0.43 40659
0.40 40761
0.35 40861
0.36 40963
0.38 41063
0.42 41164
0.46 41266
0.49 41366
0.51 41467
0.52 41568
0.55 41669
0.55 41771
0.53 41871
0.51 41972
0.50 42073
0.49 42174
0.47 42275
0.47 42376
0.47 42477
0.49 42578
0.49 42679
0.48 42780
0.48 42881
0.49 42982
0.50 43083
0.50 43184
0.51 43285
0.53 43385
0.54 43487
0.55 43588
0.55 43688
0.54 43790
0.52 43890
0.49 43992
0.46 44093
0.47 44193
0.48 44295
0.48 44396
0.48 44496
0.47 44598
0.45 44698
0.44 44800
0.43 44901
0.45 45001
0.45 45103
0.43 45203
0.41 45304
0.41 45406
0.41 45506
0.42 45607
0.43 45708
0.45 45809
0.46 45911
0.47 46011
0.48 46112
0.49 46214
0.51 46314
0.54 46415
0.55 46516
0.56 46617
0.56 46718
0.55 46819
0.53 46920
0.52 47021
0.51 47122
0.51 47223
0.50 47324
0.48 47425
0.47 47526
0.46 47627
0.45 47728
0.44 47828
0.42 47930
0.43 48031
0.44 48132
0.45 48233
0.47 48333
0.49 48435
0.50 48536
0.51 48636
0.50 48738
0.50 48838
0.50 48940
0.49 49041
0.49 49141
0.49 49243
0.50 49344
0.50 49444
0.50 49546
0.51 49646
0.51 49747
0.52 49849
0.51 49949
0.51 50051
0.52 50151
0.52 50252
0.52 50354
0.52 50454
0.52 50555
0.53 50657
0.54 50757
0.53 50859
0.53 50959
0.53 51060
0.52 51162
0.50 51262
0.49 51363
0.46 51464
0.45 51565
0.45 51666
0.46 51767
0.47 51868
0.48 51969
0.49 52070
0.50 52171
0.52 52272
0.51 52373
0.51 52474
0.51 52575
0.51 52676
0.52 52776
0.52 52878
0.52 52979
0.52 53080
0.53 53181
0.53 53281
0.54 53383
0.55 53484
0.56 53584
0.56 53686
0.56 53787
0.55 53888
0.54 53989
0.54 54089
0.53 54191
0.53 54292
0.52 54392
0.51 54494
0.50 54594
0.50 54695
0.50 54797
0.50 54897
0.50 54999
0.51 55099
0.50 55200
0.50 55302
0.50 55402
0.50 55503
0.49 55605
0.49 55705
0.49 55806
0.48 55907
0.48 56008
0.47 56110
0.46 56210
0.45 56311
0.43 56412
0.43 56513
0.43 56614
0.43 56715
0.43 56816
0.44 56916
0.44 57018
0.44 57119
0.45 57220
0.46 57321
0.47 57422
0.48 57523
0.47 57624
0.47 57724
0.47 57826
0.48 57927
0.49 58028
0.50 58129
0.50 58229
0.50 58331
0.50 58432
0.49 58532
0.48 58634
0.48 58735
0.48 58835
0.48 58937
0.48 59037
0.48 59139
0.47 59240
0.46 59340
0.45 59442
0.44 59542
0.43 59643
0.42 59745
0.42 59845
0.42 59947
0.42 60047
0.42 60148
0.41 60250
0.41 60350
0.42 60451
0.42 60553
0.43 60653
0.42 60754
0.43 60855
0.42 60956
0.40 61058
0.40 61158
0.41 61259
0.42 61360
0.43 61461
0.43 61562
0.44 61663
0.45 61764
0.46 61864
0.45 61966
0.41 62067
0.40 62168
0.40 62269
0.39 62370
0.41 62471
0.41 62572
0.40 62672
0.38 62774
0.37 62875
0.37 62976
0.37 63077
0.38 63177
0.41 63279
0.44 63380
0.47 63480
0.47 63582
0.47 63682
0.46 63783
0.46 63885
0.45 63985
0.45 64087
0.45 64188
0.45 64288
0.45 64390
0.45 64490
0.45 64591
0.46 64693
0.46 64793
0.47 64894
0.47 64995
0.47 65096
0.47 65198
0.48 65298
0.51 65399
0.52 65500
0.53 65601
0.54 65702
0.55 65803
0.55 65904
0.55 66006
0.55 66106
0.56 66207
0.57 66308
0.57 66409
0.57 66510
0.57 66611
0.56 66712
0.56 66812
0.56 66914
0.57 67015
0.58 67116
0.58 67217
0.58 67318
0.57 67419
0.58 67520
0.59 67620
0.60 67722
0.62 67823
0.63 67923
0.63 68025
0.63 68125
0.64 68227
0.65 68328
0.65 68428
0.66 68530
0.67 68631
0.66 68731
0.66 68833
0.65 68933
0.65 69035
0.64 69136
0.63 69236
0.61 69338
0.59 69438
0.58 69539
0.57 69641
0.57 69741
0.58 69842
0.57 69944
0.57 70044
0.57 70146
0.62 70246
0.53 70347
0.53 70449
0.56 70549
0.58 70650
0.58 70751
0.58 70852
0.61 70953
0.65 71054
0.64 71155
0.65 71256
0.65 71357
0.64 71458
0.65 71559
0.66 71660
0.65 71761
0.63 71862
0.63 71963
0.62 72064
0.61 72165
0.61 72266
0.60 72367
0.60 72468
0.59 72568
0.57 72670
0.56 72771
0.55 72871
0.54 72973
0.52 73074
0.49 73175
0.48 73276
0.47 73376
0.44 73478
0.43 73579
0.42 73679
0.41 73781
0.40 73881
0.39 73982
0.40 74084
0.40 74184
0.39 74286
0.37 74386
0.37 74487
0.35 74589
0.33 74689
0.33 74790
0.32 74892
0.32 74992
0.32 75094
0.31 75194
0.31 75295
0.31 75397
0.30 75497
0.33 75598
0.30 75699
0.33 75800
0.31 75901
0.28 76002
0.27 76103
0.26 76205
0.25 76305
0.24 76406
0.22 76507
0.21 76608
0.21 76709
0.19 76810
0.18 76911
0.17 77011
0.16 77113
0.15 77214
0.14 77315
0.14 77416
0.13 77516
0.13 77618
0.13 77719
0.13 77819
0.13 77921
0.14 78021
0.14 78123
0.15 78224
0.15 78324
0.16 78426
0.16 78527
0.16 78627
0.17 78729
0.18 78829
0.19 78930
0.20 79032
0.20 79132
0.22 79234
0.23 79334
0.24 79435
0.25 79537
0.26 79637
0.26 79738
0.26 79840
0.25 79940
0.24 80041
0.24 80142
0.24 80243
0.23 80345
0.22 80445
0.22 80546
0.22 80647
0.23 80748
0.24 80849
0.24 80950
0.25 81051
0.25 81152
0.26 81253
0.25 81354
0.25 81455
0.26 81556
0.25 81657
0.25 81758
0.25 81859
0.25 81959
0.24 82061
0.22 82162
0.22 82263
0.22 82364
0.21 82464
0.21 82566
0.22 82667
0.21 82767
0.21 82869
0.22 82969
0.22 83070
0.23 83172
0.23 83272
0.23 83374
0.24 83475
0.25 83575
0.25 83677
0.26 83777
0.26 83878
0.27 83980
0.28 84080
0.29 84182
0.30 84282
0.30 84383
0.31 84485
0.31 84585
0.32 84686
0.32 84788
0.32 84888
0.31 84989
0.30 85090
0.29 85191
0.28 85293
0.27 85393
0.26 85494
0.37 85595
0.56 85696
1.38 85797
1.75 85898
1.66 85999
1.17 86100
0.94 86201
1.15 86302
1.66 86403
1.97 86504
1.17 86605
1.12 86706
1.33 86807
1.26 86907
1.10 87009
1.08 87110
1.20 87211
1.28 87312
1.15 87413
1.21 87514
1.20 87615
1.42 87715
1.71 87817
1.80 87918
1.40 88018
1.05 88120
0.63 88220
0.59 88322
0.80 88423
1.38 88523
2.26 88625
3.66 88726
5.09 88826
5.75 88928
6.62 89028
6.32 89129
4.73 89231
2.42 89331
1.20 89433
0.77 89534
0.62 89634
0.58 89736
1.26 89836
1.42 89937
1.79 90039
1.89 90139
1.61 90241
1.85 90341
2.15 90442
2.22 90544
2.33 90644
2.50 90745
2.39 90847
2.30 90947
2.42 91048
2.54 91149
2.84 91250
3.33 91352
5.77 91452
5.77 91553
5.17 91655
3.52 91755
2.20 91856
1.58 91957
1.00 92058
0.75 92160
0.68 92260
0.93 92361
1.38 92462
1.61 92563
1.56 92664
1.86 92765
2.31 92866
2.17 92967
1.99 93068
2.04 93169
1.75 93270
1.27 93371
1.22 93472
1.24 93573
1.17 93674
1.18 93774
1.94 93876
8.39 93977
9.89 94077
6.63 94179
2.94 94280
1.46 94381
0.95 94482
0.84 94582
1.00 94684
1.13 94785
1.24 94885
1.37 94987
1.39 95088
1.49 95188
1.73 95290
1.87 95390
1.75 95492
2.10 95593
2.01 95693
1.84 95795
1.77 95895
1.67 95996
1.48 96098
1.49 96198
1.50 96300
1.24 96401
1.21 96501
1.23 96603
1.09 96703
1.42 96804
2.92 96906
5.41 97006
6.61 97107
4.51 97208
2.74 97309
1.36 97411
1.19 97511
1.41 97612
1.97 97714
1.68 97814
1.37 97915
2.12 98016
2.46 98117
2.25 98219
1.80 98319
1.67 98420
2.09 98522
2.23 98622
1.99 98723
2.09 98824
2.43 98925
2.84 99026
4.07 99127
5.85 99228
5.45 99329
4.34 99430
3.99 99531
2.40 99632
1.63 99733
1.68 99834
1.39 99935
1.28 100036
1.42 100136
1.75 100238
1.92 100339
1.92 100440
1.06 100541
1.01 100642
1.17 100743
1.15 100844
1.11 100945
1.28 101046
1.53 101147
1.38 101249
0.92 101349
0.79 101450
1.18 101552
2.70 101652
6.45 101753
9.60 101855
7.34 101955
3.89 102056
1.99 102158
1.16 102258
0.57 102360
0.35 102461
0.31 102561
0.41 102663
0.70 102764
1.21 102864
1.61 102966
1.45 103067
1.42 103168
1.29 103269
1.22 103370
1.19 103471
1.24 103572
1.03 103673
0.61 103774
0.54 103875
0.45 103976
0.53 104077
0.72 104178
0.99 104279
1.01 104380
1.01 104481
0.75 104582
0.56 104683
0.52 104784
0.63 104885
1.13 104986
1.79 105088
1.70 105188
1.56 105289
1.83 105391
2.22 105491
2.55 105592
2.60 105694
2.61 105794
2.64 105895
1.96 105997
1.67 106097
1.71 106199
1.93 106300
2.35 106400
2.85 106502
2.93 106603
2.02 106703
1.23 106805
0.72 106906
0.21 107006
0.12 107108
0.14 107209
0.11 107310
0.08 107411
0.06 107512
0.03 107613
0.02 107714
0.01 107815
-0.00 107916
-0.01 108017
-0.02 108118
-0.03 108219
-0.03 108320
-0.03 108421
-0.03 108522
-0.01 108623
-0.01 108724
-0.01 108825
-0.01 108926
-0.01 109027
-0.01 109128
0.01 109230
0