=~=~=~=~=~=~=~=~=~=~=~= PuTTY log 2024.05.02 10:53:01 =~=~=~=~=~=~=~=~=~=~=~=
-0.00 7024091
0.00 14192
-0.00 14292
283
0.00 13384
0.00 13485
-0.00 13586
-0.00 13687
0.00 13788
0.00 13889
0.00 13989
0.00 14091
0.00 14192
-0.00 14292
283
0.00 13384
0.00 13485
-0.00 13586
-0.00 13687
0.00 13788
0.00 13889
0.00 13989
0.00 14091
0.00 14192
-0.00 14292
SEEING EYE FORCE DATA COLLECION
Scale setup in 5 seconds
Setting up scale...
READINGS, KGs:
0.00 5818
0.00 5919
0.00 6020
0.00 6121
0.00 6222
0.00 6323
-0.00 6424
-0.00 6524
-0.00 6626
0.00 6726
0.00 6828
0.00 6928
-0.00 7029
-0.00 7131
-0.00 7231
-0.00 7332
0.00 7433
-0.00 7534
-0.00 7634
-0.00 7736
0.00 7837
0.00 7938
0.01 8039
0.01 8139
-0.00 8241
0.00 8341
0.00 8442
0.00 8543
0.01 8644
0.01 8745
0.03 8846
0.06 8947
0.00 9048
0.05 9149
0.03 9249
0.01 9351
0.00 9451
0.03 9552
0.06 9654
0.03 9754
0.01 9856
-0.02 9956
-0.02 10057
-0.01 10158
-0.01 10259
0.01 10360
0.01 10461
-0.02 10562
-0.04 10662
-0.06 10764
-0.08 10865
-0.09 10966
-0.09 11067
-0.07 11168
-0.07 11269
-0.08 11370
-0.07 11470
-0.08 11572
-0.08 11673
-0.08 11773
-0.08 11875
-0.08 11975
-0.08 12077
-0.08 12178
-0.07 12278
-0.07 12380
-0.07 12480
-0.07 12581
-0.07 12683
-0.07 12783
-0.07 12884
-0.07 12985
-0.07 13086
-0.06 13188
-0.06 13288
-0.06 13389
-0.05 13491
-0.05 13591
-0.05 13692
-0.05 13793
-0.04 13894
-0.04 13996
-0.03 14096
-0.02 14197
-0.01 14298
0.00 14399
0.03 14500
0.05 14601
0.07 14702
0.08 14802
0.08 14904
0.06 15005
0.05 15106
0.05 15207
0.05 15307
0.05 15409
0.06 15510
0.05 15610
0.05 15712
0.06 15812
0.06 15913
0.06 16015
0.07 16115
0.07 16217
0.07 16317
0.07 16418
0.08 16520
0.07 16620
0.08 16721
0.08 16822
0.07 16923
0.04 17025
0.02 17125
0.01 17226
0.00 17327
0.00 17428
0.00 17529
0.03 17630
0.04 17731
0.05 17831
0.06 17933
0.09 18034
0.11 18135
0.11 18236
0.13 18336
0.13 18438
0.13 18539
0.13 18639
0.11 18741
0.11 18842
0.10 18942
0.09 19044
0.07 19144
0.07 19246
0.07 19347
0.08 19447
0.08 19549
0.09 19649
0.10 19750
0.10 19852
0.09 19952
0.08 20054
0.07 20154
0.07 20255
0.08 20357
0.09 20457
0.11 20558
0.11 20659
0.11 20760
0.11 20861
0.11 20962
0.12 21063
0.12 21164
0.12 21265
0.13 21366
0.13 21467
0.11 21568
0.11 21669
0.10 21770
0.10 21871
0.10 21971
0.09 22073
0.08 22174
0.08 22275
0.07 22376
0.04 22476
0.03 22578
0.03 22679
0.02 22779
0.02 22881
0.01 22981
0.02 23083
0.02 23184
0.03 23284
0.04 23386
0.05 23486
0.06 23587
0.08 23689
0.09 23789
0.09 23890
0.11 23991
0.10 24092
0.09 24194
0.09 24294
0.08 24395
0.08 24496
0.07 24597
0.07 24698
0.04 24799
0.06 24900
0.09 25000
0.10 25102
0.09 25203
0.09 25304
0.09 25405
0.07 25506
0.06 25607
0.08 25708
0.10 25808
0.11 25910
0.10 26011
0.10 26112
0.11 26213
0.13 26313
0.17 26415
0.21 26516
0.32 26616
0.39 26718
0.47 26818
0.57 26919
0.64 27021
0.71 27121
0.70 27223
0.56 27324
0.56 27424
0.47 27526
0.42 27626
0.42 27727
0.42 27829
0.43 27929
0.41 28030
0.41 28131
0.44 28232
0.47 28334
0.50 28434
0.52 28535
0.55 28636
0.60 28737
0.64 28838
0.65 28939
0.68 29040
0.71 29142
0.71 29242
0.70 29343
0.68 29444
0.67 29545
0.65 29646
0.63 29747
0.62 29848
0.63 29948
0.64 30050
0.64 30151
0.64 30252
0.65 30353
0.65 30454
0.64 30555
0.65 30656
0.64 30756
0.63 30858
0.63 30959
0.63 31059
0.62 31161
0.62 31261
0.64 31363
0.65 31464
0.63 31564
0.63 31666
0.62 31766
0.62 31867
0.60 31969
0.59 32069
0.60 32171
0.61 32272
0.58 32372
0.58 32474
0.58 32574
0.58 32675
0.57 32777
0.57 32877
0.57 32978
0.57 33079
0.55 33180
0.54 33282
0.54 33382
0.54 33483
0.55 33585
0.56 33685
0.56 33786
0.56 33887
0.58 33988
0.58 34089
0.56 34190
0.55 34291
0.54 34392
0.54 34493
0.53 34594
0.53 34695
0.53 34796
0.53 34896
0.54 34998
0.54 35099
0.55 35200
0.56 35301
0.57 35402
0.56 35503
0.56 35604
0.57 35704
0.55 35806
0.53 35907
0.53 36007
0.53 36109
0.54 36209
0.52 36311
0.51 36412
0.50 36512
0.49 36614
0.47 36715
0.46 36815
0.47 36917
0.47 37017
0.49 37118
0.61 37220
1.54 37320
1.84 37422
1.91 37522
1.70 37623
1.31 37725
1.17 37825
1.34 37926
1.38 38028
0.84 38128
0.83 38230
1.12 38330
1.21 38431
1.12 38533
1.25 38633
1.58 38734
1.65 38835
1.38 38936
1.36 39037
1.10 39138
1.13 39239
1.47 39341
1.66 39441
1.57 39542
1.41 39643
1.31 39744
0.89 39845
0.89 39946
1.08 40047
1.06 40147
1.01 40249
1.65 40350
3.18 40451
4.48 40552
3.04 40653
1.38 40754
0.53 40855
0.46 40955
0.51 41057
0.52 41158
0.52 41259
0.42 41360
0.48 41460
0.63 41562
0.80 41663
0.85 41763
0.78 41865
0.70 41966
0.56 42066
0.47 42168
0.41 42268
0.49 42370
0.64 42471
0.65 42571
0.63 42673
0.82 42773
1.14 42874
1.70 42976
4.53 43076
4.85 43177
4.57 43279
3.08 43379
1.22 43481
0.65 43581
0.60 43682
0.61 43784
0.61 43884
0.45 43985
0.48 44086
0.54 44187
0.57 44289
0.58 44389
0.59 44490
0.54 44591
0.32 44692
0.22 44793
0.18 44894
0.19 44995
0.26 45096
0.53 45197
1.48 45298
3.24 45399
5.19 45500
4.89 45601
3.71 45702
2.42 45803
1.16 45903
0.39 46005
0.30 46106
0.40 46206
0.44 46308
0.18 46409
0.34 46510
0.65 46611
0.81 46711
0.72 46813
0.61 46914
0.66 47014
0.70 47116
0.52 47216
0.60 47318
0.70 47419
0.62 47519
0.55 47621
0.55 47722
0.52 47822
0.52 47924
0.72 48024
1.97 48125
3.11 48227
4.33 48327
5.04 48429
4.41 48529
2.47 48630
0.88 48732
0.44 48832
0.51 48933
0.55 49035
0.74 49135
0.73 49236
0.51 49337
0.39 49438
0.45 49540
0.56 49640
0.43 49741
0.46 49842
0.45 49943
0.44 50044
0.56 50145
0.85 50246
1.43 50347
2.32 50448
3.83 50549
4.00 50650
4.15 50751
3.43 50852
1.86 50953
0.75 51054
0.36 51154
0.21 51256
0.16 51357
0.19 51458
0.26 51559
0.33 51659
0.36 51761
0.49 51862
0.41 51962
0.27 52064
0.19 52165
0.18 52265
0.23 52367
0.29 52467
0.50 52569
1.13 52670
2.07 52770
3.64 52872
5.35 52972
5.14 53073
3.81 53175
1.83 53275
0.83 53377
0.47 53478
0.26 53578
0.27 53680
0.27 53780
0.23 53881
0.17 53983
0.19 54083
0.26 54184
0.34 54285
0.35 54386
0.35 54488
0.45 54588
0.30 54689
0.26 54790
0.32 54891
0.47 54992
0.60 55093
0.55 55194
0.51 55296
0.48 55396
0.48 55497
0.71 55598
1.15 55699
1.43 55800
1.40 55901
1.39 56002
1.18 56102
0.83 56204
0.98 56305
1.08 56406
0.95 56507
0.82 56608
0.86 56709
0.73 56810
0.45 56910
0.38 57012
0.43 57113
0.60 57213
0.52 57315
0.53 57415
0.64 57517
0.55 57618
0.46 57718
0.58 57820
1.01 57920
1.22 58021
1.21 58123
1.45 58223
1.72 58324
1.76 58426
1.41 58526
1.06 58628
0.71 58728
0.25 58829
0.25 58931
0.19 59031
0.11 59132
0.03 59233
-0.01 59334
-0.02 59436
-0.03 59536
-0.05 59637
-0.04 59739
-0.03 59839
-0.01 59940
-0.00 60041
-0.01 60142
-0.03 60243
-0.06 60344
-0.01 60445
0.08 60546
0.07 60647
0.02 60748
-0.05 60849
-0.09 60950
-0.13 61050
-0.13 61152
-0.10 61253
-0.07 61353
-