=~=~=~=~=~=~=~=~=~=~=~= PuTTY log 2024.05.02 09:52:09 =~=~=~=~=~=~=~=~=~=~=~=
-0.02 58572

-0.01 119980
-0.01 120080
-0.01 120181
SEEING EYE FORCE DATA COLLECION
Scale setup in 5 seconds
Setting up scale...
READINGS, KGs:
0.00 5848
0.00 5948
-0.00 6049
0.00 6151
0.00 6251
0.00 6352
0.00 6453
0.00 6554
0.00 6654
-0.00 6756
0.00 6856
-0.00 6958
0.00 7059
0.00 7159
-0.00 7261
-0.00 7361
-0.00 7462
-0.00 7563
-0.00 7664
-0.00 7764
-0.00 7866
0.01 7967
0.01 8068
-0.00 8169
-0.01 8269
0.01 8371
0.00 8471
0.02 8572
0.00 8674
-0.05 8774
-0.08 8876
-0.08 8976
-0.08 9077
-0.11 9178
-0.09 9279
-0.07 9379
-0.08 9481
-0.08 9582
-0.07 9682
-0.08 9784
-0.08 9884
-0.08 9986
-0.11 10086
-0.11 10187
-0.09 10289
-0.07 10389
-0.07 10490
-0.08 10592
-0.08 10692
-0.08 10793
-0.07 10894
-0.06 10995
-0.03 11097
-0.07 11197
-0.10 11298
-0.09 11399
-0.09 11500
-0.09 11601
-0.05 11702
-0.03 11803
-0.03 11904
-0.02 12005
0.05 12106
0.15 12207
0.24 12308
0.32 12408
0.44 12510
0.37 12611
0.30 12711
0.27 12813
0.25 12914
0.23 13015
0.21 13116
0.21 13216
0.19 13318
0.20 13419
0.21 13519
0.23 13621
0.23 13721
0.25 13822
0.25 13924
0.26 14024
0.19 14126
0.17 14226
0.18 14327
0.20 14429
0.20 14529
0.18 14630
0.16 14732
0.14 14832
0.11 14934
0.09 15034
0.06 15135
0.08 15237
0.09 15337
0.09 15438
0.09 15539
0.08 15640
0.07 15741
0.05 15842
0.05 15943
0.06 16044
0.07 16145
0.08 16246
0.08 16347
0.06 16448
0.05 16548
0.06 16650
0.06 16751
0.06 16851
0.07 16953
0.05 17053
0.03 17155
0.02 17256
0.02 17356
0.03 17458
0.03 17558
0.02 17659
0.02 17761
0.03 17861
0.03 17963
0.04 18063
0.05 18164
0.03 18266
0.04 18366
0.04 18467
0.04 18568
0.06 18669
0.08 18770
0.08 18871
0.09 18972
0.10 19073
0.10 19174
0.10 19275
0.11 19376
0.11 19477
0.11 19578
0.12 19679
0.12 19780
0.11 19880
0.10 19982
0.09 20083
0.07 20184
0.06 20285
0.03 20385
0.01 20487
0.01 20588
0.00 20688
-0.02 20790
-0.02 20890
-0.02 20992
-0.02 21093
-0.02 21193
-0.03 21295
-0.02 21395
-0.02 21496
-0.02 21598
-0.02 21698
-0.02 21799
-0.02 21900
-0.01 22001
-0.01 22103
-0.02 22203
-0.02 22304
-0.02 22406
-0.03 22506
-0.03 22607
-0.03 22708
-0.04 22809
-0.04 22910
-0.04 23011
-0.04 23112
-0.04 23213
-0.04 23314
-0.05 23415
-0.05 23516
-0.04 23617
-0.04 23717
-0.04 23819
-0.04 23920
-0.04 24020
-0.04 24122
-0.04 24222
-0.03 24324
-0.03 24425
-0.03 24525
-0.04 24627
-0.04 24728
-0.03 24828
-0.03 24930
-0.03 25030
-0.03 25132
-0.03 25233
-0.03 25333
-0.03 25435
-0.02 25535
-0.03 25636
-0.03 25738
-0.02 25838
-0.02 25939
-0.02 26040
-0.03 26141
-0.03 26243
-0.03 26343
-0.02 26444
-0.02 26545
-0.03 26646
-0.03 26747
-0.03 26848
-0.03 26949
-0.03 27051
-0.03 27151
-0.03 27252
-0.03 27353
-0.03 27454
-0.03 27555
-0.03 27656
-0.03 27757
-0.03 27857
-0.03 27959
-0.03 28060
-0.04 28161
-0.04 28262
-0.04 28362
-0.04 28464
-0.04 28565
-0.05 28665
-0.05 28767
-0.05 28867
-0.05 28968
-0.05 29070
-0.05 29170
-0.05 29272
-0.04 29373
-0.04 29473
-0.04 29575
-0.04 29675
-0.05 29776
-0.05 29878
-0.04 29978
-0.04 30080
-0.04 30180
-0.04 30281
-0.04 30383
-0.04 30483
-0.04 30584
-0.04 30685
-0.04 30786
-0.04 30887
-0.04 30988
-0.04 31089
-0.04 31190
-0.04 31291
-0.04 31392
-0.04 31493
-0.04 31594
-0.04 31695
-0.04 31796
-0.04 31897
-0.05 31997
-0.04 32099
-0.04 32200
-0.03 32301
-0.04 32402
-0.04 32502
-0.04 32604
-0.04 32705
-0.03 32805
-0.03 32907
-0.04 33007
-0.04 33108
-0.04 33210
-0.04 33310
-0.03 33412
-0.03 33513
-0.04 33613
-0.04 33715
-0.04 33815
-0.04 33916
-0.04 34018
-0.04 34118
-0.04 34220
-0.04 34320
-0.04 34421
-0.04 34523
-0.04 34623
-0.04 34724
-0.03 34825
-0.02 34926
0.02 35027
0.14 35128
0.37 35229
0.67 35330
0.69 35431
0.46 35532
0.31 35633
0.94 35734
0.94 35835
0.50 35936
0.19 36037
0.13 36137
0.12 36239
0.06 36340
0.03 36441
-0.02 36542
-0.01 36642
-0.00 36744
-0.02 36845
0.01 36945
0.02 37047
0.01 37147
0.03 37249
0.00 37350
-0.01 37450
-0.01 37552
0.00 37652
-0.00 37753
-0.01 37855
0.02 37955
0.17 38056
0.32 38157
0.52 38258
0.63 38360
0.83 38460
1.21 38561
1.88 38663
2.50 38763
3.05 38864
3.01 38965
0.91 39066
0.30 39168
0.06 39268
-0.01 39369
-0.03 39470
-0.04 39571
-0.04 39672
-0.05 39773
-0.04 39874
-0.03 39975
-0.05 40076
-0.05 40177
-0.04 40278
-0.05 40379
-0.05 40480
-0.02 40581
0.01 40682
0.02 40782
0.09 40884
0.35 40985
0.89 41085
1.36 41187
1.89 41287
2.48 41389
1.98 41490
1.22 41590
0.63 41692
0.19 41792
-0.00 41893
-0.04 41995
-0.04 42095
-0.03 42196
-0.02 42298
-0.02 42398
-0.04 42500
-0.04 42600
-0.04 42701
-0.05 42803
-0.05 42903
-0.05 43004
-0.05 43105
0.02 43206
0.16 43308
0.73 43408
1.85 43509
3.08 43610
4.68 43711
4.79 43812
3.88 43913
1.34 44014
0.64 44115
0.30 44216
0.13 44317
0.06 44418
-0.01 44519
-0.03 44620
-0.03 44721
-0.06 44822
-0.05 44922
-0.06 45024
-0.06 45125
-0.05 45225
-0.01 45327
-0.01 45427
-0.04 45529
-0.02 45630
-0.03 45730
0.01 45832
0.05 45932
0.04 46033
0.05 46135
0.04 46235
0.05 46337
0.41 46438
2.48 46538
3.57 46640
4.91 46740
5.20 46841
4.45 46943
3.81 47043
3.22 47144
2.02 47245
0.32 47346
0.08 47448
-0.03 47548
-0.03 47649
-0.03 47751
-0.06 47851
-0.05 47952
-0.04 48053
-0.07 48154
-0.04 48256
0.02 48356
0.06 48457
0.03 48558
0.02 48659
0.13 48760
0.55 48861
2.41 48962
3.02 49062
3.46 49164
3.64 49265
4.09 49366
3.56 49467
2.24 49568
1.38 49669
0.52 49770
0.17 49870
-0.07 49972
-0.11 50073
-0.07 50173
-0.03 50275
-0.01 50375
-0.00 50477
-0.03 50578
-0.03 50678
-0.03 50780
-0.05 50880
-0.12 50981
-0.08 51083
-0.02 51183
0.11 51284
0.72 51386
3.18 51486
4.58 51588
5.16 51688
3.97 51789
2.04 51891
0.87 51991
0.48 52092
0.32 52193
0.10 52294
0.02 52396
-0.01 52496
-0.01 52597
-0.02 52698
-0.04 52799
-0.05 52900
-0.05 53001
-0.06 53102
-0.04 53203
-0.04 53304
-0.04 53405
-0.05 53506
-0.05 53607
-0.05 53708
-0.05 53809
-0.07 53910
-0.07 54010
-0.04 54112
-0.04 54213
-0.08 54313
-0.07 54415
-0.06 54515
-0.07 54617
-0.07 54718
-0.07 54818
-0.08 54920
-0.07 55020
-0.06 55121
-0.08 55223
-0.06 55323
-0.06 55425
-0.06 55526
-0.08 55626
-0.06 55728
-0.04 55828
-0.03 55929
-0.04 56031
-0.04 56131
-0.04 56232
-0.02 56333
-0.02 56434
-0.01 56536
-0.01 56636
-0.02 56737
-0.03 56838
-0.03 56939
-0.02 57040
-0.00 57141
0.01 57242
0.01 57342
0.02 57444
0.05 57545
0.08 57646
0.08 57747
0.06 57847
0.03 57949
0.03 58050
0.04 58150
0.02 58252
0.01 58353
-