=~=~=~=~=~=~=~=~=~=~=~= PuTTY log 2024.05.02 10:22:52 =~=~=~=~=~=~=~=~=~=~=~=
927
695
01 125587
0.01 125687
0.01 125789
0.01 125889
0.01 125990
0.01 126092
0.01 126192
0.01 126294
0.01 126395
0.01 126495
01 125587
0.01 125687
0.01 125789
0.01 125889
0.01 125990
0.01 126092
0.01 126192
0.01 126294
0.01 126395
0.01 126495
01 125587
0.01 125687
0.01 125789
0.01 125889
0.01 125990
0.01 126092
0.01 126192
0.01 126294
0.01 126395
0.01 126495
SEEING EYE FORCE DATA COLLECION
Scale setup in 5 seconds
Setting up scale...
READINGS, KGs:
0.00 5832
0.00 5933
-0.00 6034
-0.00 6135
0.00 6236
0.00 6337
-0.00 6437
-0.00 6539
0.00 6639
0.00 6740
0.00 6841
0.00 6942
0.00 7043
0.00 7144
-0.00 7245
-0.00 7346
0.00 7447
0.00 7547
0.00 7649
0.00 7749
-0.00 7851
0.00 7952
0.00 8052
-0.00 8154
0.00 8254
0.05 8355
0.06 8456
0.07 8557
0.08 8657
0.08 8759
0.09 8860
0.10 8961
0.12 9062
0.16 9162
0.20 9264
0.19 9364
0.27 9465
0.23 9567
0.19 9667
0.16 9768
0.14 9869
-0.01 9970
-0.05 10071
0.02 10172
0.05 10273
-0.00 10374
-0.01 10475
-0.03 10575
-0.03 10677
0.02 10778
0.04 10878
0.02 10980
0.02 11080
0.02 11182
0.03 11283
0.04 11383
0.07 11485
0.09 11585
0.07 11686
0.07 11788
0.07 11888
0.11 11990
0.17 12090
0.18 12191
0.17 12293
0.10 12393
0.12 12494
0.16 12595
0.19 12696
0.14 12797
0.04 12898
0.02 12999
0.07 13101
0.11 13201
0.13 13302
0.09 13403
0.08 13504
0.13 13605
0.17 13706
0.15 13807
0.12 13907
0.10 14009
0.08 14110
0.12 14211
0.12 14312
0.11 14412
0.10 14514
0.13 14615
0.13 14715
0.11 14817
0.12 14917
0.13 15019
0.12 15120
0.13 15220
0.16 15322
0.19 15423
0.18 15523
0.15 15625
0.13 15725
0.16 15826
0.16 15928
0.17 16028
0.15 16130
0.13 16230
0.12 16331
0.12 16433
0.16 16533
0.19 16634
0.19 16735
0.20 16836
0.16 16937
0.13 17038
0.08 17139
0.06 17241
0.05 17341
0.06 17442
0.07 17543
0.09 17644
0.08 17745
0.13 17846
0.15 17947
0.13 18048
0.18 18149
0.21 18250
0.14 18351
0.17 18452
0.15 18552
0.11 18654
0.09 18755
0.10 18855
0.09 18957
0.09 19057
0.05 19159
0.03 19260
0.01 19360
0.01 19462
-0.01 19563
-0.01 19663
-0.00 19765
-0.01 19865
-0.02 19966
-0.02 20068
-0.01 20168
-0.02 20270
-0.01 20370
-0.04 20471
-0.04 20573
-0.05 20673
-0.04 20774
-0.04 20875
-0.03 20976
-0.05 21078
-0.08 21178
-0.07 21279
-0.06 21381
-0.05 21481
-0.05 21582
-0.06 21683
-0.06 21784
-0.06 21885
-0.06 21986
-0.05 22087
-0.06 22188
-0.07 22289
-0.07 22390
-0.08 22491
-0.07 22592
-0.07 22692
-0.07 22794
-0.06 22895
-0.08 22995
-0.07 23097
-0.05 23197
-0.10 23299
-0.10 23400
-0.07 23500
-0.06 23602
-0.07 23703
-0.07 23803
-0.06 23905
-0.06 24005
-0.06 24107
-0.07 24208
-0.08 24308
-0.08 24410
-0.06 24510
-0.07 24611
-0.08 24713
-0.08 24813
-0.05 24914
-0.07 25015
-0.08 25116
-0.08 25218
-0.06 25318
-0.05 25419
-0.06 25520
-0.06 25621
-0.03 25722
-0.03 25823
-0.02 25924
-0.02 26025
-0.01 26126
-0.02 26227
-0.01 26328
0.00 26429
0.01 26530
0.02 26631
0.03 26732
0.03 26832
0.04 26934
0.06 27035
0.07 27136
0.10 27237
0.12 27337
0.15 27439
0.15 27540
0.16 27640
0.15 27742
0.14 27842
0.18 27943
0.16 28045
0.12 28145
0.20 28247
0.18 28348
0.16 28448
0.13 28550
0.12 28650
0.15 28751
0.15 28853
0.15 28953
0.15 29054
0.16 29155
0.18 29256
0.18 29358
0.18 29458
0.17 29559
0.15 29660
0.15 29761
0.16 29862
0.16 29963
0.17 30064
0.18 30166
0.18 30266
0.19 30367
0.18 30468
0.18 30569
0.18 30670
0.19 30771
0.19 30872
0.19 30972
0.19 31074
0.19 31175
0.18 31276
0.18 31377
0.18 31477
0.17 31579
0.17 31680
0.16 31780
0.15 31882
0.16 31983
0.15 32083
0.14 32185
0.15 32285
0.14 32387
0.14 32488
0.15 32588
0.16 32690
0.16 32790
0.15 32891
0.16 32993
0.16 33093
0.18 33195
0.18 33295
0.19 33396
0.22 33498
0.37 33598
0.70 33699
1.30 33800
2.22 33901
2.54 34002
2.94 34103
3.29 34204
3.09 34306
2.91 34406
2.21 34507
1.93 34608
2.01 34709
1.51 34810
1.52 34911
1.48 35012
1.73 35113
2.08 35214
2.48 35315
2.84 35416
2.65 35517
2.31 35618
2.31 35719
2.02 35820
2.17 35920
2.53 36022
2.78 36123
2.79 36224
2.66 36325
2.65 36426
3.02 36527
3.13 36628
3.20 36728
3.14 36830
3.02 36931
2.83 37031
2.74 37133
2.72 37233
2.75 37335
2.75 37436
2.73 37536
2.69 37638
2.60 37739
2.62 37839
2.69 37941
2.67 38041
2.65 38142
1.97 38244
1.68 38344
1.65 38446
1.64 38547
1.70 38647
2.03 38749
2.29 38849
2.23 38950
2.26 39052
2.34 39152
2.41 39254
2.48 39354
2.48 39455
2.44 39557
2.48 39657
2.57 39758
2.74 39860
2.64 39960
2.60 40061
2.53 40162
2.40 40263
2.39 40365
2.34 40465
2.28 40566
2.20 40667
2.22 40768
2.43 40869
2.58 40970
2.72 41071
3.28 41172
3.80 41273
3.81 41374
3.49 41475
3.53 41576
3.40 41677
3.28 41778
3.30 41879
3.39 41979
3.43 42081
3.33 42182
3.46 42283
3.13 42384
3.04 42485
3.39 42586
3.52 42687
3.38 42787
3.56 42889
3.35 42990
3.14 43090
2.66 43192
2.27 43293
2.23 43394
2.74 43495
3.20 43595
3.30 43697
3.07 43798
3.03 43898
2.93 44000
3.01 44100
3.04 44201
2.91 44303
2.70 44403
2.52 44505
2.50 44606
2.55 44706
2.67 44808
2.60 44908
2.58 45009
2.50 45111
2.32 45211
2.23 45313
2.13 45413
2.02 45514
2.23 45616
2.32 45716
2.35 45817
2.51 45919
2.45 46019
2.26 46120
2.34 46221
2.43 46322
2.51 46424
2.59 46524
2.54 46625
2.36 46727
2.25 46827
2.27 46928
2.17 47029
2.15 47130
2.26 47232
1.95 47332
1.91 47433
1.95 47534
1.91 47635
1.92 47736
2.00 47837
2.04 47938
2.02 48039
2.22 48140
2.23 48241
2.27 48342
2.45 48443
2.73 48544
3.00 48645
3.27 48746
3.61 48846
3.10 48948
2.81 49049
2.69 49149
2.33 49251
2.31 49352
2.51 49453
2.56 49554
2.81 49654
3.06 49756
2.90 49857
2.64 49957
2.69 50059
2.62 50159
2.58 50260
2.62 50362
2.78 50462
2.83 50564
2.38 50665
2.48 50765
2.51 50867
2.64 50967
2.80 51068
2.83 51170
2.61 51270
2.66 51372
2.23 51473
2.28 51573
2.32 51675
1.94 51775
1.79 51876
1.91 51978
1.92 52078
2.12 52179
2.17 52280
2.22 52381
2.31 52483
2.57 52583
2.87 52684
2.81 52786
2.44 52886
2.45 52987
2.53 53088
2.40 53189
2.22 53291
2.03 53391
1.59 53492
1.51 53593
1.50 53694
1.57 53795
2.75 53896
2.23 53997
1.85 54098
2.02 54199
2.08 54300
2.15 54401
2.37 54502
2.65 54603
2.98 54704
3.02 54805
2.44 54906
1.70 55007
1.10 55108
0.70 55208
0.43 55310
0.21 55411
0.11 55512
0.08 55613
0.07 55713
0.06 55815
0.05 55916
0.03 56016
0.02 56118
0.07 56218
0.21 56320
0.22 56421
0.18 56521
0.24 56623
0.30 56723
0.28 56824
0.31 56926
0.30 57026
0.14 57127
0