=~=~=~=~=~=~=~=~=~=~=~= PuTTY log 2024.05.02 10:20:44 =~=~=~=~=~=~=~=~=~=~=~=
-0.01 156751509
0.38 161610
0.37 161712
0.37 161812
0.37 161913
0.37 162015
0.37 162115
0.37 162216
0.37 162318
37 161409
0.37 161509
0.38 161610
0.37 161712
0.37 161812
0.37 161913
0.37 162015
0.37 162115
0.37 162216
0.37 162318
37 161409
0.37 161509
0.38 161610
0.37 161712
0.37 161812
0.37 161913
0.37 162015
0.37 162115
0.37 162216
0.37 162318
SEEING EYE FORCE DATA COLLECION
Scale setup in 5 seconds
Setting up scale...
READINGS, KGs:
-0.00 5815
-0.00 5916
-0.00 6017
-0.00 6118
-0.00 6218
0.00 6320
0.00 6420
-0.00 6521
-0.00 6623
-0.00 6723
0.00 6824
0.00 6925
-0.00 7026
-0.00 7127
-0.00 7228
-0.00 7328
-0.00 7430
-0.00 7531
-0.00 7631
-0.00 7733
-0.00 7833
-0.00 7934
0.00 8035
-0.00 8136
0.00 8237
-0.02 8338
-0.04 8439
0.00 8540
0.04 8641
0.05 8741
0.05 8843
0.08 8943
0.16 9044
0.17 9146
0.18 9246
0.15 9348
0.11 9448
0.13 9549
0.18 9650
0.11 9751
0.00 9852
-0.03 9953
-0.08 10054
-0.07 10155
-0.06 10256
-0.04 10356
-0.02 10458
-0.02 10559
-0.02 10659
-0.01 10761
0.04 10861
0.05 10962
0.05 11064
0.03 11164
0.03 11266
0.03 11367
0.02 11467
0.01 11569
0.03 11669
0.01 11770
0.00 11872
0.00 11972
0.00 12073
-0.00 12174
-0.01 12275
-0.01 12377
-0.01 12477
-0.02 12578
-0.01 12679
-0.00 12780
-0.01 12881
-0.02 12982
-0.02 13083
-0.03 13184
-0.02 13285
-0.02 13386
-0.01 13487
0.00 13588
0.01 13688
-0.00 13790
-0.01 13891
-0.01 13991
0.01 14093
-0.00 14194
0.00 14295
0.01 14396
0.01 14496
0.01 14598
-0.00 14699
-0.01 14799
-0.01 14901
-0.01 15001
-0.01 15102
-0.01 15204
-0.00 15304
0.00 15406
-0.00 15506
-0.00 15607
0.00 15709
0.02 15809
0.02 15910
0.02 16011
0.01 16112
0.01 16214
0.02 16314
0.03 16415
0.02 16516
0.03 16617
0.02 16718
0.01 16819
0.02 16920
0.04 17020
0.04 17122
0.04 17223
0.05 17324
0.05 17425
0.06 17525
0.06 17627
0.06 17728
0.07 17828
0.07 17930
0.06 18030
0.07 18131
0.07 18233
0.06 18333
0.06 18435
0.06 18535
0.06 18636
0.07 18738
0.06 18838
0.07 18939
0.07 19041
0.03 19141
0.02 19243
0.02 19343
0.01 19444
0.00 19546
-0.01 19646
-0.01 19747
0.01 19848
0.02 19949
0.01 20050
0.02 20151
0.01 20252
-0.00 20353
0.00 20454
-0.02 20555
-0.03 20656
-0.02 20757
-0.02 20857
-0.04 20959
-0.04 21060
-0.04 21160
-0.04 21262
-0.06 21362
-0.05 21464
-0.06 21565
-0.07 21665
-0.07 21767
-0.07 21868
-0.07 21968
-0.06 22070
-0.06 22170
-0.07 22272
-0.07 22373
-0.07 22473
-0.07 22575
-0.07 22675
-0.07 22776
-0.07 22878
-0.07 22978
-0.07 23079
-0.07 23180
-0.08 23281
-0.07 23383
-0.07 23483
-0.07 23584
-0.07 23685
-0.07 23786
-0.08 23887
-0.08 23988
-0.07 24089
-0.07 24190
-0.07 24291
-0.07 24392
-0.07 24493
-0.07 24594
-0.07 24695
-0.07 24796
-0.07 24897
-0.07 24997
-0.07 25099
-0.07 25200
-0.07 25300
-0.07 25402
-0.07 25502
-0.07 25604
-0.06 25705
-0.06 25805
-0.06 25907
-0.06 26007
-0.07 26108
-0.07 26210
-0.06 26310
-0.06 26412
-0.06 26513
-0.06 26613
-0.06 26715
-0.06 26815
-0.06 26916
-0.06 27018
-0.06 27118
-0.07 27219
-0.06 27320
-0.06 27421
-0.06 27523
-0.06 27623
-0.07 27724
-0.07 27825
-0.07 27926
-0.06 28027
-0.06 28128
-0.06 28229
-0.07 28329
-0.06 28431
-0.06 28532
-0.06 28633
-0.06 28734
-0.06 28835
-0.06 28936
-0.06 29037
-0.07 29137
-0.06 29239
-0.06 29340
-0.06 29441
-0.06 29542
-0.06 29642
-0.06 29744
-0.07 29845
-0.07 29945
-0.07 30047
-0.07 30147
-0.07 30248
-0.07 30350
-0.07 30450
-0.07 30552
-0.07 30653
-0.07 30753
-0.07 30855
-0.07 30955
-0.07 31056
-0.06 31158
-0.06 31258
-0.06 31360
-0.07 31460
-0.07 31561
-0.07 31663
-0.08 31763
-0.08 31864
-0.07 31965
-0.07 32066
-0.07 32167
-0.06 32268
-0.06 32369
-0.06 32470
-0.06 32571
-0.06 32672
-0.07 32773
-0.07 32874
-0.07 32975
-0.07 33076
-0.07 33177
-0.07 33277
-0.07 33379
-0.07 33480
-0.07 33581
-0.07 33682
-0.07 33782
-0.07 33884
-0.04 33985
0.12 34085
0.22 34187
0.15 34287
0.15 34388
0.29 34490
0.43 34590
0.55 34692
0.67 34792
0.72 34893
0.62 34995
0.61 35095
0.63 35196
0.63 35298
0.40 35398
0.38 35500
0.51 35600
0.50 35701
0.40 35803
0.36 35903
0.32 36004
0.28 36105
0.24 36206
0.30 36307
0.31 36408
0.30 36509
0.34 36611
0.21 36711
0.21 36812
0.30 36913
0.49 37014
0.53 37115
0.29 37216
0.31 37317
0.20 37417
0.26 37519
0.33 37620
0.34 37721
0.24 37822
0.15 37922
0.19 38024
0.17 38125
0.21 38225
0.25 38327
0.34 38428
0.36 38529
0.26 38630
0.26 38730
0.28 38832
0.27 38933
0.43 39033
0.71 39135
1.06 39235
1.20 39336
1.18 39438
1.36 39538
1.60 39640
1.62 39741
1.42 39841
1.63 39943
1.95 40043
1.93 40144
1.88 40246
2.18 40346
2.36 40448
2.40 40548
1.94 40649
1.97 40751
1.97 40851
1.90 40952
1.94 41054
2.22 41154
2.31 41255
2.27 41356
1.98 41457
2.16 41559
2.08 41659
1.68 41760
1.59 41861
1.54 41962
1.43 42063
1.66 42164
1.90 42265
1.80 42366
1.53 42467
1.62 42568
1.51 42669
1.75 42770
1.90 42871
1.90 42972
2.22 43073
2.28 43173
2.26 43275
1.97 43376
1.80 43476
1.99 43578
2.23 43679
2.28 43780
2.25 43881
2.15 43981
2.05 44083
2.21 44184
2.44 44284
2.65 44386
2.81 44487
2.82 44588
2.61 44689
2.10 44789
2.22 44891
2.85 44992
3.69 45092
4.29 45194
4.73 45294
4.74 45395
4.39 45497
4.30 45597
4.06 45699
3.75 45800
3.77 45900
3.71 46002
3.72 46102
3.79 46203
3.31 46305
3.05 46405
2.87 46507
2.43 46607
2.08 46708
1.95 46810
1.94 46910
2.01 47011
1.81 47113
1.28 47213
0.76 47314
0.63 47415
0.48 47516
0.50 47618
0.70 47718
0.99 47819
1.40 47920
1.96 48021
2.77 48122
2.89 48223
2.97 48324
3.01 48425
2.93 48526
2.82 48627
2.58 48728
2.39 48829
2.27 48930
2.24 49031
2.24 49132
2.20 49232
2.17 49334
2.26 49435
2.19 49536
1.80 49637
0.98 49738
0.79 49839
0.75 49940
0.82 50040
1.04 50142
1.15 50243
1.22 50343
1.46 50445
1.66 50545
1.60 50647
1.66 50748
1.74 50848
1.71 50950
1.66 51051
1.80 51151
1.94 51253
1.94 51353
1.91 51454
1.89 51556
1.92 51656
1.93 51758
2.01 51858
2.09 51959
2.12 52061
2.35 52161
2.19 52262
1.81 52364
1.45 52464
1.40 52566
1.75 52666
2.03 52767
2.14 52869
2.28 52969
3.23 53070
3.52 53172
3.69 53272
3.53 53373
3.50 53474
3.59 53575
3.53 53677
3.54 53777
3.08 53878
3.08 53979
3.23 54080
3.43 54181
3.46 54282
3.27 54383
2.90 54484
2.26 54585
1.76 54686
1.00 54787
0.69 54888
0.51 54989
0.58 55090
0.79 55191
0.87 55291
0.88 55393
0.93 55494
0.54 55595
0.25 55696
0.09 55796
0.10 55898
0.11 55999
0.04 56099
-0.01 56201
0.05 56302
0.03 56402
0.02 56504
0.01 56604
0.03 56706
0.09 56807
0.13 56907
0.10 57009
0.13 57109
0.21 57210
0.18 57312
0