=~=~=~=~=~=~=~=~=~=~=~= PuTTY log 2024.05.02 10:33:52 =~=~=~=~=~=~=~=~=~=~=~=
5673
-0.01 125774
-0.01 125875
-0.01 125976

-0.02 125168
-0.01 125268
-0.01 125370
-0.01 125471
-0.02 125572
-0.02 125673
-0.01 125774
-0.01 125875
-0.01 125976
SEEING EYE FORCE DATA COLLECION
Scale setup in 5 seconds
Setting up scale...
READINGS, KGs:
0.00 5854
0.01 5955
0.00 6055
-0.01 6157
0.00 6257
0.00 6359
-0.00 6459
0.00 6560
0.00 6661
-0.00 6762
-0.00 6863
0.00 6964
0.01 7065
0.00 7165
-0.00 7267
0.00 7367
0.00 7469
-0.00 7569
-0.00 7670
-0.00 7772
-0.00 7872
0.00 7973
0.00 8074
0.00 8175
-0.00 8275
0.00 8377
0.00 8478
-0.00 8579
-0.00 8680
0.00 8780
-0.02 8882
-0.07 8982
-0.08 9083
-0.08 9184
-0.07 9285
-0.07 9387
-0.08 9487
-0.07 9588
-0.07 9689
-0.06 9790
-0.05 9890
-0.03 9992
0.02 10093
0.06 10193
0.13 10295
0.19 10395
0.21 10497
0.14 10598
0.03 10698
-0.01 10800
-0.03 10900
-0.05 11001
-0.06 11103
-0.07 11203
-0.07 11304
-0.08 11405
-0.08 11506
-0.07 11608
-0.06 11708
-0.06 11809
-0.05 11910
-0.05 12011
-0.05 12112
-0.06 12213
-0.05 12314
-0.05 12416
-0.05 12516
-0.05 12617
-0.05 12718
-0.05 12819
-0.05 12920
-0.05 13021
-0.05 13122
-0.05 13222
-0.05 13324
-0.04 13425
-0.04 13526
-0.04 13627
-0.03 13727
-0.02 13829
-0.01 13930
-0.00 14030
0.01 14132
0.00 14232
-0.01 14333
-0.01 14435
-0.01 14535
-0.01 14637
-0.02 14738
-0.01 14838
-0.01 14940
-0.02 15040
-0.02 15141
-0.02 15243
-0.03 15343
-0.04 15444
-0.00 15545
-0.01 15646
-0.02 15748
-0.02 15848
-0.04 15949
-0.05 16050
-0.04 16151
-0.04 16252
-0.04 16353
-0.04 16454
-0.04 16555
-0.05 16656
-0.05 16757
-0.05 16858
-0.04 16959
-0.05 17060
-0.06 17161
-0.05 17262
-0.06 17362
-0.06 17464
-0.05 17565
-0.05 17666
-0.05 17767
-0.05 17867
-0.05 17969
-0.04 18070
-0.04 18170
-0.04 18272
-0.04 18372
-0.03 18473
-0.02 18575
-0.01 18675
0.01 18777
0.00 18877
-0.01 18978
-0.03 19080
-0.05 19180
-0.04 19281
-0.05 19382
-0.05 19483
-0.04 19585
-0.04 19685
-0.05 19786
-0.05 19888
-0.05 19988
-0.05 20089
-0.05 20190
-0.05 20291
-0.05 20392
-0.05 20493
-0.05 20594
-0.04 20695
-0.04 20796
-0.05 20897
-0.04 20998
-0.04 21099
-0.04 21199
-0.04 21301
-0.03 21402
-0.03 21502
-0.03 21604
-0.03 21704
-0.03 21806
-0.02 21907
-0.02 22007
-0.02 22109
-0.03 22210
-0.03 22310
-0.03 22412
-0.04 22512
-0.05 22614
-0.05 22715
-0.05 22815
-0.06 22917
-0.06 23017
-0.06 23118
-0.07 23220
-0.07 23320
-0.07 23421
-0.07 23522
-0.07 23623
-0.08 23725
-0.08 23825
-0.08 23926
-0.08 24027
-0.07 24128
-0.08 24229
-0.08 24330
-0.08 24431
-0.08 24532
-0.08 24633
-0.08 24734
-0.08 24835
-0.08 24936
-0.08 25037
-0.08 25138
-0.08 25239
-0.08 25339
-0.08 25441
-0.08 25542
-0.08 25643
-0.08 25744
-0.08 25844
-0.08 25946
-0.08 26047
-0.07 26147
-0.08 26249
-0.09 26349
-0.08 26450
-0.08 26552
-0.08 26652
-0.08 26754
-0.08 26855
-0.08 26955
-0.08 27057
-0.08 27157
-0.08 27258
-0.08 27360
-0.08 27460
-0.08 27561
-0.08 27662
-0.08 27763
-0.08 27865
-0.08 27965
-0.08 28066
-0.08 28167
-0.08 28268
-0.08 28369
-0.08 28470
-0.08 28571
-0.08 28672
-0.08 28773
-0.08 28874
-0.08 28975
-0.07 29076
-0.08 29177
-0.07 29278
-0.08 29379
-0.07 29479
-0.08 29581
-0.07 29682
-0.07 29783
-0.07 29884
-0.07 29984
-0.07 30086
-0.07 30187
-0.07 30287
-0.07 30389
-0.07 30489
-0.07 30590
-0.07 30692
-0.07 30792
-0.07 30894
-0.07 30994
-0.07 31095
-0.07 31197
-0.07 31297
-0.07 31398
-0.08 31500
-0.08 31600
-0.07 31702
-0.07 31802
-0.07 31903
-0.07 32005
-0.07 32105
-0.07 32206
-0.08 32307
-0.08 32408
-0.08 32509
-0.08 32610
-0.08 32711
-0.08 32812
-0.08 32913
-0.08 33014
-0.08 33115
-0.08 33216
-0.08 33316
-0.08 33418
-0.08 33519
-0.08 33619
-0.08 33721
-0.08 33822
-0.08 33923
-0.08 34024
-0.08 34124
-0.08 34226
-0.08 34327
-0.08 34427
-0.08 34529
-0.08 34629
-0.08 34731
-0.08 34832
-0.08 34932
-0.08 35034
-0.08 35134
-0.08 35235
-0.08 35337
-0.08 35437
-0.08 35538
-0.08 35639
-0.08 35740
-0.08 35842
-0.08 35942
-0.08 36043
-0.08 36145
-0.08 36245
-0.08 36346
-0.08 36447
-0.08 36548
-0.08 36649
-0.08 36750
-0.08 36851
-0.08 36952
-0.08 37053
-0.07 37154
-0.06 37255
-0.04 37356
-0.01 37456
-0.03 37558
0.03 37659
0.09 37760
0.11 37861
0.02 37961
-0.01 38063
0.02 38164
0.03 38264
-0.01 38366
-0.00 38467
0.03 38567
0.01 38669
-0.03 38769
-0.02 38871
-0.03 38972
-0.03 39072
-0.02 39174
-0.05 39274
-0.05 39375
-0.05 39477
-0.05 39577
-0.05 39678
-0.02 39779
0.01 39880
0.03 39982
1.17 40082
1.33 40183
0.62 40284
0.33 40385
0.16 40486
0.11 40587
-0.02 40688
-0.07 40790
-0.07 40890
-0.04 40991
-0.03 41092
-0.03 41193
-0.02 41294
-0.04 41395
-0.06 41496
-0.06 41596
-0.04 41698
-0.03 41799
-0.02 41900
-0.02 42001
-0.01 42101
0.00 42203
0.01 42304
0.04 42404
0.39 42506
2.71 42606
1.90 42707
1.13 42809
0.58 42909
0.24 43011
0.02 43112
-0.04 43212
-0.06 43314
-0.06 43414
-0.04 43515
-0.03 43617
-0.04 43717
-0.06 43819
-0.07 43919
-0.07 44020
-0.07 44122
-0.08 44222
-0.04 44323
-0.01 44424
0.10 44525
1.18 44626
3.36 44727
2.34 44828
0.82 44930
0.24 45030
0.05 45131
-0.04 45232
-0.04 45333
-0.04 45434
-0.04 45535
-0.05 45636
-0.06 45736
-0.06 45838
-0.05 45939
-0.03 46040
-0.02 46141
-0.02 46241
-0.03 46343
-0.03 46444
-0.03 46544
-0.03 46646
0.11 46747
0.48 46848
1.96 46949
2.74 47049
2.02 47151
1.87 47252
2.45 47352
2.40 47454
0.39 47554
0.16 47655
0.02 47757
-0.01 47857
-0.06 47959
-0.06 48059
-0.02 48160
0.01 48262
-0.01 48362
-0.03 48463
-0.05 48565
-0.06 48665
-0.06 48766
-0.02 48867
0.05 48968
0.26 49070
1.64 49170
1.31 49271
0.62 49372
0.25 49473
0.23 49574
0.09 49675
-0.02 49776
-0.07 49876
-0.09 49978
-0.06 50079
-0.05 50180
-0.04 50281
-0.04 50382
-0.05 50483
-0.05 50584
-0.07 50684
-0.06 50786
-0.01 50887
-0.01 50988
0.06 51089
1.47 51189
4.67 51291
4.47 51392
2.93 51492
1.56 51594
0.26 51694
0.03 51795
-0.02 51897
-0.01 51997
-0.03 52099
-0.06 52200
-0.06 52300
-0.06 52402
-0.06 52502
-0.06 52603
-0.04 52705
-0.03 52805
-0.03 52907
-0.04 53007
-0.05 53108
-0.05 53210
-0.05 53310
-0.04 53411
-0.03 53512
-0.03 53613
-0.03 53714
-0.04 53815
-0.04 53916
-0.03 54017
-0.04 54118
-0.04 54219
-0.04 54320
-0.06 54421
-0.06 54522
-0.05 54623
-0.03 54724
-0.00 54824
0.04 54926
0.07 55027
0.09 55128
0.12 55229
0.11 55329
0.09 55431
0.11 55532
0.15 55632
0.14 55734
0.09 55834
0.09 55936
0.04 56037
-0.01 56137
-0.02 56239
-0.02 56339
-0.01 56440
-0.01 56542
-0.02 56642
0.01 56743
0.01 56845
0.01 56945
0.02 57047
0.05 57147
0.08 57248
0.06 57350
0.12 57450
0.14 57551
0.20 57652
0.21 57753
0.20 57854
0.22 57955
0.22 58056
0.15 58157
0.05 58258
-0.01 58359
-0.03 58460
-0.04 58561
-0.03 58661
-0.04 58763
-0.05 58864
-0.05 58964
-0.05 59066
-0.07 59167
-0.06 59268
-0.07 59369
-0.07 59469
-0.06 59571
-0.06 59672
-0.06 59772
-0.05 59874
-0.05 59974
-0.08 60076
-0.07 60177
-0.06 60277
-0.04 60379
-0.02 60479
-0.02 60580
-0.02 60682
-0.02 60782
-0.01 60883
-