=~=~=~=~=~=~=~=~=~=~=~= PuTTY log 2024.05.02 10:49:26 =~=~=~=~=~=~=~=~=~=~=~=
SEEING EYE FORCE DATA COLLECION
Scale setup in 5 seconds
Setting up scale...
READINGS, KGs:
0.00 5840
0.00 5941
0.00 6042
0.00 6142
0.00 6244
0.00 6344
0.00 6446
-0.00 6546
-0.00 6647
0.00 6749
0.00 6849
0.00 6950
0.00 7051
0.00 7152
0.00 7252
-0.00 7354
0.00 7454
-0.00 7556
-0.00 7657
0.00 7757
0.01 7859
0.01 7959
0.02 8060
0.02 8161
0.01 8262
0.03 8363
0.03 8464
0.03 8565
0.05 8666
0.08 8767
0.11 8867
0.11 8969
0.09 9069
0.03 9170
0.01 9272
-0.02 9372
-0.05 9474
-0.07 9574
-0.08 9675
-0.08 9776
-0.07 9877
-0.04 9978
-0.05 10079
-0.07 10180
-0.11 10280
-0.13 10382
-0.11 10483
-0.10 10584
-0.06 10685
-0.04 10785
-0.05 10887
-0.05 10988
-0.05 11088
-0.02 11190
0.14 11290
0.26 11392
0.32 11493
0.43 11593
0.82 11695
0.77 11795
0.73 11896
0.72 11998
0.70 12098
0.67 12199
0.65 12301
0.67 12401
0.72 12503
0.74 12603
0.77 12704
0.81 12806
0.84 12906
0.85 13007
0.85 13108
0.85 13209
0.84 13310
0.84 13411
0.85 13512
0.87 13614
0.88 13714
0.87 13815
0.84 13916
0.82 14017
0.84 14118
0.82 14219
0.81 14320
0.79 14420
0.78 14522
0.79 14623
0.77 14724
0.74 14825
0.67 14925
0.65 15027
0.63 15128
0.62 15228
0.60 15330
0.62 15431
0.66 15532
0.63 15633
0.63 15733
0.64 15835
0.65 15936
0.69 16036
0.71 16138
0.72 16238
0.74 16339
0.76 16441
0.82 16541
0.84 16643
0.86 16744
0.88 16844
0.90 16946
0.91 17046
0.92 17147
0.92 17249
0.92 17349
0.95 17451
0.95 17551
0.92 17652
0.90 17754
0.90 17854
0.89 17955
0.84 18056
0.79 18157
0.80 18258
0.81 18359
0.81 18460
0.82 18562
0.83 18662
0.83 18763
0.84 18864
0.82 18965
0.79 19066
0.80 19167
0.79 19268
0.78 19368
0.78 19470
0.77 19571
0.75 19672
0.73 19773
0.76 19873
0.77 19975
0.77 20076
0.77 20176
0.78 20278
0.79 20379
0.78 20480
0.77 20581
0.77 20681
0.77 20783
0.75 20884
0.72 20984
0.72 21086
0.74 21186
0.75 21287
0.75 21389
0.76 21489
0.77 21591
0.75 21692
0.72 21792
0.69 21894
0.67 21994
0.66 22095
0.65 22197
0.62 22297
0.65 22398
0.64 22499
0.62 22600
0.62 22702
0.65 22802
0.66 22903
0.66 23004
0.66 23105
0.67 23206
0.67 23307
0.68 23408
0.70 23510
0.71 23610
0.72 23711
0.81 23812
0.60 23913
0.64 24014
0.56 24115
0.43 24216
0.40 24316
0.41 24418
0.39 24519
0.37 24620
0.35 24721
0.40 24821
0.42 24923
0.41 25024
0.41 25124
0.42 25226
0.43 25327
0.42 25427
0.40 25529
0.45 25629
0.46 25731
0.48 25832
0.49 25932
0.49 26034
0.48 26134
0.47 26235
0.46 26337
0.45 26437
0.43 26539
0.43 26639
0.45 26740
0.45 26842
0.43 26942
0.41 27043
0.41 27145
0.43 27245
0.42 27346
0.41 27447
0.42 27548
0.43 27650
0.43 27750
0.40 27851
0.38 27952
0.37 28053
0.35 28154
0.34 28255
0.33 28356
0.35 28456
0.35 28558
0.34 28659
0.33 28760
0.32 28861
0.32 28962
0.33 29063
0.30 29164
0.36 29264
0.36 29366
0.33 29467
0.34 29568
0.36 29669
0.39 29769
0.37 29871
0.33 29972
0.33 30072
0.34 30174
0.33 30274
0.32 30375
0.32 30477
0.32 30577
0.32 30679
0.30 30780
0.29 30880
0.28 30982
0.27 31082
0.28 31183
0.28 31285
0.29 31385
0.29 31486
0.30 31587
0.31 31688
0.32 31790
0.34 31890
0.37 31991
0.41 32092
0.47 32193
0.45 32294
0.44 32395
0.44 32496
0.45 32598
0.47 32698
0.47 32799
0.47 32900
0.47 33001
0.47 33102
0.47 33203
0.46 33304
0.45 33404
0.45 33506
0.46 33607
0.47 33708
0.48 33809
0.47 33909
0.47 34011
0.47 34112
0.47 34212
0.46 34314
0.43 34415
0.42 34515
0.42 34617
0.44 34717
0.45 34819
0.46 34920
0.47 35020
0.46 35122
0.45 35222
0.45 35323
0.44 35425
0.43 35525
0.43 35627
0.43 35728
0.43 35828
0.43 35930
0.44 36030
0.45 36131
0.46 36233
0.46 36333
0.45 36434
0.44 36535
0.43 36636
0.42 36738
0.43 36838
0.43 36939
0.43 37040
0.43 37141
0.44 37242
0.45 37343
0.45 37444
0.45 37545
0.44 37646
0.43 37747
0.43 37848
0.44 37949
0.44 38050
0.45 38151
0.45 38252
0.45 38352
0.46 38454
0.46 38555
0.46 38656
0.45 38757
0.45 38857
0.46 38959
0.61 39060
0.77 39160
0.96 39262
1.45 39363
1.89 39463
2.00 39565
1.21 39665
1.05 39767
1.13 39868
1.32 39968
1.05 40070
0.69 40170
0.55 40271
0.61 40373
0.76 40473
0.98 40574
1.12 40676
1.05 40776
0.71 40878
0.67 40978
0.84 41079
1.28 41181
1.41 41281
1.26 41382
1.62 41483
2.00 41584
2.03 41686
2.06 41786
1.97 41887
2.41 41989
3.88 42089
2.53 42190
1.13 42291
0.59 42392
0.43 42493
0.31 42594
0.16 42695
0.05 42796
0.24 42897
0.33 42998
0.38 43099
0.29 43200
0.27 43300
0.45 43402
0.76 43503
1.10 43603
2.62 43705
4.39 43806
3.53 43907
1.48 44008
0.81 44108
0.61 44210
0.62 44311
0.73 44411
0.84 44513
0.68 44613
0.58 44715
0.46 44816
0.38 44916
0.39 45018
0.66 45119
1.40 45219
2.51 45321
4.52 45421
3.53 45522
2.02 45624
0.87 45724
0.30 45826
0.05 45926
0.06 46027
0.16 46129
0.14 46229
0.21 46330
0.37 46431
0.56 46532
0.61 46633
0.37 46734
0.23 46835
0.26 46937
0.21 47037
0.33 47138
1.05 47239
3.54 47340
6.59 47441
7.00 47542
5.08 47643
2.99 47744
1.40 47845
1.29 47946
1.22 48047
1.42 48148
1.52 48249
1.50 48350
1.29 48451
0.77 48551
0.36 48653
0.33 48754
0.22 48855
0.14 48956
0.17 49056
0.21 49158
0.22 49259
0.24 49359
0.22 49461
0.06 49562
0.03 49662
0.06 49764
0.14 49864
0.17 49966
0.29 50067
0.86 50167
2.37 50269
4.43 50369
4.01 50470
2.94 50572
1.49 50672
0.63 50774
0.40 50874
0.52 50975
0.60 51077
0.72 51177
0.73 51278
0.63 51380
0.64 51480
0.55 51581
0.43 51682
0.44 51783
0.60 51885
0.75 51985
0.88 52086
1.43 52187
2.06 52288
3.54 52389
4.85 52490
4.99 52591
4.04 52692
1.01 52793
0.47 52894
0.22 52995
0.17 53096
0.21 53197
0.25 53298
0.32 53399
0.32 53499
0.33 53601
0.25 53702
0.17 53803
0.16 53904
0.17 54005
0.19 54106
0.19 54207
0.12 54307
0.07 54409
0.05 54510
0.10 54610
0.35 54712
1.37 54812
4.16 54914
6.57 55015
5.57 55115
3.20 55217
1.01 55317
0.50 55418
0.26 55520
0.23 55620
0.21 55721
0.28 55823
0.38 55923
0.31 56025
0.18 56125
0.11 56226
0.06 56328
0.04 56428
0.06 56529
0.12 56630
0.20 56731
0.33 56833
0.37 56933
0.19 57034
0.14 57135
0.13 57236
0.23 57337
0.49 57438
0.79 57539
1.06 57639
1.13 57741
1.15 57842
1.22 57943
1.25 58044
1.26 58145
1.10 58246
0.95 58347
0.79 58447
0.59 58549
0.83 58650
1.22 58750
1.41 58852
1.09 58952
0.78 59054
0.71 59155
0.54 59255
0.54 59357
0.79 59458
0.88 59558
0.69 59660
0.65 59760
0.73 59862
1.08 59963
1.22 60063
1.16 60165
1.49 60265
1.51 60366
1.46 60468
1.15 60568
0.87 60669
0.65 60771
0.40 60871
0.16 60973
0.09 61073
0.04 61174
-0.00 61276
-0.03 61376
-0.04 61477
-0.04 61578
-0.02 61679
-0.03 61780
-0.06 61881
-0.05 61982
-0.06 62083
-0.07 62184
-0.07 62285
-0.07 62386
-0.10 62487
-0.12 62588
-0.12 62689
-0.13 62790
-0.12 62891
-0.11 62992
-0.07 63093
-0.04 63194
-0.06 63295
-0.07 63395
-0.07 63497
-0.08 63598
-0.02 63698
0.01 63800
-0.07 63901
-0.09 64002
-0.05 64103
-0.05 64203
-