=~=~=~=~=~=~=~=~=~=~=~= PuTTY log 2024.05.02 09:34:34 =~=~=~=~=~=~=~=~=~=~=~=
0.48 76396
.00 150842
-0.00 150943
34
0.00 150135
-0.00 150236
-0.00 150337
-0.00 150438
0.00 150539
-0.00 150640
-0.00 150740
-0.00 150842
-0.00 150943
34
0.00 150135
-0.00 150236
-0.00 150337
-0.00 150438
0.00 150539
-0.00 150640
-0.00 150740
-0.00 150842
-0.00 150943
SEEING EYE FORCE DATA COLLECION
Scale setup in 5 seconds
Setting up scale...
READINGS, KGs:
-0.00 5865
-0.00 5965
0.00 6067
0.00 6167
-0.00 6268
0.00 6369
-0.00 6470
-0.00 6572
-0.00 6672
-0.00 6773
0.00 6874
0.00 6975
-0.00 7075
-0.00 7177
0.00 7278
0.00 7378
-0.00 7480
0.00 7580
0.00 7682
-0.00 7782
-0.00 7883
0.00 7984
0.01 8085
0.00 8186
-0.05 8287
-0.08 8388
-0.05 8488
-0.03 8590
-0.01 8690
0.02 8792
0.04 8892
0.13 8993
0.21 9095
0.35 9195
0.45 9296
0.56 9397
0.69 9498
0.83 9598
0.93 9700
0.94 9801
0.63 9902
0.10 10003
0.02 10103
-0.02 10205
-0.06 10306
-0.05 10406
-0.07 10508
-0.05 10608
-0.04 10710
0.07 10811
0.10 10911
0.08 11013
0.07 11113
0.13 11214
0.16 11316
0.12 11416
0.06 11517
-0.04 11618
-0.03 11719
-0.01 11821
-0.03 11921
-0.04 12022
-0.04 12124
-0.05 12224
-0.05 12325
-0.03 12426
-0.03 12527
-0.03 12628
-0.03 12729
-0.04 12830
-0.03 12931
-0.01 13032
0.00 13133
0.01 13234
0.02 13335
0.02 13435
0.01 13537
0.02 13638
0.04 13739
0.03 13840
0.03 13940
0.04 14042
0.04 14143
0.03 14243
0.03 14345
0.03 14445
0.03 14546
0.04 14648
0.04 14748
0.06 14850
0.09 14950
0.09 15051
0.08 15153
0.08 15253
0.08 15354
0.10 15455
0.10 15556
0.08 15657
0.09 15758
0.09 15859
0.08 15960
0.07 16061
0.07 16162
0.09 16263
0.10 16364
0.10 16465
0.08 16566
0.08 16667
0.08 16768
0.08 16869
0.07 16970
0.07 17071
0.07 17172
0.07 17272
0.05 17374
0.04 17475
0.04 17575
0.04 17677
0.04 17777
0.03 17879
0.03 17980
0.02 18080
0.04 18182
0.06 18282
0.09 18383
0.09 18485
0.07 18585
0.06 18686
0.05 18787
0.03 18888
0.02 18990
0.01 19090
-0.00 19191
-0.01 19292
0.02 19393
0.03 19494
0.01 19595
-0.00 19696
0.01 19796
0.03 19898
0.04 19999
0.03 20100
0.04 20201
0.07 20301
0.10 20403
0.10 20504
0.13 20604
0.13 20706
0.10 20807
0.06 20908
0.06 21009
0.07 21109
0.06 21211
0.06 21312
0.06 21412
0.03 21514
0.02 21614
0.02 21715
0.01 21817
0.01 21917
-0.00 22019
-0.01 22119
0.00 22220
0.06 22322
0.07 22422
0.07 22523
0.06 22624
0.09 22725
0.09 22827
0.08 22927
0.10 23028
0.11 23129
0.12 23230
0.12 23331
0.10 23432
0.08 23533
0.07 23633
0.07 23735
0.06 23836
0.03 23937
0.02 24038
0.01 24139
0.01 24240
-0.01 24341
-0.02 24441
-0.02 24543
-0.02 24644
-0.04 24744
-0.04 24846
-0.04 24946
-0.04 25048
-0.05 25149
-0.05 25249
-0.05 25351
-0.06 25451
-0.05 25552
-0.05 25654
-0.06 25754
-0.06 25856
-0.05 25956
-0.06 26057
-0.06 26159
-0.06 26259
-0.05 26360
-0.05 26462
-0.06 26562
-0.05 26663
-0.05 26764
-0.05 26865
-0.05 26967
-0.05 27067
-0.05 27168
-0.05 27269
-0.05 27370
-0.05 27471
-0.05 27572
-0.05 27673
-0.05 27773
-0.05 27875
-0.05 27976
-0.05 28077
-0.05 28178
-0.05 28278
-0.05 28380
-0.05 28481
-0.05 28581
-0.05 28683
-0.06 28783
-0.06 28884
-0.06 28986
-0.05 29086
-0.06 29188
-0.06 29289
-0.06 29389
-0.06 29491
-0.06 29591
-0.06 29692
-0.06 29794
-0.06 29894
-0.06 29996
-0.06 30096
-0.05 30197
-0.05 30299
-0.05 30399
-0.05 30500
-0.05 30601
-0.05 30702
-0.05 30803
-0.05 30904
-0.05 31005
-0.05 31106
-0.05 31207
-0.05 31308
-0.05 31409
-0.05 31510
-0.05 31611
-0.05 31712
-0.05 31813
-0.05 31913
-0.05 32015
-0.06 32116
-0.06 32217
-0.06 32318
-0.06 32418
-0.06 32520
-0.06 32621
-0.06 32721
-0.06 32823
-0.06 32923
-0.06 33025
-0.06 33126
-0.06 33226
-0.06 33328
-0.06 33428
-0.06 33529
-0.06 33631
-0.06 33731
-0.06 33832
-0.06 33934
-0.06 34034
-0.06 34136
-0.06 34236
-0.06 34337
-0.06 34439
-0.06 34539
-0.06 34640
-0.06 34741
-0.07 34842
-0.07 34944
-0.07 35044
-0.07 35145
-0.07 35246
-0.07 35347
-0.07 35448
-0.07 35549
-0.07 35650
-0.07 35751
-0.07 35852
-0.07 35953
-0.07 36054
-0.06 36155
-0.03 36256
0.07 36357
0.27 36458
0.63 36558
0.88 36660
0.76 36761
0.70 36861
1.24 36963
1.13 37063
0.77 37165
0.51 37266
0.60 37366
0.72 37468
0.84 37569
1.03 37669
1.34 37771
1.45 37871
1.42 37972
1.35 38074
1.00 38174
0.79 38276
0.92 38376
1.38 38477
2.33 38579
4.35 38679
5.03 38780
5.66 38882
6.11 38982
6.06 39084
5.74 39184
5.36 39285
5.01 39387
5.41 39487
4.93 39588
3.54 39689
2.00 39790
0.98 39891
0.49 39992
0.40 40093
0.34 40195
0.58 40295
0.69 40396
0.59 40497
0.57 40598
0.68 40699
0.72 40800
0.63 40901
0.38 41001
0.24 41103
0.32 41204
0.53 41305
0.71 41406
0.81 41507
1.07 41608
1.51 41709
2.07 41809
2.73 41911
3.09 42012
3.56 42113
3.93 42214
4.16 42314
4.27 42416
4.51 42517
4.32 42617
3.03 42719
2.28 42820
1.43 42920
0.68 43022
0.28 43122
0.27 43224
0.40 43325
0.83 43425
1.67 43527
1.73 43627
2.31 43728
2.66 43830
2.19 43930
1.57 44032
1.28 44133
1.19 44233
1.44 44335
1.79 44435
1.79 44536
1.45 44638
1.57 44738
2.15 44839
2.77 44940
3.27 45041
4.02 45143
4.67 45243
5.51 45344
6.13 45446
5.81 45546
4.81 45647
3.67 45748
2.63 45849
1.20 45950
0.48 46051
0.19 46152
0.11 46253
0.16 46354
0.25 46455
0.25 46556
0.37 46657
0.68 46758
1.26 46859
1.55 46960
2.16 47060
3.24 47162
3.82 47263
4.53 47364
5.34 47465
5.73 47565
5.87 47667
4.93 47768
3.71 47868
2.84 47970
2.30 48071
1.28 48172
0.88 48273
0.67 48373
0.51 48475
0.48 48576
0.34 48676
0.34 48778
0.31 48878
0.39 48979
0.61 49081
0.87 49181
1.08 49283
1.16 49384
1.19 49484
1.37 49586
2.17 49686
3.33 49787
3.89 49889
4.09 49989
4.37 50091
4.85 50191
5.31 50292
5.64 50394
5.91 50494
6.04 50595
5.36 50697
3.57 50797
0.85 50898
0.51 50999
0.48 51100
0.49 51202
0.60 51302
0.77 51403
0.97 51504
1.28 51605
1.72 51706
1.62 51807
1.12 51908
0.79 52009
0.97 52110
1.24 52211
1.32 52312
1.27 52413
1.19 52514
1.21 52615
1.58 52716
2.31 52816
2.99 52918
3.75 53019
5.09 53120
5.73 53221
5.57 53322
5.05 53423
4.23 53524
3.24 53624
2.26 53726
1.46 53827
0.95 53927
0.64 54029
0.28 54129
0.39 54231
0.72 54332
0.79 54432
0.66 54534
0.94 54635
2.09 54735
4.27 54837
5.88 54937
6.14 55038
6.10 55140
6.02 55240
5.89 55342
5.54 55442
5.05 55543
4.42 55645
4.22 55745
3.19 55846
2.24 55948
1.47 56048
0.99 56150
0.76 56250
0.73 56351
1.03 56453
1.42 56553
0.76 56654
0.54 56755
0.46 56856
0.57 56957
0.65 57058
0.71 57159
0.73 57261
0.38 57361
0.07 57462
0.04 57563
0.03 57664
0.02 57765
0.01 57866
-0.00 57967
-0.01 58067
-0.01 58169
0.02 58270
-0.01 58371
-0.02 58472
-0.01 58572
0.03 58674
0.08 58775
0.08 58875
0.09 58977
0.08 59077
0.11 59179
0.10 59280
0.08 59380
0.08 59482
0.05 59582
-0.01 59683
-0.01 59785
-0.00 59885
-0.02 59986
-0.04 60088
-0.06 60188
-0.07 60290
-0.06 60390
-0.04 60491
-0.04 60593
-0.02 60693
-0.01 60794
-0.02 60895
-0.03 60996
-0.03 61097
-0.06 61198
-0.07 61299
-0.05 61400
-0.05 61501
-