=~=~=~=~=~=~=~=~=~=~=~= PuTTY log 2024.05.02 11:18:27 =~=~=~=~=~=~=~=~=~=~=~=
-0.08 70649


-0.02 166211
-0.02 166312
-0.01 166413
-0.01 166514
-0.02 166616
-0.02 166716
-0.02 166817
-0.02 166919
-0.03 167019

-0.02 166211
-0.02 166312
-0.01 166413
-0.01 166514
-0.02 166616
-0.02 166716
-0.02 166817
-0.02 166919
-0.03 167019
SEEING EYE FORCE DATA COLLECION
Scale setup in 5 seconds
Setting up scale...
READINGS, KGs:
0.00 5815
-0.00 5915
-0.00 6017
-0.00 6117
-0.00 6218
0.00 6320
0.00 6420
0.00 6521
-0.00 6622
-0.00 6723
0.00 6823
0.00 6925
-0.00 7025
-0.00 7127
-0.00 7228
-0.00 7328
-0.00 7430
-0.00 7530
-0.00 7631
-0.00 7732
-0.00 7833
-0.00 7934
-0.00 8035
-0.00 8136
0.00 8237
-0.02 8338
-0.08 8438
-0.10 8540
-0.09 8641
-0.08 8741
-0.08 8843
-0.08 8943
-0.08 9044
-0.08 9145
-0.08 9246
-0.08 9347
-0.09 9448
-0.09 9549
-0.09 9650
-0.09 9751
-0.09 9851
-0.09 9953
-0.09 10053
-0.08 10155
-0.07 10256
-0.08 10356
-0.08 10458
-0.08 10558
-0.09 10659
-0.09 10761
-0.08 10861
-0.08 10962
-0.08 11063
-0.09 11164
-0.09 11266
-0.09 11366
-0.10 11467
-0.09 11569
-0.09 11669
-0.08 11770
-0.08 11871
-0.08 11972
-0.08 12073
-0.08 12174
-0.08 12275
-0.09 12376
-0.09 12477
-0.09 12578
-0.09 12679
-0.09 12780
-0.08 12880
-0.08 12982
-0.08 13083
-0.08 13184
-0.08 13285
-0.08 13386
-0.08 13487
-0.08 13588
-0.08 13688
-0.08 13790
-0.08 13891
-0.08 13991
-0.08 14093
-0.07 14193
-0.07 14295
-0.08 14396
-0.08 14496
-0.08 14598
-0.08 14698
-0.08 14799
-0.08 14901
-0.08 15001
-0.07 15102
-0.06 15203
-0.07 15304
-0.08 15406
-0.08 15506
-0.07 15607
-0.07 15709
-0.07 15809
-0.07 15910
-0.06 16011
-0.07 16112
-0.07 16214
-0.06 16314
-0.06 16415
-0.05 16516
-0.06 16617
-0.06 16718
-0.06 16819
-0.07 16920
-0.06 17020
-0.06 17122
-0.06 17223
-0.06 17324
-0.06 17425
-0.05 17525
-0.05 17627
-0.05 17728
-0.06 17828
-0.06 17930
-0.06 18030
-0.05 18131
-0.06 18233
-0.06 18333
-0.06 18435
-0.06 18536
-0.06 18636
-0.05 18738
-0.05 18838
-0.05 18939
-0.05 19041
-0.05 19141
-0.06 19243
-0.05 19343
-0.05 19444
-0.06 19546
-0.06 19646
-0.05 19747
-0.05 19848
-0.05 19949
-0.04 20050
-0.04 20151
-0.04 20252
-0.05 20353
-0.05 20454
-0.05 20555
-0.05 20656
-0.04 20757
-0.05 20858
-0.04 20959
-0.05 21060
-0.05 21160
-0.05 21262
-0.05 21363
-0.05 21464
-0.04 21565
-0.04 21665
-0.04 21767
-0.04 21868
-0.04 21968
-0.04 22070
-0.04 22170
-0.04 22272
-0.04 22373
-0.04 22473
-0.04 22575
-0.04 22675
-0.04 22776
-0.04 22878
-0.03 22978
-0.03 23079
-0.04 23181
-0.04 23281
-0.03 23383
-0.03 23483
-0.03 23584
-0.03 23686
-0.03 23786
-0.03 23887
-0.03 23988
-0.03 24089
-0.03 24190
-0.03 24291
-0.03 24392
-0.03 24493
-0.03 24594
-0.03 24695
-0.03 24796
-0.03 24897
-0.03 24997
-0.03 25099
-0.03 25200
-0.03 25300
-0.04 25402
-0.04 25503
-0.03 25604
-0.03 25705
-0.03 25805
-0.03 25907
-0.03 26008
-0.03 26108
-0.03 26210
-0.03 26310
-0.03 26412
-0.03 26513
-0.03 26613
-0.03 26715
-0.03 26815
-0.03 26916
-0.03 27018
-0.03 27118
-0.03 27219
-0.03 27320
-0.03 27421
-0.03 27523
-0.03 27623
-0.03 27724
-0.03 27826
-0.03 27926
-0.03 28027
-0.03 28128
-0.03 28229
-0.03 28331
-0.03 28431
-0.03 28532
-0.04 28633
-0.04 28734
-0.04 28835
-0.04 28936
-0.04 29037
-0.04 29137
-0.04 29239
-0.04 29340
-0.04 29441
-0.04 29542
-0.04 29642
-0.04 29744
-0.04 29845
-0.04 29945
-0.04 30047
-0.04 30148
-0.04 30248
-0.05 30350
-0.05 30450
-0.05 30552
-0.05 30653
-0.05 30753
-0.05 30855
-0.06 30955
-0.06 31056
-0.06 31158
-0.06 31258
-0.07 31360
-0.07 31460
-0.06 31561
-0.06 31663
-0.07 31763
-0.06 31864
-0.07 31966
-0.07 32066
-0.07 32167
-0.07 32268
-0.07 32369
-0.07 32471
-0.07 32571
-0.07 32672
-0.07 32773
-0.07 32874
-0.07 32975
-0.07 33076
-0.07 33177
-0.07 33277
-0.08 33379
-0.08 33480
-0.08 33581
-0.07 33682
-0.07 33782
-0.07 33884
-0.07 33985
-0.07 34085
-0.08 34187
-0.08 34287
-0.08 34388
-0.08 34490
-0.08 34590
-0.08 34692
-0.08 34793
-0.08 34893
-0.08 34995
-0.08 35095
-0.08 35196
-0.08 35298
-0.08 35398
-0.07 35500
-0.07 35600
-0.07 35701
-0.07 35803
-0.08 35903
-0.08 36004
-0.07 36105
-0.08 36206
-0.08 36307
-0.08 36408
-0.08 36509
-0.08 36611
-0.07 36711
-0.07 36812
-0.08 36913
-0.07 37014
-0.07 37115
-0.08 37216
-0.08 37317
-0.08 37417
-0.08 37519
-0.08 37620
-0.08 37721
-0.08 37822
-0.08 37922
-0.08 38024
-0.08 38125
-0.08 38225
-0.08 38327
-0.08 38427
-0.08 38529
-0.08 38630
-0.08 38730
-0.08 38832
-0.08 38933
-0.08 39033
-0.08 39135
-0.08 39235
-0.08 39336
-0.08 39438
-0.08 39538
-0.08 39640
-0.08 39740
-0.08 39841
-0.08 39943
-0.08 40043
-0.08 40144
-0.08 40245
-0.08 40346
-0.08 40448
-0.08 40548
-0.08 40649
-0.08 40750
-0.08 40851
-0.08 40952
-0.08 41053
-0.08 41154
-0.08 41255
-0.08 41356
-0.08 41457
-0.08 41558
-0.08 41659
-0.08 41760
-0.08 41861
-0.08 41962
-0.08 42062
-0.08 42164
-0.08 42265
-0.08 42365
-0.08 42467
-0.08 42567
-0.08 42669
-0.08 42770
-0.08 42870
-0.08 42972
-0.08 43072
-0.08 43173
-0.08 43275
-0.08 43375
-0.08 43476
-0.08 43578
-0.08 43678
-0.08 43780
-0.08 43880
-0.08 43981
-0.08 44083
-0.08 44183
-0.08 44284
-0.08 44385
-0.08 44486
-0.08 44588
-0.08 44688
-0.08 44789
-0.08 44890
-0.08 44991
-0.07 45092
-0.06 45193
-0.04 45294
-0.02 45394
-0.05 45496
-0.07 45597
-0.04 45698
-0.03 45799
-0.04 45900
-0.05 46001
-0.06 46102
-0.08 46202
-0.08 46304
-0.04 46405
-0.03 46505
-0.05 46607
-0.04 46707
-0.02 46809
-0.02 46910
-0.02 47010
-0.02 47112
-0.04 47212
-0.03 47313
-0.00 47415
0.00 47515
0.04 47617
0.08 47717
0.11 47818
0.08 47920
0.04 48020
0.03 48121
0.10 48223
0.08 48323
0.10 48424
0.30 48525
0.72 48626
3.83 48728
5.18 48828
7.22 48929
8.07 49030
7.82 49131
6.44 49232
4.79 49333
3.87 49434
2.10 49534
1.58 49636
1.25 49737
0.92 49838
0.65 49939
0.65 50040
0.76 50141
0.57 50242
0.21 50342
0.17 50444
0.13 50545
0.25 50646
0.29 50747
0.21 50847
0.12 50949
0.18 51050
0.12 51150
0.10 51252
0.07 51353
-0.02 51453
-0.03 51555
0.00 51655
0.09 51757
0.35 51858
2.47 51958
3.44 52060
4.64 52160
5.79 52261
6.07 52363
5.61 52463
4.87 52564
3.99 52665
2.93 52766
1.91 52868
1.89 52968
1.62 53069
1.43 53171
1.78 53271
2.11 53372
1.61 53473
0.86 53574
0.19 53676
0.11 53776
0.14 53877
0.24 53978
0.33 54079
0.22 54180
0.12 54281
0.16 54382
0.15 54483
0.11 54584
0.08 54685
0.04 54786
0.01 54887
0.27 54988
1.33 55089
3.33 55190
8.26 55290
8.80 55392
7.84 55493
6.00 55593
4.18 55695
3.22 55796
4.29 55897
6.18 55998
2.63 56098
1.06 56200
0.78 56301
0.54 56401
0.47 56503
0.54 56603
0.46 56705
0.28 56806
0.11 56906
0.07 57008
0.03 57108
-0.01 57209
-0.00 57311
0.09 57411
0.44 57512
2.16 57614
4.48 57714
6.89 57816
7.27 57916
7.29 58017
6.75 58119
5.24 58219
3.67 58320
2.55 58421
1.60 58522
0.71 58624
0.67 58724
0.51 58825
0.33 58927
0.19 59027
0.29 59128
0.43 59229
0.35 59330
0.13 59431
0.07 59532
0.00 59633
0.01 59734
0.07 59835
0.12 59936
0.20 60037
0.70 60138
2.50 60238
3.90 60340
5.10 60441
5.38 60541
5.20 60643
4.89 60744
4.41 60845
3.18 60946
1.10 61046
0.73 61148
0.69 61249
0.70 61349
0.76 61451
0.69 61551
0.38 61652
0.22 61754
0.50 61854
0.81 61956
1.13 62057
1.20 62157
1.13 62259
1.08 62359
0.82 62460
0.71 62562
0.77 62662
1.69 62764
3.15 62864
4.75 62965
6.27 63067
6.83 63167
6.96 63268
6.71 63370
6.07 63470
6.04 63571
6.06 63672
4.42 63773
2.23 63875
1.45 63975
0.91 64076
0.61 64177
0.58 64278
0.30 64379
0.14 64480
0.17 64581
0.20 64683
0.09 64783
0.08 64884
0.19 64985
0.22 65086
0.14 65187
0.23 65288
0.18 65389
0.19 65489
0.20 65591
0.26 65692
0.39 65793
0.41 65894
0.08 65994
0.16 66096
0.16 66197
0.11 66297
-0.02 66399
-0.04 66499
-0.05 66600
-0.07 66702
-0.08 66802
-0.09 66904
-0.09 67005
-0.09 67105
-0.08 67207
-0.11 67307
-0.22 67408
-0.31 67510
-0.37 67610
-0.38 67712
-0.39 67812
-0.40 67913
-0.40 68015
-0.40 68115
-0.40 68216
-0.41 68318
-0.41 68418
-0.41 68519
-0.41 68620
-0.41 68721
-0.41 68823
-