=~=~=~=~=~=~=~=~=~=~=~= PuTTY log 2024.05.02 10:15:48 =~=~=~=~=~=~=~=~=~=~=~=
0.00 37588
0
0.40 108071
0.40 108172
0.40 108273
0.40 108375
0.40 108475
SEEING EYE FORCE DATA COLLECION
Scale setup in 5 seconds
Setting up scale...
READINGS, KGs:
-0.00 5873
0.00 5975
-0.00 6076
-0.00 6176
-0.00 6278
-0.00 6378
-0.00 6479
-0.00 6580
-0.00 6681
-0.00 6781
-0.00 6883
-0.00 6984
-0.00 7085
-0.00 7186
0.01 7286
0.01 7388
-0.00 7488
0.00 7589
0.00 7691
-0.00 7791
-0.01 7892
-0.02 7993
-0.00 8094
0.07 8195
0.11 8296
0.07 8396
0.05 8498
0.05 8599
0.03 8699
0.03 8801
0.04 8901
0.05 9003
0.08 9103
0.12 9204
0.18 9306
0.25 9406
0.33 9507
0.44 9608
0.51 9709
0.53 9809
0.45 9911
0.35 10012
0.01 10113
0.03 10214
0.03 10314
0.10 10416
0.13 10517
0.13 10617
0.11 10719
0.09 10819
0.06 10920
0.05 11022
0.05 11122
0.05 11224
0.07 11324
0.10 11425
0.11 11527
0.12 11627
