=~=~=~=~=~=~=~=~=~=~=~= PuTTY log 2024.05.02 09:56:51 =~=~=~=~=~=~=~=~=~=~=~=
-0.05 57665

0.01 122100
0.01 122201
0.01 122302
-0.00 122403
0.01 122504
0.01 122605
0.00 122706
0.00 122807
0.00 122908
SEEING EYE FORCE DATA COLLECION
Scale setup in 5 seconds
Setting up scale...
READINGS, KGs:
0.00 5865
0.00 5965
0.00 6067
0.00 6167
0.00 6268
0.00 6369
-0.00 6470
0.00 6572
0.00 6672
-0.00 6773
0.00 6874
0.00 6975
-0.00 7075
-0.00 7177
0.00 7277
0.00 7378
0.00 7480
0.00 7580
0.00 7682
0.00 7782
0.00 7883
0.00 7984
0.00 8085
0.00 8185
0.00 8287
0.00 8388
-0.00 8488
0.00 8590
0.01 8690
0.02 8792
-0.01 8892
-0.00 8993
0.03 9094
0.09 9195
0.10 9296
0.07 9397
0.06 9498
0.06 9598
0.04 9700
0.00 9800
0.01 9902
0.02 10003
0.06 10103
0.09 10205
0.11 10305
0.12 10406
0.12 10508
0.11 10608
0.06 10710
0.06 10810
0.07 10911
0.12 11013
0.14 11113
0.03 11214
-0.07 11315
-0.08 11416
-0.08 11517
-0.08 11618
-0.03 11719
-0.01 11821
0.03 11921
0.08 12022
0.06 12123
0.06 12224
0.07 12325
0.14 12426
0.39 12527
0.55 12627
0.68 12729
0.73 12830
0.76 12931
0.76 13032
0.71 13132
0.63 13234
0.55 13335
0.38 13435
0.35 13537
0.31 13637
0.28 13739
0.24 13840
0.24 13940
0.25 14042
0.24 14143
0.22 14243
0.22 14345
0.23 14445
0.24 14546
0.22 14648
0.21 14748
0.20 14850
0.20 14950
0.21 15051
0.19 15153
0.18 15253
0.16 15354
0.15 15455
0.15 15556
0.14 15657
0.14 15758
0.14 15859
0.14 15961
0.14 16061
0.14 16162
0.15 16263
0.15 16364
0.15 16465
0.16 16566
0.19 16667
0.21 16768
0.24 16869
0.27 16970
0.30 17071
0.32 17172
0.31 17272
0.32 17374
0.34 17475
0.34 17575
0.32 17677
0.30 17778
0.30 17879
0.29 17980
0.29 18080
0.30 18182
0.30 18283
0.28 18383
0.27 18485
0.26 18585
0.26 18686
0.26 18788
0.26 18888
0.25 18990
0.24 19090
0.22 19191
0.23 19293
0.21 19393
0.20 19494
0.19 19595
0.19 19696
0.19 19798
0.19 19898
0.19 19999
0.20 20101
0.20 20201
0.21 20302
0.21 20403
0.21 20504
0.21 20605
0.22 20706
0.22 20807
0.22 20908
0.22 21009
0.22 21110
0.22 21211
0.21 21312
0.22 21412
0.22 21514
0.19 21615
0.13 21715
0.13 21817
0.13 21918
0.12 22019
0.11 22120
0.10 22220
0.12 22322
0.15 22423
0.22 22523
0.26 22625
0.28 22725
0.30 22827
0.31 22928
0.33 23028
0.33 23130
0.34 23230
0.34 23331
0.33 23433
0.32 23533
0.31 23634
0.31 23736
0.31 23836
0.31 23938
0.29 24038
0.28 24139
0.29 24241
0.30 24341
0.29 24442
0.29 24543
0.29 24644
0.27 24745
0.28 24846
0.26 24947
0.25 25048
0.26 25149
0.28 25250
0.29 25351
0.29 25452
0.29 25553
0.29 25654
0.29 25755
0.26 25856
0.26 25957
0.26 26058
0.28 26159
0.31 26260
0.31 26360
0.30 26462
0.36 26563
0.40 26663
0.44 26765
0.45 26865
0.46 26967
0.48 27068
0.49 27168
0.49 27270
0.48 27371
0.47 27471
0.47 27573
0.47 27673
0.47 27774
0.47 27876
0.47 27976
0.47 28078
0.47 28178
0.46 28279
0.45 28381
0.44 28481
0.43 28582
0.42 28683
0.41 28784
0.39 28886
0.38 28986
0.37 29087
0.38 29189
0.39 29289
0.40 29390
0.42 29491
0.45 29592
0.49 29693
0.52 29794
0.55 29895
0.55 29996
0.55 30097
0.56 30198
0.57 30299
0.57 30400
0.55 30500
0.55 30602
0.56 30703
0.54 30803
0.53 30905
0.53 31006
0.52 31107
0.51 31208
0.51 31308
0.50 31410
0.49 31511
0.48 31611
0.48 31713
0.48 31813
0.47 31915
0.47 32016
0.47 32116
0.47 32218
0.47 32319
0.48 32419
0.48 32521
0.49 32621
0.50 32722
0.51 32824
0.51 32924
0.50 33026
0.50 33126
0.46 33227
0.45 33329
0.42 33429
0.41 33530
0.39 33631
0.37 33732
0.37 33833
0.37 33934
0.36 34035
0.33 34137
0.32 34237
0.32 34338
0.33 34439
0.33 34540
0.32 34641
0.32 34742
0.33 34843
0.36 34944
0.36 35045
0.36 35146
0.37 35247
0.40 35348
0.43 35448
0.45 35550
0.45 35651
0.43 35751
0.43 35853
0.43 35954
0.42 36055
0.42 36156
0.42 36256
0.53 36358
0.92 36459
1.87 36559
1.81 36661
1.32 36761
1.03 36862
1.04 36964
1.21 37064
1.54 37166
1.72 37267
1.03 37367
1.10 37469
1.21 37569
1.19 37670
1.18 37772
1.10 37872
0.85 37974
0.71 38074
0.72 38175
0.63 38277
0.79 38377
1.04 38478
1.09 38580
0.97 38680
1.08 38781
1.50 38882
1.83 38983
2.37 39085
2.38 39185
2.27 39286
2.14 39387
1.70 39488
1.09 39589
0.82 39690
0.87 39791
0.73 39892
0.72 39993
0.81 40094
0.87 40195
0.79 40296
0.78 40397
0.76 40498
0.59 40599
0.52 40699
0.58 40801
0.61 40902
0.68 41003
1.04 41104
1.51 41205
1.95 41306
2.38 41407
2.83 41507
3.00 41609
3.22 41710
3.10 41810
2.84 41912
2.18 42012
1.44 42114
0.93 42215
0.67 42315
0.56 42417
0.63 42517
0.53 42618
0.40 42720
0.39 42820
0.36 42921
0.32 43023
0.29 43123
0.35 43225
0.29 43325
0.27 43426
0.52 43528
1.15 43628
2.04 43729
2.58 43830
3.14 43931
4.08 44033
4.19 44133
4.11 44234
3.31 44336
1.94 44436
1.01 44537
0.53 44638
0.30 44739
0.17 44840
0.18 44941
0.12 45042
0.15 45143
0.23 45244
0.29 45345
0.37 45446
0.54 45547
0.67 45647
0.54 45749
0.53 45850
0.64 45950
0.74 46052
0.79 46153
0.79 46254
0.78 46355
-0.39 46455
1.51 46636
1.74 46737
1.80 46838
1.98 46939
2.19 47040
2.15 47140
1.91 47242
1.43 47343
0.99 47443
1.10 47545
1.06 47645
0.97 47747
0.96 47848
0.87 47948
0.79 48050
0.72 48151
0.65 48251
0.56 48353
0.43 48453
0.51 48555
0.69 48656
1.03 48756
1.47 48858
1.76 48958
1.99 49059
2.50 49161
2.21 49261
1.85 49362
1.52 49464
0.98 49564
0.63 49666
0.57 49766
0.80 49867
1.07 49969
1.03 50069
0.79 50170
0.67 50271
0.65 50372
0.59 50473
0.50 50574
0.39 50675
0.35 50776
0.43 50877
0.71 50978
1.10 51079
1.53 51180
2.03 51281
2.42 51382
3.10 51483
3.77 51584
3.82 51685
3.39 51786
2.29 51887
1.17 51988
0.58 52088
0.31 52190
0.17 52291
0.16 52391
0.23 52493
0.30 52594
0.44 52695
0.57 52796
0.55 52896
0.54 52998
0.64 53099
0.63 53199
0.50 53301
0.62 53401
0.69 53502
0.79 53604
1.04 53704
1.27 53806
1.16 53907
0.95 54007
1.05 54109
1.13 54209
1.10 54310
1.08 54412
1.06 54512
0.95 54614
0.94 54714
1.04 54815
1.17 54917
0.95 55017
1.05 55118
1.10 55220
0.96 55320
0.88 55421
0.95 55522
1.16 55623
1.36 55725
1.18 55825
1.15 55926
0.99 56027
0.81 56128
0.84 56229
0.93 56330
0.99 56431
0.99 56531
0.96 56633
0.92 56734
0.83 56835
0.63 56936
0.48 57037
0.56 57138
0.70 57239
0.41 57339
0.12 57441
0.07 57542
0.05 57643
0.04 57744
0.02 57844
0.00 57946
-0.01 58047
-0.02 58147
-0.02 58249
-0.02 58349
-0.04 58450
-0.05 58552
-0.05 58652
-0.06 58754
-0.05 58855
-0.04 58955
-0.04 59057
-0.04 59157
-0.03 59258
-0.00 59360
0.00 59460
-0.01 59561
-0.04 59662
-