=~=~=~=~=~=~=~=~=~=~=~= PuTTY log 2024.05.02 09:42:25 =~=~=~=~=~=~=~=~=~=~=~=
-0.43 59307
115864
-0.01 115965
-0.01 116066
-0.01 116167
-0.00 116269
-0.01 116369

-0.00 115561
-0.01 115662
-0.01 115763
-0.01 115864
-0.01 115965
-0.01 116066
-0.01 116167
-0.00 116269
-0.01 116369
SEEING EYE FORCE DATA COLLECION
Scale setup in 5 seconds
Setting up scale...
READINGS, KGs:
0.00 5897
0.00 5998
0.00 6098
0.00 6200
0.00 6300
0.00 6402
0.01 6502
0.00 6603
0.00 6704
0.00 6805
0.00 6906
0.00 7007
0.00 7108
0.00 7208
0.01 7310
0.01 7410
0.01 7512
0.00 7612
-0.00 7713
-0.00 7815
0.00 7915
0.00 8016
0.00 8117
0.00 8218
0.00 8318
-0.02 8420
-0.07 8520
-0.09 8622
-0.07 8723
-0.04 8823
0.01 8925
0.08 9025
0.13 9126
0.12 9227
0.17 9328
0.21 9430
0.23 9530
0.20 9631
0.24 9732
0.38 9833
0.52 9933
0.50 10035
0.24 10136
0.23 10236
0.27 10338
0.16 10438
0.07 10540
0.08 10641
0.03 10741
-0.07 10843
-0.10 10943
-0.11 11044
-0.11 11146
-0.08 11246
-0.07 11347
-0.08 11449
-0.08 11549
-0.07 11651
-0.07 11751
-0.07 11852
-0.05 11954
-0.03 12054
-0.06 12155
-0.07 12256
-0.03 12357
-0.04 12459
-0.05 12559
-0.02 12660
-0.02 12761
-0.01 12862
0.01 12963
0.03 13064
0.06 13165
0.06 13265
0.06 13367
0.10 13468
0.13 13569
0.14 13670
0.14 13771
0.14 13872
0.14 13973
0.15 14073
0.15 14175
0.13 14276
0.12 14376
0.13 14478
0.13 14578
0.13 14680
0.12 14781
0.10 14881
0.10 14983
0.10 15083
0.08 15184
0.07 15286
0.06 15386
0.06 15488
0.06 15588
0.06 15689
0.07 15791
0.09 15891
0.10 15992
0.11 16094
0.12 16194
0.12 16295
0.12 16396
0.12 16497
0.12 16599
0.13 16699
0.14 16800
0.15 16901
0.15 17002
0.15 17103
0.15 17204
0.15 17305
0.15 17406
0.15 17507
0.15 17608
0.15 17709
0.15 17810
0.15 17911
0.14 18012
0.14 18113
0.13 18213
0.13 18315
0.12 18416
0.11 18516
0.11 18618
0.11 18718
0.10 18820
0.09 18921
0.09 19021
0.09 19123
0.10 19223
0.10 19324
0.09 19426
0.09 19526
0.08 19628
0.06 19729
0.06 19829
0.07 19931
0.07 20031
0.07 20132
0.06 20234
0.05 20334
0.04 20435
0.03 20536
0.02 20637
0.01 20739
-0.00 20839
-0.02 20940
-0.02 21041
-0.03 21142
-0.03 21243
-0.03 21344
-0.03 21445
-0.04 21545
-0.05 21647
-0.05 21748
-0.05 21849
-0.04 21950
-0.03 22050
-0.03 22152
-0.04 22253
-0.04 22353
-0.03 22455
-0.03 22556
-0.03 22657
-0.03 22758
-0.03 22858
-0.02 22960
-0.01 23061
-0.00 23161
0.01 23263
0.02 23363
0.03 23464
0.05 23566
0.06 23666
0.07 23768
0.07 23868
0.07 23969
0.07 24071
0.07 24171
0.07 24272
0.07 24373
0.06 24474
0.06 24576
0.06 24676
0.05 24777
0.04 24878
0.04 24979
0.03 25080
0.03 25181
0.03 25282
0.03 25382
0.03 25484
0.03 25585
0.03 25686
0.03 25787
0.03 25887
0.03 25989
0.03 26090
0.03 26190
0.03 26292
0.02 26392
0.02 26493
0.02 26595
0.02 26695
0.02 26797
0.01 26897
0.01 26998
0.01 27100
0.01 27200
0.01 27301
0.02 27402
0.02 27503
0.02 27604
0.02 27705
0.02 27806
0.03 27908
0.03 28008
0.03 28109
0.03 28210
0.03 28311
0.04 28412
0.04 28513
0.04 28614
0.04 28715
0.05 28816
0.05 28917
0.04 29018
0.04 29119
0.04 29219
0.04 29321
0.04 29422
0.03 29522
0.03 29624
0.02 29724
0.02 29826
0.02 29927
0.02 30027
0.01 30129
0.00 30229
0.00 30330
0.00 30432
0.01 30532
0.01 30633
0.01 30734
0.01 30835
0.01 30937
0.01 31037
0.02 31138
0.01 31239
0.01 31340
0.01 31441
0.01 31542
0.01 31643
0.02 31744
0.02 31845
0.01 31946
0.01 32047
0.01 32148
0.01 32249
0.01 32350
0.01 32451
0.01 32551
0.01 32653
0.01 32754
0.01 32855
0.01 32956
0.01 33056
0.01 33158
0.01 33259
0.01 33359
0.02 33461
0.02 33561
0.02 33662
0.02 33764
0.02 33864
0.02 33966
0.01 34066
0.01 34167
0.01 34269
0.00 34369
-0.00 34470
-0.00 34571
-0.01 34672
-0.01 34774
-0.01 34874
-0.00 34975
0.06 35076
0.22 35177
0.47 35278
0.73 35379
0.67 35480
0.43 35581
0.37 35682
0.46 35783
0.36 35884
0.16 35985
0.07 36086
0.05 36187
0.03 36288
-0.00 36388
-0.04 36490
-0.06 36591
-0.06 36691
-0.04 36793
-0.02 36893
-0.02 36995
-0.02 37096
0.00 37196
0.00 37298
0.03 37398
0.26 37499
0.77 37601
1.19 37701
1.47 37803
1.79 37904
2.07 38004
1.78 38106
1.25 38206
0.72 38307
0.63 38409
0.53 38509
0.35 38610
0.30 38711
0.23 38812
0.16 38914
0.15 39014
0.21 39115
0.24 39216
0.18 39317
0.16 39418
0.12 39519
0.09 39620
0.11 39721
0.16 39822
0.23 39923
1.33 40024
2.43 40125
2.58 40226
2.37 40327
2.10 40428
2.03 40528
2.17 40630
2.11 40731
0.95 40832
0.60 40933
0.45 41034
0.40 41135
0.42 41236
0.41 41336
0.46 41438
0.45 41539
0.37 41639
0.43 41741
0.44 41841
0.31 41943
0.25 42044
0.16 42144
0.09 42246
0.10 42346
3.60 42447
6.57 42549
6.67 42649
4.80 42750
3.45 42852
3.13 42952
2.89 43054
2.21 43154
1.04 43255
0.79 43357
0.57 43457
0.36 43558
0.28 43659
0.32 43760
0.41 43862
0.50 43962
0.38 44063
0.33 44165
0.31 44265
0.29 44366
0.30 44467
0.29 44568
0.33 44669
0.32 44770
0.30 44871
0.49 44972
2.16 45073
3.50 45174
3.48 45275
3.48 45376
2.78 45476
1.77 45578
1.25 45679
0.70 45779
0.55 45881
0.56 45982
0.59 46083
0.60 46184
0.68 46284
0.80 46386
0.77 46487
0.50 46587
0.44 46689
0.55 46789
0.89 46891
1.50 46992
2.13 47092
2.31 47194
2.21 47295
2.17 47395
1.94 47497
1.85 47597
1.61 47698
1.08 47800
0.65 47900
0.33 48002
0.12 48102
0.07 48203
0.12 48305
0.19 48405
0.23 48506
0.29 48608
0.28 48708
0.28 48809
0.53 48910
1.62 49011
7.36 49113
6.73 49213
4.41 49314
3.17 49415
2.72 49516
2.45 49617
1.69 49718
1.06 49819
0.83 49921
0.69 50021
0.53 50122
0.33 50223
0.23 50324
0.25 50425
0.28 50526
0.20 50627
0.26 50727
0.22 50829
0.14 50930
0.10 51031
0.07 51132
0.06 51232
0.02 51334
-0.00 51435
0.02 51535
0.04 51637
0.05 51737
0.05 51838
0.08 51940
0.05 52040
0.01 52142
0.00 52243
0.01 52343
0.02 52445
0.03 52545
0.07 52646
0.09 52748
0.06 52848
0.06 52950
0.04 53050
0.03 53151
0.06 53253
0.05 53353
0.07 53454
0.04 53555
0.01 53656
0.04 53757
0.04 53858
0.03 53959
0.01 54060
-0.00 54161
0.00 54262
-0.02 54363
-0.01 54464
0.01 54564
0.02 54666
0.01 54767
0.00 54867
0.01 54969
0.03 55069
0.03 55171
0.02 55272
0.03 55372
0.06 55474
0.09 55574
0.14 55675
0.11 55777
0.00 55877
-0.01 55979
-0.03 56079
-0.04 56180
-0.05 56282
-0.07 56382
-0.08 56483
-0.08 56585
-0.08 56685
-0.09 56786
-0.08 56887
-0.09 56988
-0.09 57090
-0.10 57190
-0.09 57291
-0.08 57392
-0.06 57493
-0.09 57594
-0.11 57695
-0.07 57796
-0.07 57896
-0.07 57998
-0.07 58099
-0.07 58200
-0.09 58301
-0.09 58402
-0.08 58503
-0.09 58604
-