=~=~=~=~=~=~=~=~=~=~=~= PuTTY log 2024.05.02 09:40:27 =~=~=~=~=~=~=~=~=~=~=~=
-0.09 72061
-0.00 152468
-0.00 152569
-0.00 152671
-0.00 152771
SEEING EYE FORCE DATA COLLECION
Scale setup in 5 seconds
Setting up scale...
READINGS, KGs:
0.00 5892
0.00 5993
0.00 6094
0.00 6195
0.00 6296
0.00 6396
-0.00 6498
-0.00 6598
0.00 6700
0.00 6800
-0.00 6901
-0.00 7003
-0.00 7103
0.00 7204
-0.00 7305
-0.00 7406
-0.00 7506
-0.00 7608
-0.00 7709
-0.00 7810
-0.00 7911
-0.00 8011
-0.00 8113
-0.00 8213
-0.00 8314
0.00 8415
0.01 8516
0.01 8617
-0.00 8718
-0.01 8819
0.01 8920
0.03 9021
0.02 9121
0.05 9223
0.07 9323
0.09 9424
0.07 9526
0.03 9626
-0.05 9728
-0.08 9828
-0.09 9929
-0.10 10030
-0.08 10131
-0.06 10232
-0.05 10333
-0.04 10434
-0.04 10535
-0.09 10636
-0.11 10737
-0.11 10838
-0.09 10939
-0.07 11040
-0.06 11141
-0.05 11242
-0.04 11342
-0.02 11444
0.06 11545
0.10 11645
0.23 11747
0.35 11847
0.46 11949
0.50 12050
0.43 12150
0.36 12252
0.40 12352
0.41 12453
0.44 12555
0.55 12655
0.68 12756
0.66 12858
0.56 12958
0.52 13060
0.49 13160
0.30 13261
0.20 13363
0.25 13463
0.26 13564
0.27 13665
0.28 13766
0.34 13868
0.39 13968
0.37 14069
0.37 14170
0.38 14271
0.36 14372
0.38 14473
0.38 14574
0.36 14675
0.36 14776
0.35 14877
0.30 14978
0.27 15079
0.29 15180
0.29 15281
0.29 15382
0.31 15482
0.32 15584
0.30 15685
0.27 15785
0.20 15887
0.18 15987
0.17 16089
0.18 16190
0.19 16290
0.21 16392
0.24 16492
0.26 16593
0.24 16695
0.23 16795
0.22 16897
0.21 16998
0.20 17098
0.19 17200
0.19 17300
0.19 17401
0.17 17503
0.17 17603
0.18 17704
0.19 17805
0.19 17906
0.18 18008
0.18 18108
0.19 18209
0.19 18310
0.19 18411
0.19 18512
0.19 18613
0.17 18714
0.15 18816
0.11 18916
0.08 19017
0.05 19118
0.04 19219
0.03 19320
0.01 19421
-0.01 19522
-0.01 19622
-0.02 19724
-0.00 19825
-0.00 19926
-0.02 20027
-0.03 20127
-0.04 20229
-0.04 20330
-0.04 20430
-0.04 20532
-0.04 20632
-0.05 20733
-0.05 20835
-0.06 20935
-0.06 21037
-0.06 21137
-0.06 21238
-0.06 21340
-0.06 21440
-0.07 21541
-0.07 21643
-0.07 21743
-0.07 21844
-0.07 21945
-0.07 22046
-0.07 22148
-0.07 22248
-0.07 22349
-0.07 22450
-0.07 22551
-0.07 22652
-0.07 22753
-0.07 22854
-0.07 22955
-0.07 23056
-0.07 23157
-0.07 23258
-0.07 23359
-0.07 23460
-0.07 23561
-0.07 23662
-0.06 23762
-0.06 23864
-0.07 23965
-0.06 24066
-0.06 24167
-0.07 24267
-0.07 24369
-0.07 24470
-0.07 24570
-0.07 24672
-0.07 24772
-0.07 24873
-0.07 24975
-0.07 25075
-0.07 25177
-0.07 25277
-0.07 25378
-0.07 25480
-0.07 25580
-0.07 25681
-0.07 25783
-0.07 25883
-0.08 25985
-0.08 26085
-0.08 26186
-0.08 26288
-0.08 26388
-0.08 26489
-0.08 26590
-0.08 26691
-0.08 26792
-0.08 26893
-0.08 26994
-0.08 27095
-0.08 27196
-0.08 27297
-0.08 27398
-0.08 27499
-0.08 27599
-0.08 27701
-0.08 27802
-0.08 27902
-0.08 28004
-0.08 28104
-0.08 28206
-0.08 28307
-0.08 28407
-0.08 28509
-0.08 28610
-0.08 28710
-0.08 28812
-0.08 28912
-0.08 29014
-0.08 29115
-0.08 29215
-0.08 29317
-0.07 29417
-0.08 29518
-0.08 29620
-0.08 29720
-0.08 29821
-0.08 29922
-0.07 30023
-0.07 30125
-0.07 30225
-0.07 30326
-0.07 30427
-0.07 30528
-0.07 30629
-0.07 30730
-0.07 30831
-0.07 30932
-0.07 31033
-0.08 31134
-0.08 31235
-0.08 31336
-0.08 31437
-0.08 31538
-0.08 31639
-0.08 31739
-0.08 31841
-0.08 31942
-0.08 32043
-0.08 32144
-0.08 32244
-0.08 32346
-0.08 32447
-0.08 32547
-0.08 32649
-0.08 32750
-0.08 32850
-0.08 32952
-0.08 33052
-0.08 33154
-0.08 33255
-0.08 33355
-0.08 33457
-0.08 33557
-0.07 33658
-0.03 33760
0.04 33860
0.15 33961
0.20 34062
0.12 34163
0.22 34265
0.28 34365
0.25 34466
0.16 34567
0.06 34668
0.07 34769
0.03 34870
0.00 34971
-0.01 35072
-0.05 35173
-0.07 35274
-0.07 35375
-0.07 35476
-0.07 35577
-0.06 35678
-0.05 35779
-0.06 35879
-0.07 35981
-0.07 36082
-0.08 36183
-0.09 36284
-0.09 36384
-0.07 36486
-0.05 36587
-0.03 36687
-0.05 36789
-0.03 36889
0.04 36990
0.16 37092
0.30 37192
0.41 37294
0.53 37394
0.40 37495
0.34 37597
0.48 37697
1.13 37798
2.12 37900
3.24 38000
4.28 38102
4.94 38202
6.64 38303
6.68 38405
5.91 38505
4.40 38606
2.90 38708
1.97 38808
1.51 38909
1.56 39010
1.16 39111
1.00 39213
0.93 39313
1.05 39414
0.97 39515
0.59 39616
0.45 39717
0.50 39818
0.63 39919
0.61 40020
0.86 40121
1.46 40222
2.56 40323
2.81 40424
2.42 40525
3.19 40626
4.88 40727
5.40 40827
5.67 40929
5.43 41030
4.45 41131
2.75 41232
1.16 41333
0.51 41434
0.04 41535
0.00 41635
-0.03 41737
-0.04 41838
-0.05 41938
-0.07 42040
-0.07 42140
-0.07 42242
-0.05 42343
0.04 42443
0.39 42545
2.24 42645
5.60 42746
7.58 42848
7.18 42948
5.79 43049
4.67 43150
2.54 43251
1.85 43353
0.95 43453
0.39 43554
0.23 43656
0.18 43756
0.13 43857
0.06 43958
0.01 44059
-0.01 44161
-0.02 44261
-0.04 44362
-0.05 44463
-0.06 44564
-0.07 44665
-0.07 44766
-0.05 44867
0.02 44967
0.16 45069
0.25 45170
0.88 45271
1.87 45372
2.81 45473
3.84 45574
4.92 45675
4.94 45775
4.76 45877
4.44 45978
3.47 46078
1.88 46180
0.61 46280
0.07 46382
-0.04 46483
0.02 46583
0.06 46685
0.05 46785
0.06 46886
0.05 46988
0.05 47088
0.06 47190
0.05 47291
0.16 47391
0.45 47493
1.48 47593
3.03 47694
3.62 47796
4.07 47896
4.45 47997
4.66 48098
3.60 48199
2.90 48301
2.51 48401
1.81 48502
0.89 48604
0.42 48704
0.18 48805
0.01 48906
-0.06 49007
-0.06 49108
-0.07 49209
-0.06 49310
-0.06 49411
-0.06 49512
-0.05 49613
-0.02 49714
1.54 49815
4.44 49915
6.84 50017
7.53 50118
6.65 50219
5.51 50320
3.63 50421
1.91 50522
0.84 50623
0.24 50723
0.16 50825
0.12 50926
0.06 51026
0.02 51128
-0.02 51228
-0.04 51330
-0.05 51431
-0.04 51531
-0.04 51633
-0.03 51733
-0.03 51834
-0.04 51936
-0.05 52036
-0.05 52137
-0.03 52239
0.00 52339
0.03 52441
0.02 52541
0.02 52642
0.01 52744
0.02 52844
0.06 52945
0.05 53046
0.06 53147
0.04 53249
0.00 53349
-0.00 53450
-0.00 53551
0.02 53652
0.05 53753
0.03 53854
0.03 53955
0.10 54055
0.19 54157
0.29 54258
0.32 54359
0.19 54460
0.11 54560
0.08 54662
0.01 54763
-0.01 54863
-0.03 54965
-0.06 55065
-0.08 55166
-0.08 55268
-0.08 55368
-0.08 55470
-0.07 55571
-0.10 55671
-0.13 55773
-0.13 55873
-0.13 55974
-0.13 56076
-0.13 56176
-0.14 56278
-0.15 56378
-0.14 56479
-0.18 56581
-0.33 56681
-0.33 56782
-0.33 56884
-0.36 56984
-0.36 57085
-0.38 57186
-0.39 57287
-0.41 57389
-0.42 57489
-0.42 57590
-0.43 57692
-