=~=~=~=~=~=~=~=~=~=~=~= PuTTY log 2024.05.02 09:50:07 =~=~=~=~=~=~=~=~=~=~=~=
-0.38 56805
.04 179334
-0.02 179435
0.02 179535
-0.00 179637
8727
0.02 178829
-0.00 178929
-0.01 179031
-0.00 179132
0.03 179232
0.04 179334
-0.02 179435
0.02 179535
-0.00 179637
8727
0.02 178829
-0.00 178929
-0.01 179031
-0.00 179132
0.03 179232
0.04 179334
-0.02 179435
0.02 179535
-0.00 179637
SEEING EYE FORCE DATA COLLECION
Scale setup in 5 seconds
Setting up scale...
READINGS, KGs:
0.00 5865
0.00 5966
-0.00 6067
0.00 6168
0.00 6269
0.00 6370
-0.00 6471
0.00 6572
0.00 6673
0.00 6773
0.00 6875
0.00 6975
-0.00 7076
-0.00 7178
-0.00 7278
-0.00 7379
0.00 7480
-0.00 7581
-0.00 7682
0.00 7783
0.00 7883
0.00 7985
0.01 8086
0.01 8186
-0.00 8288
0.02 8388
0.03 8489
0.08 8590
0.12 8691
0.11 8793
0.09 8893
0.12 8994
0.13 9095
0.11 9196
-0.00 9296
-0.06 9398
-0.06 9499
-0.06 9600
-0.05 9701
-0.05 9801
-0.06 9903
-0.07 10003
-0.07 10104
-0.05 10206
-0.05 10306
-0.06 10407
-0.06 10508
-0.05 10609
-0.05 10711
-0.07 10811
-0.10 10912
-0.10 11013
-0.09 11114
-0.08 11215
-0.06 11316
-0.05 11417
-0.04 11517
-0.02 11619
0.03 11720
0.07 11821
0.07 11922
0.05 12022
0.03 12124
0.01 12225
0.01 12325
0.00 12427
-0.00 12528
0.01 12628
0.00 12730
-0.00 12830
-0.01 12932
-0.01 13033
-0.01 13133
-0.01 13235
-0.01 13335
-0.01 13436
-0.01 13538
-0.02 13638
-0.01 13740
-0.01 13840
-0.00 13941
-0.01 14043
-0.01 14143
-0.01 14244
0.00 14345
0.01 14446
0.01 14547
0.00 14648
-0.01 14749
-0.01 14851
-0.01 14951
-0.01 15052
-0.01 15153
-0.01 15254
-0.01 15355
-0.01 15456
-0.01 15557
-0.02 15657
-0.02 15759
-0.01 15860
-0.01 15961
-0.01 16062
-0.02 16162
-0.02 16264
-0.01 16365
-0.01 16465
-0.01 16567
-0.01 16667
-0.00 16769
0.00 16870
0.00 16970
0.00 17072
0.00 17172
0.01 17273
0.01 17375
0.01 17475
0.01 17576
0.01 17677
0.01 17778
0.01 17880
0.00 17980
-0.01 18081
-0.02 18183
-0.03 18283
-0.04 18384
-0.05 18485
-0.05 18586
-0.05 18688
-0.05 18788
-0.06 18889
-0.06 18990
-0.06 19091
-0.06 19192
-0.06 19293
-0.07 19394
-0.06 19494
-0.06 19596
-0.06 19697
-0.06 19798
-0.06 19899
-0.07 19999
-0.07 20101
-0.07 20202
-0.07 20302
-0.07 20404
-0.08 20505
-0.08 20605
-0.08 20707
-0.07 20807
-0.07 20909
-0.07 21010
-0.08 21110
-0.08 21212
-0.08 21312
-0.08 21413
-0.08 21515
-0.08 21615
-0.08 21716
-0.08 21817
-0.08 21918
-0.08 22020
-0.08 22120
-0.08 22221
-0.08 22322
-0.08 22423
-0.08 22524
-0.08 22625
-0.08 22726
-0.07 22827
-0.08 22928
-0.08 23029
-0.07 23130
-0.05 23231
-0.05 23332
-0.04 23433
-0.02 23534
-0.02 23634
-0.03 23736
-0.02 23837
-0.01 23938
-0.01 24039
-0.01 24139
-0.01 24241
-0.00 24342
-0.01 24442
-0.01 24544
-0.01 24644
-0.01 24745
-0.01 24847
-0.01 24947
-0.01 25049
-0.01 25150
-0.00 25250
-0.00 25352
-0.01 25452
-0.01 25553
-0.01 25655
-0.01 25755
-0.01 25857
-0.01 25957
-0.01 26058
-0.01 26160
-0.01 26260
-0.02 26361
-0.02 26462
-0.01 26563
-0.02 26664
-0.02 26765
-0.02 26866
-0.01 26967
-0.01 27068
-0.01 27169
-0.00 27270
-0.00 27371
-0.00 27472
-0.00 27573
0.00 27674
0.00 27774
0.00 27876
-0.00 27977
-0.01 28078
-0.01 28179
-0.01 28279
-0.01 28381
-0.01 28482
-0.01 28582
-0.01 28684
-0.00 28784
-0.00 28886
-0.00 28987
-0.00 29087
-0.01 29189
-0.01 29289
-0.01 29390
-0.01 29492
-0.01 29592
-0.01 29693
-0.01 29795
-0.02 29895
-0.01 29997
-0.01 30097
-0.01 30198
-0.01 30300
-0.01 30400
-0.01 30501
-0.01 30602
-0.01 30703
-0.01 30804
-0.01 30905
-0.02 31006
-0.02 31107
-0.02 31208
-0.02 31309
-0.02 31410
-0.02 31511
-0.01 31611
-0.01 31713
-0.01 31814
-0.01 31915
-0.01 32016
-0.01 32117
-0.01 32218
-0.01 32319
-0.01 32419
-0.01 32521
-0.01 32622
-0.00 32722
0.02 32824
0.10 32924
0.26 33026
0.44 33127
0.58 33227
0.39 33329
0.41 33429
0.75 33530
1.03 33632
0.96 33732
0.60 33833
0.59 33934
0.68 34035
0.47 34137
0.47 34237
0.60 34338
0.72 34440
0.46 34540
0.32 34641
0.25 34742
0.14 34843
0.10 34945
0.11 35045
0.15 35146
0.18 35247
0.22 35348
0.42 35449
0.50 35550
0.78 35651
1.41 35752
1.62 35853
1.99 35954
2.11 36055
1.99 36156
1.78 36257
1.14 36358
0.53 36459
0.14 36559
0.01 36661
-0.03 36762
0.01 36862
-0.01 36964
-0.00 37064
0.01 37166
-0.00 37267
0.00 37367
0.03 37469
0.12 37569
0.20 37670
0.37 37772
0.98 37872
1.66 37974
1.83 38075
1.87 38175
2.29 38277
1.62 38377
0.86 38478
0.42 38580
0.16 38680
0.07 38781
0.03 38882
0.01 38983
-0.02 39085
-0.03 39185
-0.04 39286
-0.04 39388
-0.04 39488
-0.04 39589
-0.05 39690
-0.04 39791
0.04 39892
0.18 39993
0.69 40094
1.58 40195
2.60 40296
3.68 40397
3.71 40498
2.49 40599
0.68 40699
0.31 40801
0.18 40902
0.12 41003
0.11 41104
0.07 41205
0.03 41306
0.02 41407
-0.01 41507
-0.03 41609
-0.03 41710
-0.02 41810
-0.01 41912
-0.02 42012
-0.05 42114
-0.02 42215
-0.01 42315
-0.02 42417
0.01 42517
0.07 42618
0.11 42720
0.18 42820
0.52 42921
0.88 43022
1.32 43123
2.34 43225
2.37 43325
2.05 43426
1.55 43528
0.83 43628
0.25 43729
0.04 43830
-0.02 43931
-0.01 44033
0.04 44133
0.03 44234
-0.01 44335
-0.00 44436
0.00 44537
-0.01 44638
-0.01 44739
0.06 44839
0.29 44941
0.92 45042
1.40 45143
1.84 45244
2.24 45345
2.43 45446
2.36 45547
1.87 45647
0.31 45749
0.07 45850
0.03 45950
0.00 46052
-0.01 46152
-0.02 46254
-0.01 46355
-0.00 46455
-0.01 46557
0.00 46657
0.01 46758
0.02 46860
0.06 46960
0.28 47062
1.03 47162
2.22 47263
4.18 47365
3.13 47465
1.73 47566
0.90 47668
0.61 47768
0.37 47869
0.13 47970
0.10 48071
0.00 48173
-0.00 48273
-0.02 48374
-0.04 48475
-0.05 48576
-0.05 48677
-0.04 48778
-0.04 48879
-0.04 48979
-0.04 49081
-0.03 49182
-0.05 49283
-0.05 49384
-0.04 49485
-0.05 49586
-0.05 49687
-0.06 49787
-0.04 49889
-0.03 49990
-0.02 50091
-0.02 50192
-0.03 50292
-0.04 50394
-0.06 50495
-0.05 50595
-0.03 50697
-0.04 50797
-0.03 50898
0.01 51000
0.00 51100
-0.01 51202
-0.04 51302
-0.03 51403
-0.04 51505
-0.02 51605
0.01 51706
-0.00 51808
-0.04 51908
-0.04 52009
-0.01 52110
-0.01 52211
-0.06 52313
-0.02 52413
-0.00 52514
-0.00 52615
-0.01 52716
0.01 52817
0.08 52918
0.13 53019
0.17 53120
0.19 53221
0.31 53322
0.38 53423
0.52 53524
0.24 53624
0.05 53726
0.03 53827
-0.03 53927
-0.05 54029
-0.05 54129
-0.05 54231
-0.04 54332
-0.03 54432
-0.01 54534
-0.01 54635
-0.02 54735
-0.02 54837
-0.02 54937
-0.03 55038
-0.04 55140
-0.02 55240
-0.01 55342
-0.01 55442
-0.00 55543
-0.03 55645
-0.04 55745
-0.03 55846
-0.02 55947
-0.01 56048
0.00 56150
0.02 56250
0.02 56351
0.00 56452
0.01 56553
0.02 56654
0.03 56755
0.03 56856
0.02 56957
0.02 57058
0.02 57159
0