=~=~=~=~=~=~=~=~=~=~=~= PuTTY log 2024.05.02 10:26:06 =~=~=~=~=~=~=~=~=~=~=~=
0.01 60056
1877
0.02 191978
0.01 192078
0.01 192180
0.01 192280
0.01 192381
0.01 192483
0.02 192583
0.01 192685
01 191775
0.02 191877
0.02 191978
0.01 192078
0.01 192180
0.01 192280
0.01 192381
0.01 192483
0.02 192583
0.01 192685
01 191775
0.02 191877
0.02 191978
0.01 192078
0.01 192180
0.01 192280
0.01 192381
0.01 192483
0.02 192583
0.01 192685
SEEING EYE FORCE DATA COLLECION
Scale setup in 5 seconds
Setting up scale...
READINGS, KGs:
0.00 5835
0.00 5937
0.00 6037
0.00 6138
-0.00 6239
0.00 6340
0.00 6441
-0.00 6542
-0.00 6643
0.00 6744
0.00 6845
0.00 6945
0.00 7047
0.00 7147
0.00 7248
0.00 7350
0.00 7450
0.00 7552
0.00 7652
0.00 7753
0.00 7854
0.00 7955
0.01 8055
0.03 8157
0.04 8258
0.10 8358
0.05 8460
0.02 8560
0.01 8662
0.01 8762
0.02 8863
0.01 8965
-0.02 9065
-0.02 9166
0.02 9267
0.05 9368
0.07 9468
0.12 9570
0.17 9670
0.17 9772
0.14 9873
0.07 9973
-0.09 10075
-0.06 10175
-0.01 10276
0.03 10378
0.01 10478
-0.01 10579
-0.04 10680
-0.03 10781
-0.04 10883
-0.04 10983
-0.03 11084
-0.02 11185
-0.03 11286
-0.05 11387
-0.01 11488
0.04 11589
-0.06 11689
-0.08 11791
-0.05 11892
-0.05 11993
-0.05 12094
-0.03 12195
-0.02 12296
-0.04 12397
-0.07 12497
-0.07 12599
-0.03 12700
-0.01 12801
-0.02 12902
-0.04 13002
-0.05 13104
-0.04 13205
-0.04 13305
-0.03 13407
-0.03 13507
-0.03 13608
-0.03 13710
-0.01 13810
-0.01 13912
-0.01 14012
-0.02 14113
-0.08 14215
-0.07 14315
-0.08 14416
-0.08 14518
-0.07 14618
-0.06 14720
-0.05 14820
-0.05 14921
-0.08 15023
-0.07 15123
-0.06 15224
-0.07 15325
-0.06 15426
-0.04 15527
-0.03 15628
-0.04 15729
0.07 15830
0.09 15931
0.11 16032
0.18 16133
0.18 16234
0.12 16334
0.10 16436
0.06 16537
0.03 16637
0.06 16739
0.02 16839
0.03 16941
0.05 17042
0.05 17142
0.04 17244
0.02 17345
-0.00 17445
0.02 17547
0.03 17647
0.01 17748
0.01 17850
0.02 17950
0.04 18052
0.02 18152
0.02 18253
0.02 18355
0.02 18455
0.02 18556
0.00 18657
-0.00 18758
0.01 18860
0.03 18960
0.05 19061
0.05 19162
0.09 19263
0.10 19364
0.11 19465
0.13 19566
0.15 19666
0.16 19768
0.16 19869
0.16 19970
0.14 20071
0.12 20171
0.12 20273
0.13 20374
0.11 20474
0.10 20576
0.11 20677
0.10 20777
0.09 20879
0.10 20979
0.11 21081
0.11 21182
0.12 21282
0.13 21384
0.13 21484
0.13 21585
0.15 21687
0.15 21787
0.15 21889
0.14 21989
0.15 22090
0.16 22192
0.15 22292
0.14 22393
0.15 22495
0.17 22595
0.18 22696
0.19 22797
0.19 22898
0.20 23000
0.20 23100
0.18 23201
0.16 23302
0.10 23403
0.07 23504
0.05 23605
0.03 23706
0.00 23806
-0.01 23908
-0.01 24009
0.01 24110
0.00 24211
-0.01 24311
0.01 24413
0.00 24514
-0.01 24614
-0.01 24716
-0.02 24816
-0.02 24918
-0.04 25019
-0.05 25119
-0.07 25221
-0.05 25322
-0.06 25422
-0.06 25524
-0.06 25624
-0.06 25725
-0.07 25827
-0.07 25927
-0.07 26029
-0.07 26129
-0.07 26230
-0.08 26332
-0.07 26432
-0.07 26533
-0.09 26634
-0.09 26735
-0.07 26836
-0.06 26937
-0.06 27038
-0.07 27139
-0.08 27240
-0.09 27341
-0.08 27442
-0.07 27543
-0.07 27644
-0.07 27745
-0.08 27846
-0.07 27947
-0.07 28048
-0.07 28149
-0.07 28250
-0.07 28351
-0.07 28451
-0.06 28553
-0.06 28654
-0.07 28754
-0.07 28856
-0.06 28956
-0.06 29058
-0.06 29159
-0.06 29259
-0.06 29361
-0.06 29461
-0.06 29562
-0.07 29664
-0.07 29764
-0.07 29865
-0.07 29967
-0.07 30067
-0.07 30169
-0.07 30269
-0.06 30370
-0.06 30472
-0.06 30572
-0.05 30673
-0.05 30774
-0.05 30875
-0.05 30977
-0.04 31077
-0.04 31178
-0.04 31279
-0.03 31380
-0.03 31481
-0.03 31582
-0.03 31683
-0.03 31783
-0.03 31885
-0.04 31986
-0.04 32087
-0.04 32188
-0.05 32289
-0.05 32390
-0.05 32491
-0.04 32591
-0.03 32693
-0.02 32794
-0.01 32894
0.01 32996
0.03 33096
0.04 33198
0.10 33299
0.12 33399
0.14 33501
0.16 33601
0.17 33702
0.19 33804
0.23 33904
0.25 34006
0.33 34106
0.30 34207
0.30 34309
0.38 34409
0.40 34510
0.42 34612
0.40 34712
0.40 34813
0.38 34914
0.40 35015
0.40 35117
0.38 35217
0.37 35318
0.37 35419
0.38 35520
0.38 35621
0.40 35722
0.43 35823
0.44 35923
0.44 36025
0.45 36126
0.45 36227
0.46 36328
0.46 36429
0.47 36530
0.47 36631
0.47 36731
0.46 36833
0.46 36934
0.45 37035
0.44 37136
0.43 37236
0.43 37338
0.41 37439
0.41 37539
0.40 37641
0.40 37741
0.40 37842
0.40 37944
0.39 38044
0.43 38146
0.92 38247
1.36 38347
1.89 38449
2.56 38549
2.82 38650
2.88 38752
3.03 38852
3.29 38953
3.11 39054
3.00 39155
3.04 39257
3.04 39357
3.05 39458
2.93 39560
2.76 39660
2.61 39761
2.61 39862
2.51 39963
2.22 40065
2.06 40165
2.34 40266
2.23 40367
2.10 40468
2.11 40569
2.34 40670
2.77 40771
2.74 40872
2.90 40973
3.04 41074
3.32 41175
3.48 41276
3.39 41377
3.37 41478
3.19 41579
3.22 41680
3.22 41781
3.26 41882
3.33 41982
3.34 42084
3.34 42185
3.24 42286
2.95 42387
2.87 42487
2.64 42589
2.38 42690
2.30 42790
2.28 42892
2.42 42993
2.70 43094
2.79 43195
3.15 43295
3.36 43397
3.45 43498
3.56 43598
3.52 43700
3.28 43800
3.10 43901
3.15 44003
2.48 44103
2.39 44205
2.43 44306
2.58 44406
2.75 44508
2.89 44608
3.02 44709
2.92 44811
2.66 44911
2.57 45012
2.55 45113
2.67 45214
2.65 45316
2.55 45416
2.61 45517
2.90 45619
2.96 45719
2.60 45820
2.44 45921
2.51 46022
2.30 46124
1.92 46224
1.87 46325
2.21 46427
2.56 46527
2.51 46628
2.41 46729
2.47 46830
2.50 46931
2.50 47032
2.58 47133
2.68 47234
2.99 47335
3.34 47436
3.62 47537
3.44 47638
3.00 47739
2.71 47840
2.53 47941
2.59 48041
2.63 48143
2.38 48244
2.29 48345
2.29 48446
2.33 48546
2.27 48648
2.27 48749
2.28 48849
2.30 48951
2.35 49052
2.27 49153
2.17 49254
2.11 49354
2.07 49456
2.07 49557
2.12 49657
2.07 49759
1.97 49860
1.90 49960
1.82 50062
1.77 50162
1.76 50264
1.51 50365
1.26 50465
1.33 50567
1.69 50667
1.90 50768
2.08 50870
2.13 50970
2.12 51072
2.10 51173
1.97 51273
1.84 51375
1.85 51475
2.20 51576
2.35 51678
2.58 51778
2.72 51879
2.73 51980
2.80 52081
2.99 52183
3.01 52283
2.47 52384
2.50 52486
2.43 52586
2.17 52687
1.89 52788
1.66 52889
1.63 52990
1.70 53091
1.78 53192
2.04 53293
2.31 53394
2.33 53495
2.39 53596
2.61 53697
2.87 53798
2.90 53899
2.31 54000
2.53 54100
2.78 54202
2.87 54303
2.81 54404
2.53 54505
2.08 54606
1.89 54707
1.76 54808
1.45 54908
1.27 55010
1.22 55111
1.42 55212
1.80 55313
2.16 55413
2.21 55515
1.95 55616
2.04 55716
2.28 55818
2.31 55919
2.32 56019
2.35 56121
2.21 56221
2.20 56323
2.32 56424
2.18 56524
2.16 56626
2.29 56726
2.08 56827
1.93 56929
2.01 57029
2.17 57131
2.37 57232
2.34 57332
2.16 57434
2.25 57534
2.25 57635
2.22 57737
2.30 57837
2.22 57938
2.04 58040
1.95 58140
2.15 58242
2.49 58342
2.74 58443
2.63 58545
2.32 58645
1.95 58746
1.68 58847
1.50 58948
1.59 59049
1.92 59150
2.25 59251
2.49 59353
2.51 59453
2.45 59554
2.31 59655
1.95 59756
1.20 59857
0.98 59958
0.81 60059
0.66 60160
0.52 60261
0.37 60362
0.33 60463
0.32 60564
0.43 60665
0.52 60766
0.57 60867
0.59 60967
0.65 61069
0.66 61170
0.69 61271
0.67 61372
0.55 61472
0.62 61574
0.57 61675
0.57 61775
0.66 61877
0