=~=~=~=~=~=~=~=~=~=~=~= PuTTY log 2024.05.02 09:32:03 =~=~=~=~=~=~=~=~=~=~=~=
SEEING EYE FORCE DATA COLLECION
Scale setup in 5 seconds
Setting up scale...
READINGS, KGs:
0.00 5813
0.00 5914
0.00 6016
0.00 6116
0.00 6217
0.00 6318
0.00 6419
0.00 6519
0.00 6621
0.00 6722
0.00 6822
0.00 6924
0.00 7024
0.00 7126
0.00 7226
0.00 7327
0.00 7428
0.01 7529
0.01 7630
0.01 7731
-0.03 7832
-0.07 7932
-0.08 8034
-0.08 8134
-0.07 8236
-0.03 8336
-0.00 8437
0.04 8539
0.03 8639
-0.01 8740
-0.04 8841
-0.06 8942
-0.07 9042
-0.07 9144
-0.06 9245
-0.02 9346
0.05 9447
0.12 9547
0.17 9649
0.16 9749
0.11 9850
0.08 9952
0.10 10052
0.13 10153
0.11 10254
0.07 10355
0.02 10457
-0.00 10557
-0.01 10658
-0.01 10759
-0.03 10860
-0.02 10961
-0.03 11062
-0.03 11163
-0.04 11264
-0.03 11365
-0.04 11466
-0.04 11567
-0.04 11668
-0.04 11768
-0.01 11870
-0.01 11971
-0.02 12071
-0.00 12173
0.01 12273
-0.01 12375
-0.00 12476
0.00 12576
0.01 12678
0.00 12778
-0.01 12879
-0.01 12981
0.00 13081
0.02 13182
0.01 13284
0.00 13384
-0.01 13486
-0.05 13586
-0.07 13687
-0.02 13789
0.04 13889
0.02 13990
0.02 14091
0.02 14192
0.02 14294
0.01 14394
0.01 14495
0.01 14596
0.01 14697
0.01 14798
0.00 14899
0.01 15000
0.00 15100
0.00 15202
0.00 15303
0.01 15404
0.01 15505
0.01 15605
0.01 15707
0.02 15808
0.02 15908
0.02 16010
0.02 16110
0.03 16211
0.04 16313
0.06 16413
0.08 16515
0.08 16615
0.09 16716
0.11 16818
0.11 16918
0.10 17019
0.10 17120
0.08 17221
0.07 17323
0.07 17423
0.10 17524
0.11 17625
0.10 17726
0.10 17827
0.10 17928
0.08 18029
0.06 18130
0.06 18231
0.06 18332
0.06 18433
0.07 18534
0.09 18635
0.10 18736
0.12 18837
0.10 18937
0.08 19039
0.08 19140
0.09 19240
0.07 19342
0.07 19442
0.09 19544
0.08 19645
0.09 19745
0.09 19847
0.10 19947
0.11 20048
0.14 20150
0.15 20250
0.16 20352
0.15 20452
0.15 20553
0.16 20655
0.16 20755
0.16 20856
0.17 20958
0.17 21058
0.20 21159
0.22 21260
0.25 21361
0.28 21463
0.29 21563
0.28 21664
0.25 21765
0.24 21866
0.25 21967
0.27 22068
0.30 22169
0.32 22269
0.30 22371
0.27 22472
0.25 22573
0.24 22674
0.22 22775
0.18 22876
0.17 22977
0.18 23077
0.20 23179
0.21 23280
0.22 23380
0.24 23482
0.26 23582
0.28 23684
0.29 23785
0.31 23885
0.32 23987
0.32 24087
0.33 24188
0.32 24290
0.33 24390
0.34 24492
0.34 24593
0.35 24693
0.33 24795
0.32 24895
0.31 24996
0.31 25098
0.31 25198
0.31 25299
0.31 25400
0.31 25501
0.31 25603
0.31 25703
0.32 25804
0.32 25905
0.31 26006
0.31 26107
0.31 26208
0.31 26309
0.31 26411
0.30 26511
0.30 26612
0.30 26713
0.29 26814
0.29 26915
0.28 27016
0.29 27117
0.29 27217
0.30 27319
0.30 27420
0.31 27521
0.33 27622
0.35 27722
0.36 27824
0.38 27925
0.38 28025
0.38 28127
0.36 28228
0.36 28328
0.37 28430
0.40 28530
0.42 28632
0.44 28733
0.45 28833
0.44 28935
0.44 29035
0.45 29136
0.45 29238
0.47 29338
0.48 29440
0.48 29540
0.48 29641
0.47 29743
0.46 29843
0.45 29944
0.44 30046
0.43 30146
0.42 30247
0.42 30348
0.41 30449
0.41 30551
0.40 30651
0.41 30752
0.42 30853
0.44 30954
0.43 31055
0.41 31156
0.39 31257
0.38 31357
0.37 31459
0.36 31560
0.35 31661
0.36 31762
0.37 31863
0.38 31964
0.39 32065
0.40 32165
0.41 32267
0.41 32368
0.41 32468
0.42 32570
0.42 32670
0.42 32772
0.41 32873
0.41 32973
0.41 33075
0.41 33175
0.41 33276
0.41 33378
0.34 33478
0.33 33580
0.36 33681
0.36 33781
0.35 33883
0.33 33983
0.34 34084
0.36 34186
0.35 34286
0.35 34387
0.36 34488
0.36 34589
0.35 34691
0.35 34791
0.36 34892
0.36 34993
0.35 35094
0.35 35195
0.34 35296
0.34 35397
0.34 35499
0.34 35599
0.34 35700
0.32 35801
0.32 35902
0.31 36003
0.29 36104
0.28 36205
0.28 36305
0.28 36407
0.27 36508
0.26 36609
0.26 36710
0.25 36811
0.25 36912
0.25 37013
0.25 37113
0.24 37215
0.24 37316
0.24 37416
0.26 37518
0.27 37618
0.27 37720
0.28 37821
0.29 37921
0.29 38023
0.28 38123
0.28 38224
0.31 38326
0.31 38426
0.31 38528
0.31 38628
0.33 38729
0.29 38831
0.32 38931
0.34 39032
0.33 39134
0.33 39234
0.34 39335
0.34 39436
0.33 39537
0.34 39639
0.34 39739
0.35 39840
0.34 39941
0.34 40042
0.34 40143
0.34 40244
0.33 40345
0.32 40446
0.32 40547
0.32 40648
0.31 40749
0.30 40850
0.30 40951
0.29 41052
0.28 41153
0.27 41253
0.28 41355
0.29 41456
0.29 41556
0.30 41658
0.31 41758
0.32 41860
0.33 41961
0.33 42061
0.34 42163
0.35 42263
0.39 42364
0.39 42466
0.40 42566
0.43 42668
0.42 42769
0.40 42869
0.37 42971
0.37 43071
0.38 43172
0.37 43274
0.37 43374
0.37 43475
0.36 43576
0.35 43677
0.35 43779
0.34 43879
0.34 43980
0.34 44081
0.33 44182
0.32 44283
0.32 44384
0.31 44485
0.31 44587
0.31 44687
0.32 44788
0.33 44889
0.33 44990
0.34 45091
0.34 45192
0.34 45293
0.34 45393
0.33 45495
0.32 45596
0.31 45697
0.31 45798
0.30 45899
0.29 46000
0.29 46101
0.29 46201
0.29 46303
0.29 46404
0.30 46504
0.31 46606
0.30 46706
0.30 46808
0.31 46909
0.30 47009
0.30 47111
0.29 47211
0.29 47312
0.29 47414
0.28 47514
0.28 47616
0.28 47716
0.28 47817
0.29 47919
0.29 48019
0.28 48120
0.28 48222
0.29 48322
0.29 48423
0.28 48524
0.28 48625
0.32 48727
0.49 48827
0.87 48928
1.42 49029
2.14 49130
3.07 49231
3.55 49332
3.26 49433
3.10 49534
3.53 49635
3.20 49736
3.24 49837
3.03 49938
3.12 50039
3.32 50140
3.28 50241
3.62 50341
3.60 50443
3.49 50544
3.41 50644
3.32 50746
3.40 50847
3.47 50948
3.48 51049
2.92 51149
2.54 51251
2.44 51352
2.12 51452
1.76 51554
1.63 51655
1.76 51756
1.77 51857
1.68 51957
1.14 52059
2.23 52160
4.96 52260
7.94 52362
8.93 52462
7.34 52563
4.66 52665
2.20 52765
1.68 52867
2.67 52968
2.72 53068
2.06 53170
1.66 53270
1.42 53371
1.25 53473
1.43 53573
1.78 53675
1.65 53775
1.47 53876
1.41 53978
1.30 54078
1.34 54179
1.42 54281
1.49 54381
1.97 54482
2.00 54583
1.91 54684
2.07 54786
2.44 54886
3.17 54987
4.55 55088
5.72 55189
5.92 55290
4.61 55391
2.89 55492
1.68 55593
1.15 55694
1.05 55795
1.16 55896
1.24 55997
1.70 56098
2.35 56199
2.54 56300
2.36 56401
2.22 56502
2.12 56603
2.10 56704
1.77 56805
1.12 56906
1.12 57007
1.01 57108
0.92 57208
1.04 57310
1.19 57411
1.45 57511
2.40 57613
4.28 57714
5.06 57815
5.91 57916
6.58 58016
6.78 58118
6.62 58219
6.16 58319
5.56 58421
4.31 58522
3.76 58622
3.24 58724
2.79 58824
2.43 58926
1.83 59027
1.32 59127
1.16 59229
1.87 59329
2.61 59430
2.73 59532
2.01 59632
1.59 59734
1.48 59835
1.43 59935
1.53 60037
1.96 60137
1.85 60238
1.66 60340
1.83 60440
2.16 60541
2.87 60643
3.78 60743
3.83 60845
3.65 60945
3.84 61046
4.15 61148
3.71 61248
3.59 61349
3.36 61450
3.26 61551
3.59 61652
4.39 61753
6.18 61854
6.42 61956
5.58 62056
4.17 62157
2.72 62258
1.51 62359
0.91 62460
0.50 62561
0.50 62662
1.17 62764
2.89 62864
4.47 62965
4.48 63066
4.57 63167
4.83 63268
5.10 63369
6.18 63470
6.65 63570
6.57 63672
6.10 63773
5.40 63874
5.05 63975
4.93 64076
5.01 64177
5.43 64278
5.51 64378
5.59 64480
5.16 64581
4.61 64681
4.27 64783
3.39 64883
2.10 64985
0.80 65086
0.56 65186
0.51 65288
0.69 65389
1.49 65489
3.10 65591
4.22 65691
5.22 65793
7.12 65894
7.08 65994
6.34 66096
5.08 66196
3.91 66297
3.57 66399
4.14 66499
4.80 66600
4.18 66702
3.23 66802
2.02 66904
1.35 67004
0.91 67105
0.63 67207
0.41 67307
0.28 67408
0.36 67509
0.60 67610
1.26 67712
1.74 67812
1.80 67913
1.54 68015
1.47 68115
1.80 68216
2.47 68317
2.76 68418
3.03 68519
2.75 68620
2.50 68721
2.36 68822
2.43 68923
2.08 69024
1.82 69125
2.66 69226
3.22 69327
3.27 69428
3.31 69529
3.22 69629
3.06 69731
2.46 69832
1.15 69933
0.80 70034
0.74 70135
0.66 70236
0.49 70337
0.45 70437
0.49 70539
0.48 70640
0.42 70740
0.54 70842
0.71 70942
0.80 71044
0.97 71145
1.32 71245
1.33 71347
1.07 71448
0.59 71548
0.50 71650
0.41 71750
0.38 71852
0.42 71953
0.51 72053
0.64 72155
0.72 72255
0.74 72356
0.72 72458
0.68 72558
0.60 72659
0.57 72760
0.57 72861
0.45 72963
0.39 73063
0.66 73164
0.74 73266
0.62 73366
0.51 73467
0.45 73568
0.44 73669
0.41 73771
0.43 73871
0.32 73972
0.28 74073
0.29 74174
0.30 74275
0.30 74376
0.28 74477
0