=~=~=~=~=~=~=~=~=~=~=~= PuTTY log 2024.05.02 11:21:10 =~=~=~=~=~=~=~=~=~=~=~=
-0.41 70842
1 161148
0.01 161250
0.01 161351
0.01 161452
0.01 161553
01 160644
0.01 160745
0.01 160845
0.01 160947
0.01 161048
0.01 161148
0.01 161250
0.01 161351
0.01 161452
0.01 161553
SEEING EYE FORCE DATA COLLECION
Scale setup in 5 seconds
Setting up scale...
READINGS, KGs:
0.00 5839
0.00 5941
-0.00 6042
-0.00 6142
0.00 6244
0.00 6344
-0.00 6446
0.00 6546
0.00 6647
0.00 6748
-0.00 6849
-0.00 6950
0.00 7051
-0.00 7152
-0.00 7252
-0.00 7354
-0.00 7454
-0.01 7556
-0.02 7656
-0.01 7757
0.00 7859
0.01 7959
-0.04 8060
-0.08 8161
-0.08 8262
-0.06 8363
-0.07 8464
-0.07 8565
-0.07 8666
-0.07 8767
-0.07 8867
-0.08 8969
-0.07 9069
-0.06 9170
-0.05 9272
-0.01 9372
0.05 9474
0.08 9574
0.10 9675
0.14 9776
0.14 9877
0.14 9977
0.18 10079
0.14 10180
0.00 10280
-0.08 10382
-0.09 10482
-0.09 10584
-0.09 10685
-0.07 10785
-0.07 10887
-0.08 10988
-0.07 11088
-0.07 11190
-0.07 11290
-0.06 11392
-0.06 11493
-0.06 11593
-0.06 11695
-0.07 11795
-0.07 11896
-0.07 11998
-0.07 12098
-0.07 12199
-0.07 12300
-0.06 12401
-0.07 12503
-0.07 12603
-0.07 12704
-0.07 12805
-0.07 12906
-0.07 13007
-0.07 13108
-0.07 13209
-0.07 13310
-0.06 13411
-0.07 13512
-0.07 13613
-0.06 13714
-0.07 13815
-0.07 13916
-0.07 14017
-0.07 14117
-0.06 14219
-0.06 14320
-0.07 14420
-0.07 14522
-0.07 14622
-0.07 14724
-0.07 14825
-0.06 14925
-0.07 15027
-0.06 15127
-0.06 15228
-0.07 15330
-0.06 15430
-0.05 15532
-0.04 15633
-0.02 15733
-0.02 15835
-0.02 15935
-0.03 16036
-0.04 16138
-0.05 16238
-0.05 16339
-0.06 16440
-0.04 16541
-0.02 16643
-0.04 16743
-0.08 16844
-0.07 16945
-0.04 17046
-0.04 17147
-0.04 17248
-0.05 17349
-0.04 17449
-0.06 17551
-0.08 17652
-0.08 17753
-0.03 17854
-0.03 17955
-0.02 18056
0.06 18157
0.04 18257
-0.02 18359
-0.07 18460
-0.06 18561
-0.04 18662
-0.05 18762
-0.04 18864
-0.04 18965
-0.05 19065
-0.06 19167
-0.06 19267
-0.06 19368
-0.05 19470
-0.05 19570
-0.05 19672
-0.05 19772
-0.05 19873
-0.05 19975
-0.05 20075
-0.06 20176
-0.06 20278
-0.06 20378
-0.06 20480
-0.06 20580
-0.06 20681
-0.06 20783
-0.06 20883
-0.06 20984
-0.05 21085
-0.05 21186
-0.05 21287
-0.05 21388
-0.05 21489
-0.05 21590
-0.05 21691
-0.05 21792
-0.05 21893
-0.05 21994
-0.05 22094
-0.04 22196
-0.04 22297
-0.05 22397
-0.05 22499
-0.05 22600
-0.05 22701
-0.05 22802
-0.05 22902
-0.05 23004
-0.05 23105
-0.05 23205
-0.05 23307
-0.05 23407
-0.06 23508
-0.05 23610
-0.05 23710
-0.05 23812
-0.06 23912
-0.07 24013
-0.07 24115
-0.08 24215
-0.08 24316
-0.08 24417
-0.08 24518
-0.08 24620
-0.08 24720
-0.08 24821
-0.09 24922
-0.09 25023
-0.09 25124
-0.09 25225
-0.09 25326
-0.09 25427
-0.09 25528
-0.09 25629
-0.09 25730
-0.09 25831
-0.09 25932
-0.09 26033
-0.09 26134
-0.09 26234
-0.09 26336
-0.09 26437
-0.09 26537
-0.09 26639
-0.09 26739
-0.09 26841
-0.09 26942
-0.09 27042
-0.09 27144
-0.09 27244
-0.09 27345
-0.10 27447
-0.10 27547
-0.09 27649
-0.09 27750
-0.09 27850
-0.10 27952
-0.10 28052
-0.10 28153
-0.10 28255
-0.10 28355
-0.10 28456
-0.10 28557
-0.10 28658
-0.10 28760
-0.10 28860
-0.09 28961
-0.09 29063
-0.10 29163
-0.10 29264
-0.10 29365
-0.10 29466
-0.10 29568
-0.10 29668
-0.10 29769
-0.09 29870
-0.09 29971
-0.10 30072
-0.10 30173
-0.10 30274
-0.10 30375
-0.10 30476
-0.10 30577
-0.09 30678
-0.09 30779
-0.09 30880
-0.09 30981
-0.09 31082
-0.09 31182
-0.09 31284
-0.10 31385
-0.10 31485
-0.10 31587
-0.10 31688
-0.09 31789
-0.09 31890
-0.09 31990
-0.09 32092
-0.09 32193
-0.09 32293
-0.10 32395
-0.10 32495
-0.09 32596
-0.09 32698
-0.09 32798
-0.10 32900
-0.10 33000
-0.10 33101
-0.10 33203
-0.09 33303
-0.09 33404
-0.09 33506
-0.09 33606
-0.09 33708
-0.09 33808
-0.10 33909
-0.10 34011
-0.10 34111
-0.09 34212
-0.09 34313
-0.09 34414
-0.09 34515
-0.10 34616
-0.10 34717
-0.09 34819
-0.09 34919
-0.09 35020
-0.09 35121
-0.09 35222
-0.09 35323
-0.09 35424
-0.10 35525
-0.10 35625
-0.09 35727
-0.09 35828
-0.09 35929
-0.09 36030
-0.09 36130
-0.09 36232
-0.09 36333
-0.09 36433
-0.09 36535
-0.09 36635
-0.09 36737
-0.09 36838
-0.09 36938
-0.09 37040
-0.09 37141
-0.09 37241
-0.09 37343
-0.09 37443
-0.09 37544
-0.09 37646
-0.09 37746
-0.09 37848
-0.09 37948
-0.09 38049
-0.09 38151
-0.09 38251
-0.09 38352
-0.09 38453
-0.09 38554
-0.08 38656
-0.06 38756
-0.04 38857
-0.05 38958
-0.01 39059
0.00 39160
0.01 39261
-0.01 39362
-0.00 39463
-0.02 39564
-0.04 39665
-0.03 39766
-0.05 39867
-0.02 39968
-0.06 40069
-0.07 40170
-0.07 40270
-0.07 40372
-0.07 40473
-0.06 40573
-0.09 40675
-0.08 40775
-0.06 40877
0.01 40978
0.06 41078
0.06 41180
0.48 41280
1.45 41381
2.28 41483
4.39 41583
5.37 41684
6.27 41786
6.10 41886
3.81 41988
1.23 42088
0.19 42189
-0.06 42291
0.00 42391
-0.01 42492
-0.04 42593
-0.04 42694
-0.00 42796
0.03 42896
-0.00 42997
-0.01 43099
-0.01 43199
0.04 43300
0.20 43401
0.27 43502
0.86 43603
3.08 43704
3.62 43805
4.32 43906
3.15 44007
1.81 44108
0.92 44209
0.32 44310
0.05 44410
-0.04 44512
-0.04 44613
-0.03 44713
-0.05 44815
-0.04 44916
-0.01 45017
-0.04 45118
-0.05 45218
-0.04 45320
-0.04 45421
-0.06 45521
-0.06 45623
-0.02 45723
0.04 45825
0.50 45926
3.12 46026
5.15 46128
6.14 46229
6.32 46329
5.59 46431
2.57 46531
1.60 46632
1.32 46734
1.47 46834
1.38 46936
1.32 47036
1.37 47137
1.26 47239
1.00 47339
1.02 47440
1.13 47542
0.92 47642
0.55 47744
0.59 47844
0.50 47945
0.41 48047
0.14 48147
0.12 48248
0.22 48349
0.72 48450
1.79 48551
3.97 48652
6.16 48753
6.54 48855
6.00 48955
1.39 49056
0.41 49157
0.08 49258
-0.02 49359
-0.04 49460
-0.02 49561
0.10 49661
0.25 49763
0.22 49864
0.23 49965
0.17 50066
0.15 50166
0.10 50268
0.10 50369
0.13 50469
0.10 50571
0.37 50672
2.10 50772
2.97 50874
3.59 50974
3.84 51076
2.76 51177
1.59 51277
0.82 51379
0.06 51479
-0.00 51580
-0.04 51682
-0.04 51782
-0.04 51884
-0.05 51984
-0.04 52085
-0.01 52187
0.02 52287
0.03 52388
-0.01 52490
-0.04 52590
-0.04 52691
-0.04 52792
-0.02 52893
0.19 52995
1.80 53095
8.07 53196
8.20 53297
6.27 53398
3.76 53499
1.73 53600
0.85 53701
0.52 53803
0.57 53903
0.34 54004
0.31 54105
0.39 54206
0.50 54307
0.34 54408
0.24 54509
0.27 54609
0.26 54711
0.30 54812
0.27 54913
0.24 55014
0.12 55114
-0.02 55216
-0.05 55317
-0.02 55417
0.07 55519
0.12 55619
0.18 55720
0.20 55822
0.12 55922
0.11 56024
0.15 56125
0.11 56225
0.06 56327
0.11 56427
0.30 56528
0.39 56630
0.29 56730
0.49 56832
0.49 56932
0.43 57033
0.44 57135
0.51 57235
0.84 57336
0.48 57438
0.28 57538
0.27 57639
0.20 57740
0.17 57841
0.16 57943
0.18 58043
0.08 58144
0.07 58245
0.06 58346
0.04 58447
0.02 58548
0.01 58649
-0.01 58749
-0.05 58851
-0.01 58952
-0.02 59053
0.01 59154
0.01 59254
0.02 59356
0.03 59457
0.05 59557
0.10 59659
0.24 59759
0.04 59860
-0.08 59962
-0.10 60062
-0.07 60164
-0.04 60265
-0.05 60365
-0.08 60467
-0.09 60567
-0.08 60668
-0.07 60770
-0.07 60870
-0.07 60972
-0.08 61072
-0.10 61173
-0.09 61275
-0.10 61375
-0.05 61476
-0.06 61577
-0.07 61678
-0.06 61779
-0.03 61880
-0.02 61981
-0.04 62083
-0.05 62183
-0.05 62284
-