=~=~=~=~=~=~=~=~=~=~=~= PuTTY log 2024.05.02 09:37:53 =~=~=~=~=~=~=~=~=~=~=~=
0.1558
-0.00 196660
-0.00 196761

-0.00 195952
-0.00 196054
-0.00 196155
-0.00 196255
-0.00 196357
-0.00 196458
-0.00 196558
-0.00 196660
-0.00 196761

-0.00 195952
-0.00 196054
-0.00 196155
-0.00 196255
-0.00 196357
-0.00 196458
-0.00 196558
-0.00 196660
-0.00 196761
SEEING EYE FORCE DATA COLLECION
Scale setup in 5 seconds
Setting up scale...
READINGS, KGs:
-0.00 5823
0.00 5923
0.00 6025
0.00 6126
-0.00 6226
0.00 6328
0.00 6428
0.00 6530
0.00 6630
0.00 6731
-0.00 6832
-0.00 6933
-0.00 7034
-0.00 7135
0.00 7236
-0.00 7336
0.00 7438
0.00 7538
-0.00 7640
-0.00 7741
-0.00 7841
-0.00 7943
0.00 8043
0.02 8144
0.05 8245
-0.02 8346
0.02 8446
0.06 8548
0.12 8649
0.12 8750
0.09 8851
0.05 8951
0.02 9053
-0.01 9153
-0.01 9254
0.00 9356
0.01 9456
-0.01 9558
-0.05 9658
-0.09 9759
-0.09 9860
-0.08 9961
-0.08 10061
-0.08 10163
-0.08 10264
-0.08 10364
-0.07 10466
-0.05 10567
-0.03 10668
0.01 10769
-0.05 10869
-0.09 10971
-0.09 11072
-0.10 11172
-0.10 11274
-0.08 11374
-0.07 11475
-0.08 11577
-0.09 11677
-0.08 11779
-0.07 11879
-0.07 11980
-0.06 12082
-0.05 12182
-0.04 12283
-0.02 12384
0.11 12485
0.17 12587
0.23 12687
0.25 12788
0.26 12890
0.22 12990
0.22 13091
0.22 13192
0.23 13293
0.26 13394
0.32 13495
0.38 13596
0.42 13697
0.47 13798
0.48 13899
0.47 14000
0.40 14101
0.37 14201
0.34 14303
0.29 14404
0.25 14504
0.24 14606
0.25 14706
0.26 14808
0.29 14909
0.29 15009
0.27 15111
0.28 15212
0.26 15312
0.22 15414
0.20 15514
0.19 15616
0.18 15717
0.16 15817
0.17 15919
0.18 16019
0.19 16120
0.19 16222
0.16 16322
0.14 16423
0.14 16524
0.12 16625
0.12 16727
0.10 16827
0.09 16928
0.10 17030
0.09 17130
0.07 17231
0.06 17332
0.06 17433
0.07 17534
0.08 17635
0.07 17736
0.08 17837
0.08 17938
0.07 18039
0.08 18140
0.08 18241
0.08 18341
0.06 18443
0.05 18544
0.04 18644
0.04 18746
0.05 18846
0.05 18948
0.05 19049
0.05 19149
0.05 19251
0.05 19351
0.04 19452
0.04 19554
0.04 19654
0.04 19756
0.03 19856
0.03 19957
0.04 20059
0.04 20159
0.05 20260
0.06 20361
0.07 20462
0.09 20563
0.11 20664
0.13 20765
0.13 20866
0.15 20967
0.15 21068
0.14 21169
0.14 21270
0.16 21371
0.17 21472
0.20 21573
0.21 21673
0.21 21775
0.21 21876
0.19 21977
0.16 22078
0.15 22178
0.15 22280
0.09 22381
0.06 22481
0.04 22583
0.04 22683
0.06 22785
0.06 22886
0.06 22986
0.05 23088
0.03 23188
0.03 23289
0.03 23391
0.03 23491
0.03 23592
0.05 23693
0.07 23794
0.08 23896
0.10 23996
0.11 24097
0.13 24199
0.14 24299
0.14 24400
0.14 24501
0.14 24602
0.13 24704
0.12 24804
0.13 24905
0.13 25006
0.14 25107
0.15 25208
0.14 25309
0.13 25410
0.13 25510
0.13 25612
0.13 25713
0.12 25814
0.13 25915
0.13 26016
0.13 26117
0.14 26218
0.14 26318
0.15 26420
0.16 26521
0.17 26621
0.16 26723
0.17 26823
0.17 26925
0.18 27026
0.18 27126
0.18 27228
0.16 27328
0.15 27429
0.14 27531
0.14 27631
0.14 27732
0.14 27834
0.14 27934
0.14 28036
0.14 28136
0.15 28237
0.16 28339
0.16 28439
0.15 28540
0.15 28641
0.14 28742
0.14 28844
0.13 28944
0.13 29045
0.13 29146
0.13 29247
0.13 29348
0.13 29449
0.14 29550
0.15 29650
0.14 29752
0.14 29853
0.15 29954
0.15 30055
0.15 30156
0.14 30257
0.12 30358
0.11 30458
0.09 30560
0.05 30661
0.04 30761
0.04 30863
0.03 30963
0.04 31065
0.04 31166
0.05 31266
0.05 31368
0.07 31468
0.08 31569
0.08 31671
0.08 31771
0.09 31873
0.10 31973
0.09 32074
0.09 32176
0.07 32276
0.07 32377
0.06 32478
0.05 32579
0.05 32680
0.06 32781
0.06 32882
0.06 32983
0.11 33084
0.11 33185
0.12 33286
0.14 33387
0.17 33488
0.17 33589
0.17 33690
0.17 33790
0.18 33892
0.18 33993
0.18 34094
0.18 34195
0.18 34295
0.17 34397
0.17 34498
0.15 34598
0.12 34700
0.11 34800
0.11 34902
0.10 35003
0.11 35103
0.09 35205
0.10 35306
0.11 35406
0.10 35508
0.11 35608
0.11 35709
0.10 35811
0.11 35911
0.11 36013
0.12 36113
0.12 36214
0.11 36316
0.11 36416
0.11 36517
0.10 36618
0.10 36719
0.10 36820
0.09 36921
0.09 37022
0.08 37124
0.08 37224
0.08 37325
0.08 37426
0.08 37527
0.07 37628
0.07 37729
0.06 37830
0.06 37931
0.06 38032
0.06 38133
0.07 38234
0.07 38335
0.08 38435
0.08 38537
0.09 38638
0.09 38738
0.09 38840
0.10 38940
0.10 39042
0.09 39143
0.09 39243
0.08 39345
0.06 39445
0.05 39546
0.03 39648
0.02 39748
0.01 39849
0.00 39950
-0.00 40051
-0.00 40153
-0.01 40253
-0.01 40354
-0.01 40455
-0.01 40556
-0.00 40657
0.00 40758
-0.00 40859
0.00 40961
0.01 41061
0.01 41162
0.01 41263
0.02 41364
0.02 41465
0.02 41566
0.03 41667
0.03 41767
0.03 41869
0.03 41970
0.03 42071
0.05 42172
0.06 42272
0.07 42374
0.06 42475
0.05 42575
0.06 42677
0.07 42777
0.08 42878
0.07 42980
0.07 43080
0.07 43182
0.07 43282
0.07 43383
0.07 43485
0.06 43585
0.05 43686
0.05 43787
0.05 43888
0.05 43990
0.05 44090
0.05 44191
0.05 44292
0.06 44393
0.06 44494
0.06 44595
0.07 44696
0.08 44796
0.09 44898
0.12 44999
0.17 45100
0.31 45201
0.71 45302
1.29 45403
1.62 45504
1.38 45604
1.30 45706
1.51 45807
1.46 45907
1.11 46009
0.70 46109
0.36 46211
0.25 46312
0.21 46412
0.17 46514
0.09 46614
0.06 46715
0.06 46817
0.04 46917
0.07 47019
0.55 47120
0.66 47220
0.76 47322
0.97 47422
1.28 47523
1.33 47625
1.25 47725
1.64 47826
2.28 47927
2.31 48028
2.86 48130
3.76 48230
4.30 48331
4.86 48433
5.16 48533
5.29 48634
5.13 48735
4.01 48836
2.85 48937
2.48 49038
2.23 49139
2.06 49240
2.14 49341
1.72 49442
1.27 49543
1.08 49644
0.84 49745
0.88 49846
0.98 49947
0.91 50048
0.82 50149
0.88 50250
0.91 50351
0.64 50452
0.52 50552
0.45 50654
0.48 50755
0.52 50855
0.56 50957
0.57 51058
0.39 51159
0.65 51260
1.22 51360
2.01 51462
2.87 51563
3.75 51663
4.05 51765
4.08 51865
4.25 51966
4.67 52068
4.76 52168
5.16 52270
5.43 52371
5.23 52471
4.79 52573
4.10 52673
3.48 52774
1.98 52876
0.91 52976
0.56 53078
0.36 53178
0.11 53279
0.03 53381
0.04 53481
0.06 53582
0.05 53683
0.02 53784
0.02 53885
0.02 53986
0.03 54087
0.00 54189
-0.01 54289
-0.01 54390
-0.01 54491
-0.02 54592
-0.02 54693
-0.01 54794
0.00 54895
0.06 54995
0.18 55097
0.46 55198
3.29 55299
5.94 55400
7.85 55500
7.51 55602
6.19 55703
5.59 55803
5.44 55905
4.90 56006
4.66 56107
4.25 56208
4.25 56308
4.07 56410
3.15 56511
1.64 56611
0.85 56713
0.57 56813
0.55 56914
0.51 57016
0.42 57116
0.31 57218
0.20 57319
0.13 57419
0.09 57521
0.06 57621
0.04 57722
0.04 57824
0.08 57924
0.07 58025
0.06 58126
0.06 58227
0.10 58329
0.15 58429
0.14 58530
0.18 58631
0.17 58732
0.12 58833
0.16 58934
0.26 59035
0.63 59136
1.49 59237
2.44 59338
4.73 59439
5.98 59540
6.46 59641
6.31 59742
5.85 59843
5.48 59943
4.96 60045
4.07 60146
2.22 60247
1.45 60348
0.99 60449
0.77 60550
0.49 60651
0.34 60751
0.26 60853
0.46 60954
0.84 61054
1.12 61156
0.98 61256
1.17 61358
1.47 61459
1.74 61559
1.76 61661
1.39 61762
0.83 61862
0.36 61964
0.31 62064
0.20 62166
0.08 62267
0.03 62367
0.01 62469
-0.02 62569
-0.03 62670
-0.01 62772
0.00 62872
0.05 62973
0.13 63074
0.42 63175
1.40 63277
2.76 63377
3.35 63478
4.62 63580
5.12 63680
4.75 63781
4.43 63882
4.31 63983
4.51 64084
5.00 64185
5.38 64286
6.16 64387
6.47 64488
6.38 64589
5.55 64690
4.03 64791
2.53 64892
1.79 64993
1.43 65094
0.42 65195
0.37 65296
0.39 65397
0.33 65498
0.36 65599
0.40 65699
0.49 65801
0.64 65902
0.96 66002
1.25 66104
0.72 66205
0.40 66306
0.25 66407
0.20 66507
0.18 66609
0.15 66710
0.12 66810
0.06 66912
0.03 67012
0.02 67113
0.00 67215
-0.01 67315
-0.02 67417
-0.04 67517
-0.05 67618
-0.02 67720
-0.02 67820
-0.01 67921
-0.01 68022
-0.01 68123
-0.01 68225
-0.02 68325
-0.02 68426
-0.04 68528
-0.03 68628
-0.03 68729
-0.02 68830
-0.02 68931
-0.02 69032
-0.04 69133
-0.05 69234
-0.06 69335
-0.07 69436
-0.06 69537
-0.06 69638
-0.06 69739
-0.06 69839
-0.08 69941
-0.07 70042
-0.08 70142
-0.08 70244
-0.07 70344
-0.06 70446
